<?xml version="1.0" encoding="UTF-8"?>
<TestRun id="668000a6-0523-45d9-8da7-6fd30fc0f479" name="Gary Hall@GARYHALL-PC 2010-08-13 14:22:59" runUser="GaryHall-PC\Gary Hall" xmlns="http://microsoft.com/schemas/VisualStudio/TeamTest/2010">
  <TestSettings name="Local" id="e533ef08-9b5d-45f9-9cf4-b65cf17f0508">
    <Description>These are default test settings for a local test run.</Description>
    <Deployment enabled="false" runDeploymentRoot="Gary Hall_GARYHALL-PC 2010-08-13 14_22_59">
      <DeploymentItem filename="D:\Users7\Gary Hall\Development\MyMoney.Model\MyMoney.Model\bin\Debug\MyMoney.Model.dll" />
    </Deployment>
    <Execution>
      <TestTypeSpecific />
      <AgentRule name="Execution Agents">
      </AgentRule>
    </Execution>
  </TestSettings>
  <Times creation="2010-08-13T14:22:59.4104935+01:00" queuing="2010-08-13T14:23:01.4166082+01:00" start="2010-08-13T14:23:01.5736172+01:00" finish="2010-08-13T14:23:19.4846417+01:00" />
  <ResultSummary outcome="Error">
    <Counters total="1" executed="1" error="0" failed="0" timeout="0" aborted="1" inconclusive="0" passedButRunAborted="0" notRunnable="0" notExecuted="0" disconnected="0" warning="0" passed="0" completed="0" inProgress="0" pending="0" />
    <RunInfos>
      <RunInfo computerName="GARYHALL-PC" outcome="Error" timestamp="2010-08-13T14:23:19.4826415+01:00">
        <Text>Test host process exited unexpectedly.</Text>
      </RunInfo>
    </RunInfos>
  </ResultSummary>
  <TestDefinitions>
    <UnitTest name="TestCalculateNewBalanceWithDepost" storage="d:\users7\gary hall\development\mymoney.model\mymoney.model.test\bin\debug\mymoney.model.test.dll" id="db77feae-09b4-89e8-7067-b755532cf45c">
      <Execution id="d85765fc-945c-4497-beb9-b9be864202df" />
      <TestMethod codeBase="D:/Users7/Gary Hall/Development/MyMoney.Model/MyMoney.Model.Test/bin/Debug/MyMoney.Model.Test.DLL" adapterTypeName="Microsoft.VisualStudio.TestTools.TestTypes.Unit.UnitTestAdapter, Microsoft.VisualStudio.QualityTools.Tips.UnitTest.Adapter, Version=10.0.0.0, Culture=neutral, PublicKeyToken=b03f5f7f11d50a3a" className="MyMoney.Model.Test.EntryTests, MyMoney.Model.Test, Version=1.0.0.0, Culture=neutral, PublicKeyToken=null" name="TestCalculateNewBalanceWithDepost" />
    </UnitTest>
  </TestDefinitions>
  <TestLists>
    <TestList name="Results Not in a List" id="8c84fa94-04c1-424b-9868-57a2d4851a1d" />
    <TestList name="All Loaded Results" id="19431567-8539-422a-85d7-44ee4e166bda" />
  </TestLists>
  <TestEntries>
    <TestEntry testId="db77feae-09b4-89e8-7067-b755532cf45c" executionId="d85765fc-945c-4497-beb9-b9be864202df" testListId="8c84fa94-04c1-424b-9868-57a2d4851a1d" />
  </TestEntries>
  <Results>
    <UnitTestResult executionId="d85765fc-945c-4497-beb9-b9be864202df" testId="db77feae-09b4-89e8-7067-b755532cf45c" testName="TestCalculateNewBalanceWithDepost" computerName="GARYHALL-PC" duration="00:00:17.7750167" startTime="2010-08-13T14:23:01.7086249+01:00" endTime="2010-08-13T14:23:19.4836416+01:00" testType="13cdc9d9-ddb5-4fa4-a97d-d965ccfc6d4b" outcome="Aborted" testListId="8c84fa94-04c1-424b-9868-57a2d4851a1d" relativeResultsDirectory="d85765fc-945c-4497-beb9-b9be864202df">
    </UnitTestResult>
  </Results>
</TestRun>