<?xml version="1.0" encoding="UTF-8"?>
<TestRun id="bc8b61b6-b63d-4fe0-88f3-9cfadfdb9e30" name="Gary Hall@GARYHALL-PC 2010-08-30 18:38:43" runUser="GaryHall-PC\Gary Hall" xmlns="http://microsoft.com/schemas/VisualStudio/TeamTest/2010">
  <TestSettings name="Local" id="e533ef08-9b5d-45f9-9cf4-b65cf17f0508">
    <Description>These are default test settings for a local test run.</Description>
    <Deployment enabled="false" runDeploymentRoot="Gary Hall_GARYHALL-PC 2010-08-30 18_38_43">
      <DeploymentItem filename="D:\Users7\Gary Hall\Development\MyMoney.Model\MyMoney.ViewModel\bin\Debug\MyMoney.ViewModel.dll" />
      <DeploymentItem filename="D:\Users7\Gary Hall\Development\MyMoney.Model\MyMoney.Model\bin\Debug\MyMoney.Model.dll" />
    </Deployment>
    <Execution>
      <TestTypeSpecific />
      <AgentRule name="Execution Agents">
      </AgentRule>
    </Execution>
  </TestSettings>
  <Times creation="2010-08-30T18:38:43.8698445+01:00" queuing="2010-08-30T18:38:44.9059038+01:00" start="2010-08-30T18:38:44.9359055+01:00" finish="2010-08-30T18:38:45.8199560+01:00" />
  <ResultSummary outcome="Completed">
    <Counters total="37" executed="37" passed="37" error="0" failed="0" timeout="0" aborted="0" inconclusive="0" passedButRunAborted="0" notRunnable="0" notExecuted="0" disconnected="0" warning="0" completed="0" inProgress="0" pending="0" />
  </ResultSummary>
  <TestDefinitions>
    <UnitTest name="TestAccountsCannotBeDirectlyCyclical" storage="d:\users7\gary hall\development\mymoney.model\mymoney.model.test\bin\debug\mymoney.model.test.dll" id="719b99a2-ccd9-d901-c33e-c7ca5b16d735">
      <Execution id="8a4bf54d-5d2c-4be7-8062-12f17972c6d0" />
      <TestMethod codeBase="D:/Users7/Gary Hall/Development/MyMoney.Model/MyMoney.Model.Test/bin/Debug/MyMoney.Model.Test.DLL" adapterTypeName="Microsoft.VisualStudio.TestTools.TestTypes.Unit.UnitTestAdapter, Microsoft.VisualStudio.QualityTools.Tips.UnitTest.Adapter, Version=10.0.0.0, Culture=neutral, PublicKeyToken=b03f5f7f11d50a3a" className="MyMoney.Model.Test.CompositeAccountTests, MyMoney.Model.Test, Version=1.0.0.0, Culture=neutral, PublicKeyToken=null" name="TestAccountsCannotBeDirectlyCyclical" />
    </UnitTest>
    <UnitTest name="TestMoneyGreaterThan" storage="d:\users7\gary hall\development\mymoney.model\mymoney.model.test\bin\debug\mymoney.model.test.dll" id="a131c1cd-5ebb-f896-bf70-e19826c2755a">
      <Execution id="392f63dd-6b78-49aa-902e-aa00b36cf925" />
      <TestMethod codeBase="D:/Users7/Gary Hall/Development/MyMoney.Model/MyMoney.Model.Test/bin/Debug/MyMoney.Model.Test.DLL" adapterTypeName="Microsoft.VisualStudio.TestTools.TestTypes.Unit.UnitTestAdapter, Microsoft.VisualStudio.QualityTools.Tips.UnitTest.Adapter, Version=10.0.0.0, Culture=neutral, PublicKeyToken=b03f5f7f11d50a3a" className="MyMoney.Model.Test.MoneyTests, MyMoney.Model.Test, Version=1.0.0.0, Culture=neutral, PublicKeyToken=null" name="TestMoneyGreaterThan" />
    </UnitTest>
    <UnitTest name="TestDecimalSubtraction" storage="d:\users7\gary hall\development\mymoney.model\mymoney.model.test\bin\debug\mymoney.model.test.dll" id="ec648528-7639-30f5-a594-aa50e078b4a6">
      <Execution id="b77a10a9-e189-41da-88e2-4844b778f1bb" />
      <TestMethod codeBase="D:/Users7/Gary Hall/Development/MyMoney.Model/MyMoney.Model.Test/bin/Debug/MyMoney.Model.Test.DLL" adapterTypeName="Microsoft.VisualStudio.TestTools.TestTypes.Unit.UnitTestAdapter, Microsoft.VisualStudio.QualityTools.Tips.UnitTest.Adapter, Version=10.0.0.0, Culture=neutral, PublicKeyToken=b03f5f7f11d50a3a" className="MyMoney.Model.Test.MoneyTests, MyMoney.Model.Test, Version=1.0.0.0, Culture=neutral, PublicKeyToken=null" name="TestDecimalSubtraction" />
    </UnitTest>
    <UnitTest name="TestSimpleGBPAmount" storage="d:\users7\gary hall\development\mymoney.model\mymoney.viewmodel.test\bin\debug\mymoney.viewmodel.test.dll" id="c573a8cc-b339-9d86-475e-c296c732a297">
      <Execution id="9836cf3f-c71f-46f9-b738-55015b45cd39" />
      <TestMethod codeBase="D:/Users7/Gary Hall/Development/MyMoney.Model/MyMoney.ViewModel.Test/bin/Debug/MyMoney.ViewModel.Test.DLL" adapterTypeName="Microsoft.VisualStudio.TestTools.TestTypes.Unit.UnitTestAdapter, Microsoft.VisualStudio.QualityTools.Tips.UnitTest.Adapter, Version=10.0.0.0, Culture=neutral, PublicKeyToken=b03f5f7f11d50a3a" className="MyMoney.ViewModel.Test.MoneyViewModelTest, MyMoney.ViewModel.Test, Version=1.0.0.0, Culture=neutral, PublicKeyToken=null" name="TestSimpleGBPAmount" />
    </UnitTest>
    <UnitTest name="TestNetWorth" storage="d:\users7\gary hall\development\mymoney.model\mymoney.model.test\bin\debug\mymoney.model.test.dll" id="1fcf22cd-f54d-e1e6-fd31-6cfb148ed886">
      <Execution id="56ba4f95-7dff-4a8c-947a-37556c47b669" />
      <TestMethod codeBase="D:/Users7/Gary Hall/Development/MyMoney.Model/MyMoney.Model.Test/bin/Debug/MyMoney.Model.Test.DLL" adapterTypeName="Microsoft.VisualStudio.TestTools.TestTypes.Unit.UnitTestAdapter, Microsoft.VisualStudio.QualityTools.Tips.UnitTest.Adapter, Version=10.0.0.0, Culture=neutral, PublicKeyToken=b03f5f7f11d50a3a" className="MyMoney.Model.Test.PersonTests, MyMoney.Model.Test, Version=1.0.0.0, Culture=neutral, PublicKeyToken=null" name="TestNetWorth" />
    </UnitTest>
    <UnitTest name="TestMoneyLessThan_WithDifferentCurrencies" storage="d:\users7\gary hall\development\mymoney.model\mymoney.model.test\bin\debug\mymoney.model.test.dll" id="0e419ff0-125a-7bf6-462b-1ac3be8e60b3">
      <Execution id="89386a65-174c-4923-8826-a0f970419c7f" />
      <TestMethod codeBase="D:/Users7/Gary Hall/Development/MyMoney.Model/MyMoney.Model.Test/bin/Debug/MyMoney.Model.Test.DLL" adapterTypeName="Microsoft.VisualStudio.TestTools.TestTypes.Unit.UnitTestAdapter, Microsoft.VisualStudio.QualityTools.Tips.UnitTest.Adapter, Version=10.0.0.0, Culture=neutral, PublicKeyToken=b03f5f7f11d50a3a" className="MyMoney.Model.Test.MoneyTests, MyMoney.Model.Test, Version=1.0.0.0, Culture=neutral, PublicKeyToken=null" name="TestMoneyLessThan_WithDifferentCurrencies" />
    </UnitTest>
    <UnitTest name="TestMoneySubtraction" storage="d:\users7\gary hall\development\mymoney.model\mymoney.model.test\bin\debug\mymoney.model.test.dll" id="76663220-b66f-a344-1b95-70336a50cd79">
      <Execution id="df4aac03-1593-4028-b4cc-3297e59fc3eb" />
      <TestMethod codeBase="D:/Users7/Gary Hall/Development/MyMoney.Model/MyMoney.Model.Test/bin/Debug/MyMoney.Model.Test.DLL" adapterTypeName="Microsoft.VisualStudio.TestTools.TestTypes.Unit.UnitTestAdapter, Microsoft.VisualStudio.QualityTools.Tips.UnitTest.Adapter, Version=10.0.0.0, Culture=neutral, PublicKeyToken=b03f5f7f11d50a3a" className="MyMoney.Model.Test.MoneyTests, MyMoney.Model.Test, Version=1.0.0.0, Culture=neutral, PublicKeyToken=null" name="TestMoneySubtraction" />
    </UnitTest>
    <UnitTest name="TestRemoveAccount" storage="d:\users7\gary hall\development\mymoney.model\mymoney.model.test\bin\debug\mymoney.model.test.dll" id="4846a8e9-75dc-cada-1387-c372c7702a90">
      <Execution id="1bfd3fef-d738-4aea-bf8a-2ae78408235a" />
      <TestMethod codeBase="D:/Users7/Gary Hall/Development/MyMoney.Model/MyMoney.Model.Test/bin/Debug/MyMoney.Model.Test.DLL" adapterTypeName="Microsoft.VisualStudio.TestTools.TestTypes.Unit.UnitTestAdapter, Microsoft.VisualStudio.QualityTools.Tips.UnitTest.Adapter, Version=10.0.0.0, Culture=neutral, PublicKeyToken=b03f5f7f11d50a3a" className="MyMoney.Model.Test.CompositeAccountTests, MyMoney.Model.Test, Version=1.0.0.0, Culture=neutral, PublicKeyToken=null" name="TestRemoveAccount" />
    </UnitTest>
    <UnitTest name="TestNegativeGBPAmount" storage="d:\users7\gary hall\development\mymoney.model\mymoney.viewmodel.test\bin\debug\mymoney.viewmodel.test.dll" id="7525f8c9-a9cc-ce6e-158a-8531bc3dff4c">
      <Execution id="bb5eb9e5-9df9-43dc-90c8-28db3a8a4beb" />
      <TestMethod codeBase="D:/Users7/Gary Hall/Development/MyMoney.Model/MyMoney.ViewModel.Test/bin/Debug/MyMoney.ViewModel.Test.DLL" adapterTypeName="Microsoft.VisualStudio.TestTools.TestTypes.Unit.UnitTestAdapter, Microsoft.VisualStudio.QualityTools.Tips.UnitTest.Adapter, Version=10.0.0.0, Culture=neutral, PublicKeyToken=b03f5f7f11d50a3a" className="MyMoney.ViewModel.Test.MoneyViewModelTest, MyMoney.ViewModel.Test, Version=1.0.0.0, Culture=neutral, PublicKeyToken=null" name="TestNegativeGBPAmount" />
    </UnitTest>
    <UnitTest name="TestAccountBalanceAllDeposits" storage="d:\users7\gary hall\development\mymoney.model\mymoney.model.test\bin\debug\mymoney.model.test.dll" id="355d3f79-faa6-4ed9-bc49-0057d3295009">
      <Execution id="afab96f5-62f7-423d-b40c-3ae6f3cb5f42" />
      <TestMethod codeBase="D:/Users7/Gary Hall/Development/MyMoney.Model/MyMoney.Model.Test/bin/Debug/MyMoney.Model.Test.DLL" adapterTypeName="Microsoft.VisualStudio.TestTools.TestTypes.Unit.UnitTestAdapter, Microsoft.VisualStudio.QualityTools.Tips.UnitTest.Adapter, Version=10.0.0.0, Culture=neutral, PublicKeyToken=b03f5f7f11d50a3a" className="MyMoney.Model.Test.LeafAccountTests, MyMoney.Model.Test, Version=1.0.0.0, Culture=neutral, PublicKeyToken=null" name="TestAccountBalanceAllDeposits" />
    </UnitTest>
    <UnitTest name="TestMoneyEquality" storage="d:\users7\gary hall\development\mymoney.model\mymoney.model.test\bin\debug\mymoney.model.test.dll" id="78c91968-703b-bff5-6f93-3d07f3ffd761">
      <Execution id="ecfbfee9-e4a7-4d64-8e51-4cc51f60acb3" />
      <TestMethod codeBase="D:/Users7/Gary Hall/Development/MyMoney.Model/MyMoney.Model.Test/bin/Debug/MyMoney.Model.Test.DLL" adapterTypeName="Microsoft.VisualStudio.TestTools.TestTypes.Unit.UnitTestAdapter, Microsoft.VisualStudio.QualityTools.Tips.UnitTest.Adapter, Version=10.0.0.0, Culture=neutral, PublicKeyToken=b03f5f7f11d50a3a" className="MyMoney.Model.Test.MoneyTests, MyMoney.Model.Test, Version=1.0.0.0, Culture=neutral, PublicKeyToken=null" name="TestMoneyEquality" />
    </UnitTest>
    <UnitTest name="TestIntegerDivision" storage="d:\users7\gary hall\development\mymoney.model\mymoney.model.test\bin\debug\mymoney.model.test.dll" id="55d7d97b-90da-424d-f7a3-3b4d69b551e8">
      <Execution id="7b1d3aa1-c72d-4c78-a648-16bbda8777e0" />
      <TestMethod codeBase="D:/Users7/Gary Hall/Development/MyMoney.Model/MyMoney.Model.Test/bin/Debug/MyMoney.Model.Test.DLL" adapterTypeName="Microsoft.VisualStudio.TestTools.TestTypes.Unit.UnitTestAdapter, Microsoft.VisualStudio.QualityTools.Tips.UnitTest.Adapter, Version=10.0.0.0, Culture=neutral, PublicKeyToken=b03f5f7f11d50a3a" className="MyMoney.Model.Test.MoneyTests, MyMoney.Model.Test, Version=1.0.0.0, Culture=neutral, PublicKeyToken=null" name="TestIntegerDivision" />
    </UnitTest>
    <UnitTest name="TestAccountsWithSameNameCanExistInHierarchy" storage="d:\users7\gary hall\development\mymoney.model\mymoney.model.test\bin\debug\mymoney.model.test.dll" id="0df82333-8dd3-2386-4548-831092c0a100">
      <Execution id="1b1b233e-d398-462e-85e2-6c2b17b9060d" />
      <TestMethod codeBase="D:/Users7/Gary Hall/Development/MyMoney.Model/MyMoney.Model.Test/bin/Debug/MyMoney.Model.Test.DLL" adapterTypeName="Microsoft.VisualStudio.TestTools.TestTypes.Unit.UnitTestAdapter, Microsoft.VisualStudio.QualityTools.Tips.UnitTest.Adapter, Version=10.0.0.0, Culture=neutral, PublicKeyToken=b03f5f7f11d50a3a" className="MyMoney.Model.Test.CompositeAccountTests, MyMoney.Model.Test, Version=1.0.0.0, Culture=neutral, PublicKeyToken=null" name="TestAccountsWithSameNameCanExistInHierarchy" />
    </UnitTest>
    <UnitTest name="TestMoneyGreaterThanOrEqualTo" storage="d:\users7\gary hall\development\mymoney.model\mymoney.model.test\bin\debug\mymoney.model.test.dll" id="28f7f648-05a2-44d1-103b-7fd5a2e1924b">
      <Execution id="38340645-3e1f-4487-9389-0a0bbac7e3e0" />
      <TestMethod codeBase="D:/Users7/Gary Hall/Development/MyMoney.Model/MyMoney.Model.Test/bin/Debug/MyMoney.Model.Test.DLL" adapterTypeName="Microsoft.VisualStudio.TestTools.TestTypes.Unit.UnitTestAdapter, Microsoft.VisualStudio.QualityTools.Tips.UnitTest.Adapter, Version=10.0.0.0, Culture=neutral, PublicKeyToken=b03f5f7f11d50a3a" className="MyMoney.Model.Test.MoneyTests, MyMoney.Model.Test, Version=1.0.0.0, Culture=neutral, PublicKeyToken=null" name="TestMoneyGreaterThanOrEqualTo" />
    </UnitTest>
    <UnitTest name="ItShouldDelegateToThePersonForTheNetWorth" storage="d:\users7\gary hall\development\mymoney.model\mymoney.viewmodel.test\bin\debug\mymoney.viewmodel.test.dll" id="7b376514-6f80-ca16-fb57-fb767aea817f">
      <Execution id="59b852fb-3a22-49b4-89c6-a742cfa74a37" />
      <TestMethod codeBase="D:/Users7/Gary Hall/Development/MyMoney.Model/MyMoney.ViewModel.Test/bin/Debug/MyMoney.ViewModel.Test.DLL" adapterTypeName="Microsoft.VisualStudio.TestTools.TestTypes.Unit.UnitTestAdapter, Microsoft.VisualStudio.QualityTools.Tips.UnitTest.Adapter, Version=10.0.0.0, Culture=neutral, PublicKeyToken=b03f5f7f11d50a3a" className="MyMoney.ViewModel.Test.MainWindowViewModelTests, MyMoney.ViewModel.Test, Version=1.0.0.0, Culture=neutral, PublicKeyToken=null" name="ItShouldDelegateToThePersonForTheNetWorth" />
    </UnitTest>
    <UnitTest name="TestMoneyAddition_WithDifferentCurrencies" storage="d:\users7\gary hall\development\mymoney.model\mymoney.model.test\bin\debug\mymoney.model.test.dll" id="8dcc9c7e-1445-b321-953e-5e9ded9d51f6">
      <Execution id="216e339b-4071-43d9-96a9-84708f192e19" />
      <TestMethod codeBase="D:/Users7/Gary Hall/Development/MyMoney.Model/MyMoney.Model.Test/bin/Debug/MyMoney.Model.Test.DLL" adapterTypeName="Microsoft.VisualStudio.TestTools.TestTypes.Unit.UnitTestAdapter, Microsoft.VisualStudio.QualityTools.Tips.UnitTest.Adapter, Version=10.0.0.0, Culture=neutral, PublicKeyToken=b03f5f7f11d50a3a" className="MyMoney.Model.Test.MoneyTests, MyMoney.Model.Test, Version=1.0.0.0, Culture=neutral, PublicKeyToken=null" name="TestMoneyAddition_WithDifferentCurrencies" />
    </UnitTest>
    <UnitTest name="TestAccountsCannotBeIndirectlyCyclical" storage="d:\users7\gary hall\development\mymoney.model\mymoney.model.test\bin\debug\mymoney.model.test.dll" id="84331712-c27b-c50b-772b-5da9c5e5f9ca">
      <Execution id="4aafcce0-d0ca-41d0-b766-30035267b146" />
      <TestMethod codeBase="D:/Users7/Gary Hall/Development/MyMoney.Model/MyMoney.Model.Test/bin/Debug/MyMoney.Model.Test.DLL" adapterTypeName="Microsoft.VisualStudio.TestTools.TestTypes.Unit.UnitTestAdapter, Microsoft.VisualStudio.QualityTools.Tips.UnitTest.Adapter, Version=10.0.0.0, Culture=neutral, PublicKeyToken=b03f5f7f11d50a3a" className="MyMoney.Model.Test.CompositeAccountTests, MyMoney.Model.Test, Version=1.0.0.0, Culture=neutral, PublicKeyToken=null" name="TestAccountsCannotBeIndirectlyCyclical" />
    </UnitTest>
    <UnitTest name="TestMoneyGreaterThanOrEqualTo_WithDifferentCurrencies" storage="d:\users7\gary hall\development\mymoney.model\mymoney.model.test\bin\debug\mymoney.model.test.dll" id="e3259fc0-849f-28fd-20c2-ca89775496f9">
      <Execution id="20d6e7bb-3050-48d8-a076-ebeddefca25c" />
      <TestMethod codeBase="D:/Users7/Gary Hall/Development/MyMoney.Model/MyMoney.Model.Test/bin/Debug/MyMoney.Model.Test.DLL" adapterTypeName="Microsoft.VisualStudio.TestTools.TestTypes.Unit.UnitTestAdapter, Microsoft.VisualStudio.QualityTools.Tips.UnitTest.Adapter, Version=10.0.0.0, Culture=neutral, PublicKeyToken=b03f5f7f11d50a3a" className="MyMoney.Model.Test.MoneyTests, MyMoney.Model.Test, Version=1.0.0.0, Culture=neutral, PublicKeyToken=null" name="TestMoneyGreaterThanOrEqualTo_WithDifferentCurrencies" />
    </UnitTest>
    <UnitTest name="TestMoneySubtraction_WithDifferentCurrencies" storage="d:\users7\gary hall\development\mymoney.model\mymoney.model.test\bin\debug\mymoney.model.test.dll" id="7de16891-0c69-f9dd-d022-02f5a9c59639">
      <Execution id="e99707c2-f2f2-47a0-a2ec-b70398d6f1e0" />
      <TestMethod codeBase="D:/Users7/Gary Hall/Development/MyMoney.Model/MyMoney.Model.Test/bin/Debug/MyMoney.Model.Test.DLL" adapterTypeName="Microsoft.VisualStudio.TestTools.TestTypes.Unit.UnitTestAdapter, Microsoft.VisualStudio.QualityTools.Tips.UnitTest.Adapter, Version=10.0.0.0, Culture=neutral, PublicKeyToken=b03f5f7f11d50a3a" className="MyMoney.Model.Test.MoneyTests, MyMoney.Model.Test, Version=1.0.0.0, Culture=neutral, PublicKeyToken=null" name="TestMoneySubtraction_WithDifferentCurrencies" />
    </UnitTest>
    <UnitTest name="TestMoneyLessThanOrEqualTo" storage="d:\users7\gary hall\development\mymoney.model\mymoney.model.test\bin\debug\mymoney.model.test.dll" id="24c04acd-26f2-cbd9-bbfa-3094dab94a1b">
      <Execution id="42013620-f02a-4a47-9247-2921a3d7afbd" />
      <TestMethod codeBase="D:/Users7/Gary Hall/Development/MyMoney.Model/MyMoney.Model.Test/bin/Debug/MyMoney.Model.Test.DLL" adapterTypeName="Microsoft.VisualStudio.TestTools.TestTypes.Unit.UnitTestAdapter, Microsoft.VisualStudio.QualityTools.Tips.UnitTest.Adapter, Version=10.0.0.0, Culture=neutral, PublicKeyToken=b03f5f7f11d50a3a" className="MyMoney.Model.Test.MoneyTests, MyMoney.Model.Test, Version=1.0.0.0, Culture=neutral, PublicKeyToken=null" name="TestMoneyLessThanOrEqualTo" />
    </UnitTest>
    <UnitTest name="TestNegativeUSDAmount" storage="d:\users7\gary hall\development\mymoney.model\mymoney.viewmodel.test\bin\debug\mymoney.viewmodel.test.dll" id="52dd4129-b1ee-c209-25fe-1e84cf03a0b4">
      <Execution id="f5254dbd-fc42-4c9d-aa07-fd5422284090" />
      <TestMethod codeBase="D:/Users7/Gary Hall/Development/MyMoney.Model/MyMoney.ViewModel.Test/bin/Debug/MyMoney.ViewModel.Test.DLL" adapterTypeName="Microsoft.VisualStudio.TestTools.TestTypes.Unit.UnitTestAdapter, Microsoft.VisualStudio.QualityTools.Tips.UnitTest.Adapter, Version=10.0.0.0, Culture=neutral, PublicKeyToken=b03f5f7f11d50a3a" className="MyMoney.ViewModel.Test.MoneyViewModelTest, MyMoney.ViewModel.Test, Version=1.0.0.0, Culture=neutral, PublicKeyToken=null" name="TestNegativeUSDAmount" />
    </UnitTest>
    <UnitTest name="TestRemoveAccount" storage="d:\users7\gary hall\development\mymoney.model\mymoney.model.test\bin\debug\mymoney.model.test.dll" id="99beaaa9-ba00-453d-6f49-d7020635f7ee">
      <Execution id="7a82606f-7fd2-4950-94bf-444d7b5904ba" />
      <TestMethod codeBase="D:/Users7/Gary Hall/Development/MyMoney.Model/MyMoney.Model.Test/bin/Debug/MyMoney.Model.Test.DLL" adapterTypeName="Microsoft.VisualStudio.TestTools.TestTypes.Unit.UnitTestAdapter, Microsoft.VisualStudio.QualityTools.Tips.UnitTest.Adapter, Version=10.0.0.0, Culture=neutral, PublicKeyToken=b03f5f7f11d50a3a" className="MyMoney.Model.Test.PersonTests, MyMoney.Model.Test, Version=1.0.0.0, Culture=neutral, PublicKeyToken=null" name="TestRemoveAccount" />
    </UnitTest>
    <UnitTest name="TestAccountOnlyAppearsOnceInHierarchy" storage="d:\users7\gary hall\development\mymoney.model\mymoney.model.test\bin\debug\mymoney.model.test.dll" id="447f6a17-9c3f-29ed-3a8a-ed52d629683f">
      <Execution id="83dc1b3c-bba0-4332-885f-76e4599c2276" />
      <TestMethod codeBase="D:/Users7/Gary Hall/Development/MyMoney.Model/MyMoney.Model.Test/bin/Debug/MyMoney.Model.Test.DLL" adapterTypeName="Microsoft.VisualStudio.TestTools.TestTypes.Unit.UnitTestAdapter, Microsoft.VisualStudio.QualityTools.Tips.UnitTest.Adapter, Version=10.0.0.0, Culture=neutral, PublicKeyToken=b03f5f7f11d50a3a" className="MyMoney.Model.Test.CompositeAccountTests, MyMoney.Model.Test, Version=1.0.0.0, Culture=neutral, PublicKeyToken=null" name="TestAccountOnlyAppearsOnceInHierarchy" />
    </UnitTest>
    <UnitTest name="TestSimpleUSDAmount" storage="d:\users7\gary hall\development\mymoney.model\mymoney.viewmodel.test\bin\debug\mymoney.viewmodel.test.dll" id="d1513a65-fdf8-872b-22b5-b71e36fa61db">
      <Execution id="f38a83de-827f-4291-b0a5-4fd539f210e5" />
      <TestMethod codeBase="D:/Users7/Gary Hall/Development/MyMoney.Model/MyMoney.ViewModel.Test/bin/Debug/MyMoney.ViewModel.Test.DLL" adapterTypeName="Microsoft.VisualStudio.TestTools.TestTypes.Unit.UnitTestAdapter, Microsoft.VisualStudio.QualityTools.Tips.UnitTest.Adapter, Version=10.0.0.0, Culture=neutral, PublicKeyToken=b03f5f7f11d50a3a" className="MyMoney.ViewModel.Test.MoneyViewModelTest, MyMoney.ViewModel.Test, Version=1.0.0.0, Culture=neutral, PublicKeyToken=null" name="TestSimpleUSDAmount" />
    </UnitTest>
    <UnitTest name="TestCalculateNewBalanceWithDeposit" storage="d:\users7\gary hall\development\mymoney.model\mymoney.model.test\bin\debug\mymoney.model.test.dll" id="9a8e8d08-2ba9-5e87-0fee-e892910cdbf8">
      <Execution id="259bd8f7-3b89-4972-acf2-17a7b6ac7e4e" />
      <TestMethod codeBase="D:/Users7/Gary Hall/Development/MyMoney.Model/MyMoney.Model.Test/bin/Debug/MyMoney.Model.Test.DLL" adapterTypeName="Microsoft.VisualStudio.TestTools.TestTypes.Unit.UnitTestAdapter, Microsoft.VisualStudio.QualityTools.Tips.UnitTest.Adapter, Version=10.0.0.0, Culture=neutral, PublicKeyToken=b03f5f7f11d50a3a" className="MyMoney.Model.Test.EntryTests, MyMoney.Model.Test, Version=1.0.0.0, Culture=neutral, PublicKeyToken=null" name="TestCalculateNewBalanceWithDeposit" />
    </UnitTest>
    <UnitTest name="TestAccountsWithSameNameCannotShareParent" storage="d:\users7\gary hall\development\mymoney.model\mymoney.model.test\bin\debug\mymoney.model.test.dll" id="2cf52dbe-eb7f-1137-b0bc-942374cee146">
      <Execution id="5f640918-a019-4725-9eb2-ca9b73133676" />
      <TestMethod codeBase="D:/Users7/Gary Hall/Development/MyMoney.Model/MyMoney.Model.Test/bin/Debug/MyMoney.Model.Test.DLL" adapterTypeName="Microsoft.VisualStudio.TestTools.TestTypes.Unit.UnitTestAdapter, Microsoft.VisualStudio.QualityTools.Tips.UnitTest.Adapter, Version=10.0.0.0, Culture=neutral, PublicKeyToken=b03f5f7f11d50a3a" className="MyMoney.Model.Test.CompositeAccountTests, MyMoney.Model.Test, Version=1.0.0.0, Culture=neutral, PublicKeyToken=null" name="TestAccountsWithSameNameCannotShareParent" />
    </UnitTest>
    <UnitTest name="TestCalculateNewBalanceWithWithdrawal" storage="d:\users7\gary hall\development\mymoney.model\mymoney.model.test\bin\debug\mymoney.model.test.dll" id="cf7300a1-3521-5eea-bdb6-deaacc452e6a">
      <Execution id="d30aa9e6-c7b3-4d54-98a1-a6ccf799a441" />
      <TestMethod codeBase="D:/Users7/Gary Hall/Development/MyMoney.Model/MyMoney.Model.Test/bin/Debug/MyMoney.Model.Test.DLL" adapterTypeName="Microsoft.VisualStudio.TestTools.TestTypes.Unit.UnitTestAdapter, Microsoft.VisualStudio.QualityTools.Tips.UnitTest.Adapter, Version=10.0.0.0, Culture=neutral, PublicKeyToken=b03f5f7f11d50a3a" className="MyMoney.Model.Test.EntryTests, MyMoney.Model.Test, Version=1.0.0.0, Culture=neutral, PublicKeyToken=null" name="TestCalculateNewBalanceWithWithdrawal" />
    </UnitTest>
    <UnitTest name="TestDecimalAddition" storage="d:\users7\gary hall\development\mymoney.model\mymoney.model.test\bin\debug\mymoney.model.test.dll" id="9b2d885b-a8a7-03c1-299f-d762e20ec0ee">
      <Execution id="c1bc94f3-8559-4613-bfd3-13fa3dbd891b" />
      <TestMethod codeBase="D:/Users7/Gary Hall/Development/MyMoney.Model/MyMoney.Model.Test/bin/Debug/MyMoney.Model.Test.DLL" adapterTypeName="Microsoft.VisualStudio.TestTools.TestTypes.Unit.UnitTestAdapter, Microsoft.VisualStudio.QualityTools.Tips.UnitTest.Adapter, Version=10.0.0.0, Culture=neutral, PublicKeyToken=b03f5f7f11d50a3a" className="MyMoney.Model.Test.MoneyTests, MyMoney.Model.Test, Version=1.0.0.0, Culture=neutral, PublicKeyToken=null" name="TestDecimalAddition" />
    </UnitTest>
    <UnitTest name="TestAddAccount" storage="d:\users7\gary hall\development\mymoney.model\mymoney.model.test\bin\debug\mymoney.model.test.dll" id="b2747cb5-7215-0a6d-5362-1b292dab29c8">
      <Execution id="cdb59d12-fb2b-47d4-ad3a-54813dcfaf8b" />
      <TestMethod codeBase="D:/Users7/Gary Hall/Development/MyMoney.Model/MyMoney.Model.Test/bin/Debug/MyMoney.Model.Test.DLL" adapterTypeName="Microsoft.VisualStudio.TestTools.TestTypes.Unit.UnitTestAdapter, Microsoft.VisualStudio.QualityTools.Tips.UnitTest.Adapter, Version=10.0.0.0, Culture=neutral, PublicKeyToken=b03f5f7f11d50a3a" className="MyMoney.Model.Test.CompositeAccountTests, MyMoney.Model.Test, Version=1.0.0.0, Culture=neutral, PublicKeyToken=null" name="TestAddAccount" />
    </UnitTest>
    <UnitTest name="TestMoneyAddition" storage="d:\users7\gary hall\development\mymoney.model\mymoney.model.test\bin\debug\mymoney.model.test.dll" id="176a39b7-5a56-778d-3917-c9942629793d">
      <Execution id="f71da266-331a-42eb-a685-6c88a64e0061" />
      <TestMethod codeBase="D:/Users7/Gary Hall/Development/MyMoney.Model/MyMoney.Model.Test/bin/Debug/MyMoney.Model.Test.DLL" adapterTypeName="Microsoft.VisualStudio.TestTools.TestTypes.Unit.UnitTestAdapter, Microsoft.VisualStudio.QualityTools.Tips.UnitTest.Adapter, Version=10.0.0.0, Culture=neutral, PublicKeyToken=b03f5f7f11d50a3a" className="MyMoney.Model.Test.MoneyTests, MyMoney.Model.Test, Version=1.0.0.0, Culture=neutral, PublicKeyToken=null" name="TestMoneyAddition" />
    </UnitTest>
    <UnitTest name="TestMoneyInequality" storage="d:\users7\gary hall\development\mymoney.model\mymoney.model.test\bin\debug\mymoney.model.test.dll" id="8107676f-e16c-cdfd-b679-3689e4311f36">
      <Execution id="904f704d-7789-4e21-ab9f-2fe7f87b8b80" />
      <TestMethod codeBase="D:/Users7/Gary Hall/Development/MyMoney.Model/MyMoney.Model.Test/bin/Debug/MyMoney.Model.Test.DLL" adapterTypeName="Microsoft.VisualStudio.TestTools.TestTypes.Unit.UnitTestAdapter, Microsoft.VisualStudio.QualityTools.Tips.UnitTest.Adapter, Version=10.0.0.0, Culture=neutral, PublicKeyToken=b03f5f7f11d50a3a" className="MyMoney.Model.Test.MoneyTests, MyMoney.Model.Test, Version=1.0.0.0, Culture=neutral, PublicKeyToken=null" name="TestMoneyInequality" />
    </UnitTest>
    <UnitTest name="TestIntegerMultiplication" storage="d:\users7\gary hall\development\mymoney.model\mymoney.model.test\bin\debug\mymoney.model.test.dll" id="14c26f63-240b-e300-a8d6-f98af12ef12c">
      <Execution id="954396a2-0b5d-4ce4-869e-1ccd44d5ba0d" />
      <TestMethod codeBase="D:/Users7/Gary Hall/Development/MyMoney.Model/MyMoney.Model.Test/bin/Debug/MyMoney.Model.Test.DLL" adapterTypeName="Microsoft.VisualStudio.TestTools.TestTypes.Unit.UnitTestAdapter, Microsoft.VisualStudio.QualityTools.Tips.UnitTest.Adapter, Version=10.0.0.0, Culture=neutral, PublicKeyToken=b03f5f7f11d50a3a" className="MyMoney.Model.Test.MoneyTests, MyMoney.Model.Test, Version=1.0.0.0, Culture=neutral, PublicKeyToken=null" name="TestIntegerMultiplication" />
    </UnitTest>
    <UnitTest name="TestMoneyLessThanOrEqualTo_WithDifferentCurrencies" storage="d:\users7\gary hall\development\mymoney.model\mymoney.model.test\bin\debug\mymoney.model.test.dll" id="871f49a1-e582-cdac-a951-441af8971063">
      <Execution id="8b696692-1f50-4f66-a8d7-dc56a3cd43df" />
      <TestMethod codeBase="D:/Users7/Gary Hall/Development/MyMoney.Model/MyMoney.Model.Test/bin/Debug/MyMoney.Model.Test.DLL" adapterTypeName="Microsoft.VisualStudio.TestTools.TestTypes.Unit.UnitTestAdapter, Microsoft.VisualStudio.QualityTools.Tips.UnitTest.Adapter, Version=10.0.0.0, Culture=neutral, PublicKeyToken=b03f5f7f11d50a3a" className="MyMoney.Model.Test.MoneyTests, MyMoney.Model.Test, Version=1.0.0.0, Culture=neutral, PublicKeyToken=null" name="TestMoneyLessThanOrEqualTo_WithDifferentCurrencies" />
    </UnitTest>
    <UnitTest name="TestAddAccount" storage="d:\users7\gary hall\development\mymoney.model\mymoney.model.test\bin\debug\mymoney.model.test.dll" id="b5d2a033-45cf-3e8b-11d7-5e8ab35dc3ae">
      <Execution id="fe1d0bfd-cce0-4517-992c-98fed13a3c42" />
      <TestMethod codeBase="D:/Users7/Gary Hall/Development/MyMoney.Model/MyMoney.Model.Test/bin/Debug/MyMoney.Model.Test.DLL" adapterTypeName="Microsoft.VisualStudio.TestTools.TestTypes.Unit.UnitTestAdapter, Microsoft.VisualStudio.QualityTools.Tips.UnitTest.Adapter, Version=10.0.0.0, Culture=neutral, PublicKeyToken=b03f5f7f11d50a3a" className="MyMoney.Model.Test.PersonTests, MyMoney.Model.Test, Version=1.0.0.0, Culture=neutral, PublicKeyToken=null" name="TestAddAccount" />
    </UnitTest>
    <UnitTest name="TestMoneyLessThan" storage="d:\users7\gary hall\development\mymoney.model\mymoney.model.test\bin\debug\mymoney.model.test.dll" id="c1a50ef4-2314-875b-518e-aabf370704d1">
      <Execution id="fbb3ce90-8cd7-48d8-bc50-81f164f69621" />
      <TestMethod codeBase="D:/Users7/Gary Hall/Development/MyMoney.Model/MyMoney.Model.Test/bin/Debug/MyMoney.Model.Test.DLL" adapterTypeName="Microsoft.VisualStudio.TestTools.TestTypes.Unit.UnitTestAdapter, Microsoft.VisualStudio.QualityTools.Tips.UnitTest.Adapter, Version=10.0.0.0, Culture=neutral, PublicKeyToken=b03f5f7f11d50a3a" className="MyMoney.Model.Test.MoneyTests, MyMoney.Model.Test, Version=1.0.0.0, Culture=neutral, PublicKeyToken=null" name="TestMoneyLessThan" />
    </UnitTest>
    <UnitTest name="TestDefaultAccountBalanceIsZero" storage="d:\users7\gary hall\development\mymoney.model\mymoney.model.test\bin\debug\mymoney.model.test.dll" id="b1659d28-b526-6c16-48de-69e9c7dcfe18">
      <Execution id="effa8c2c-de2a-48a5-a175-2f5bf21fbf3e" />
      <TestMethod codeBase="D:/Users7/Gary Hall/Development/MyMoney.Model/MyMoney.Model.Test/bin/Debug/MyMoney.Model.Test.DLL" adapterTypeName="Microsoft.VisualStudio.TestTools.TestTypes.Unit.UnitTestAdapter, Microsoft.VisualStudio.QualityTools.Tips.UnitTest.Adapter, Version=10.0.0.0, Culture=neutral, PublicKeyToken=b03f5f7f11d50a3a" className="MyMoney.Model.Test.LeafAccountTests, MyMoney.Model.Test, Version=1.0.0.0, Culture=neutral, PublicKeyToken=null" name="TestDefaultAccountBalanceIsZero" />
    </UnitTest>
    <UnitTest name="TestMoneyGreaterThan_WithDifferentCurrencies" storage="d:\users7\gary hall\development\mymoney.model\mymoney.model.test\bin\debug\mymoney.model.test.dll" id="199832f9-d1c4-82b4-6ea8-6f9b106eb51f">
      <Execution id="f774fc24-3048-48ba-a13c-89d09dff2fa9" />
      <TestMethod codeBase="D:/Users7/Gary Hall/Development/MyMoney.Model/MyMoney.Model.Test/bin/Debug/MyMoney.Model.Test.DLL" adapterTypeName="Microsoft.VisualStudio.TestTools.TestTypes.Unit.UnitTestAdapter, Microsoft.VisualStudio.QualityTools.Tips.UnitTest.Adapter, Version=10.0.0.0, Culture=neutral, PublicKeyToken=b03f5f7f11d50a3a" className="MyMoney.Model.Test.MoneyTests, MyMoney.Model.Test, Version=1.0.0.0, Culture=neutral, PublicKeyToken=null" name="TestMoneyGreaterThan_WithDifferentCurrencies" />
    </UnitTest>
  </TestDefinitions>
  <TestLists>
    <TestList name="Results Not in a List" id="8c84fa94-04c1-424b-9868-57a2d4851a1d" />
    <TestList name="All Loaded Results" id="19431567-8539-422a-85d7-44ee4e166bda" />
  </TestLists>
  <TestEntries>
    <TestEntry testId="0df82333-8dd3-2386-4548-831092c0a100" executionId="1b1b233e-d398-462e-85e2-6c2b17b9060d" testListId="8c84fa94-04c1-424b-9868-57a2d4851a1d" />
    <TestEntry testId="0e419ff0-125a-7bf6-462b-1ac3be8e60b3" executionId="89386a65-174c-4923-8826-a0f970419c7f" testListId="8c84fa94-04c1-424b-9868-57a2d4851a1d" />
    <TestEntry testId="14c26f63-240b-e300-a8d6-f98af12ef12c" executionId="954396a2-0b5d-4ce4-869e-1ccd44d5ba0d" testListId="8c84fa94-04c1-424b-9868-57a2d4851a1d" />
    <TestEntry testId="176a39b7-5a56-778d-3917-c9942629793d" executionId="f71da266-331a-42eb-a685-6c88a64e0061" testListId="8c84fa94-04c1-424b-9868-57a2d4851a1d" />
    <TestEntry testId="199832f9-d1c4-82b4-6ea8-6f9b106eb51f" executionId="f774fc24-3048-48ba-a13c-89d09dff2fa9" testListId="8c84fa94-04c1-424b-9868-57a2d4851a1d" />
    <TestEntry testId="1fcf22cd-f54d-e1e6-fd31-6cfb148ed886" executionId="56ba4f95-7dff-4a8c-947a-37556c47b669" testListId="8c84fa94-04c1-424b-9868-57a2d4851a1d" />
    <TestEntry testId="24c04acd-26f2-cbd9-bbfa-3094dab94a1b" executionId="42013620-f02a-4a47-9247-2921a3d7afbd" testListId="8c84fa94-04c1-424b-9868-57a2d4851a1d" />
    <TestEntry testId="28f7f648-05a2-44d1-103b-7fd5a2e1924b" executionId="38340645-3e1f-4487-9389-0a0bbac7e3e0" testListId="8c84fa94-04c1-424b-9868-57a2d4851a1d" />
    <TestEntry testId="2cf52dbe-eb7f-1137-b0bc-942374cee146" executionId="5f640918-a019-4725-9eb2-ca9b73133676" testListId="8c84fa94-04c1-424b-9868-57a2d4851a1d" />
    <TestEntry testId="355d3f79-faa6-4ed9-bc49-0057d3295009" executionId="afab96f5-62f7-423d-b40c-3ae6f3cb5f42" testListId="8c84fa94-04c1-424b-9868-57a2d4851a1d" />
    <TestEntry testId="447f6a17-9c3f-29ed-3a8a-ed52d629683f" executionId="83dc1b3c-bba0-4332-885f-76e4599c2276" testListId="8c84fa94-04c1-424b-9868-57a2d4851a1d" />
    <TestEntry testId="4846a8e9-75dc-cada-1387-c372c7702a90" executionId="1bfd3fef-d738-4aea-bf8a-2ae78408235a" testListId="8c84fa94-04c1-424b-9868-57a2d4851a1d" />
    <TestEntry testId="52dd4129-b1ee-c209-25fe-1e84cf03a0b4" executionId="f5254dbd-fc42-4c9d-aa07-fd5422284090" testListId="8c84fa94-04c1-424b-9868-57a2d4851a1d" />
    <TestEntry testId="55d7d97b-90da-424d-f7a3-3b4d69b551e8" executionId="7b1d3aa1-c72d-4c78-a648-16bbda8777e0" testListId="8c84fa94-04c1-424b-9868-57a2d4851a1d" />
    <TestEntry testId="719b99a2-ccd9-d901-c33e-c7ca5b16d735" executionId="8a4bf54d-5d2c-4be7-8062-12f17972c6d0" testListId="8c84fa94-04c1-424b-9868-57a2d4851a1d" />
    <TestEntry testId="7525f8c9-a9cc-ce6e-158a-8531bc3dff4c" executionId="bb5eb9e5-9df9-43dc-90c8-28db3a8a4beb" testListId="8c84fa94-04c1-424b-9868-57a2d4851a1d" />
    <TestEntry testId="76663220-b66f-a344-1b95-70336a50cd79" executionId="df4aac03-1593-4028-b4cc-3297e59fc3eb" testListId="8c84fa94-04c1-424b-9868-57a2d4851a1d" />
    <TestEntry testId="78c91968-703b-bff5-6f93-3d07f3ffd761" executionId="ecfbfee9-e4a7-4d64-8e51-4cc51f60acb3" testListId="8c84fa94-04c1-424b-9868-57a2d4851a1d" />
    <TestEntry testId="7b376514-6f80-ca16-fb57-fb767aea817f" executionId="59b852fb-3a22-49b4-89c6-a742cfa74a37" testListId="8c84fa94-04c1-424b-9868-57a2d4851a1d" />
    <TestEntry testId="7de16891-0c69-f9dd-d022-02f5a9c59639" executionId="e99707c2-f2f2-47a0-a2ec-b70398d6f1e0" testListId="8c84fa94-04c1-424b-9868-57a2d4851a1d" />
    <TestEntry testId="8107676f-e16c-cdfd-b679-3689e4311f36" executionId="904f704d-7789-4e21-ab9f-2fe7f87b8b80" testListId="8c84fa94-04c1-424b-9868-57a2d4851a1d" />
    <TestEntry testId="84331712-c27b-c50b-772b-5da9c5e5f9ca" executionId="4aafcce0-d0ca-41d0-b766-30035267b146" testListId="8c84fa94-04c1-424b-9868-57a2d4851a1d" />
    <TestEntry testId="871f49a1-e582-cdac-a951-441af8971063" executionId="8b696692-1f50-4f66-a8d7-dc56a3cd43df" testListId="8c84fa94-04c1-424b-9868-57a2d4851a1d" />
    <TestEntry testId="8dcc9c7e-1445-b321-953e-5e9ded9d51f6" executionId="216e339b-4071-43d9-96a9-84708f192e19" testListId="8c84fa94-04c1-424b-9868-57a2d4851a1d" />
    <TestEntry testId="99beaaa9-ba00-453d-6f49-d7020635f7ee" executionId="7a82606f-7fd2-4950-94bf-444d7b5904ba" testListId="8c84fa94-04c1-424b-9868-57a2d4851a1d" />
    <TestEntry testId="9a8e8d08-2ba9-5e87-0fee-e892910cdbf8" executionId="259bd8f7-3b89-4972-acf2-17a7b6ac7e4e" testListId="8c84fa94-04c1-424b-9868-57a2d4851a1d" />
    <TestEntry testId="9b2d885b-a8a7-03c1-299f-d762e20ec0ee" executionId="c1bc94f3-8559-4613-bfd3-13fa3dbd891b" testListId="8c84fa94-04c1-424b-9868-57a2d4851a1d" />
    <TestEntry testId="a131c1cd-5ebb-f896-bf70-e19826c2755a" executionId="392f63dd-6b78-49aa-902e-aa00b36cf925" testListId="8c84fa94-04c1-424b-9868-57a2d4851a1d" />
    <TestEntry testId="b1659d28-b526-6c16-48de-69e9c7dcfe18" executionId="effa8c2c-de2a-48a5-a175-2f5bf21fbf3e" testListId="8c84fa94-04c1-424b-9868-57a2d4851a1d" />
    <TestEntry testId="b2747cb5-7215-0a6d-5362-1b292dab29c8" executionId="cdb59d12-fb2b-47d4-ad3a-54813dcfaf8b" testListId="8c84fa94-04c1-424b-9868-57a2d4851a1d" />
    <TestEntry testId="b5d2a033-45cf-3e8b-11d7-5e8ab35dc3ae" executionId="fe1d0bfd-cce0-4517-992c-98fed13a3c42" testListId="8c84fa94-04c1-424b-9868-57a2d4851a1d" />
    <TestEntry testId="c1a50ef4-2314-875b-518e-aabf370704d1" executionId="fbb3ce90-8cd7-48d8-bc50-81f164f69621" testListId="8c84fa94-04c1-424b-9868-57a2d4851a1d" />
    <TestEntry testId="c573a8cc-b339-9d86-475e-c296c732a297" executionId="9836cf3f-c71f-46f9-b738-55015b45cd39" testListId="8c84fa94-04c1-424b-9868-57a2d4851a1d" />
    <TestEntry testId="cf7300a1-3521-5eea-bdb6-deaacc452e6a" executionId="d30aa9e6-c7b3-4d54-98a1-a6ccf799a441" testListId="8c84fa94-04c1-424b-9868-57a2d4851a1d" />
    <TestEntry testId="d1513a65-fdf8-872b-22b5-b71e36fa61db" executionId="f38a83de-827f-4291-b0a5-4fd539f210e5" testListId="8c84fa94-04c1-424b-9868-57a2d4851a1d" />
    <TestEntry testId="e3259fc0-849f-28fd-20c2-ca89775496f9" executionId="20d6e7bb-3050-48d8-a076-ebeddefca25c" testListId="8c84fa94-04c1-424b-9868-57a2d4851a1d" />
    <TestEntry testId="ec648528-7639-30f5-a594-aa50e078b4a6" executionId="b77a10a9-e189-41da-88e2-4844b778f1bb" testListId="8c84fa94-04c1-424b-9868-57a2d4851a1d" />
  </TestEntries>
  <Results>
    <UnitTestResult executionId="1b1b233e-d398-462e-85e2-6c2b17b9060d" testId="0df82333-8dd3-2386-4548-831092c0a100" testName="TestAccountsWithSameNameCanExistInHierarchy" computerName="GARYHALL-PC" duration="00:00:00.0174211" startTime="2010-08-30T18:38:44.9409058+01:00" endTime="2010-08-30T18:38:45.2109212+01:00" testType="13cdc9d9-ddb5-4fa4-a97d-d965ccfc6d4b" outcome="Passed" testListId="8c84fa94-04c1-424b-9868-57a2d4851a1d" relativeResultsDirectory="1b1b233e-d398-462e-85e2-6c2b17b9060d">
    </UnitTestResult>
    <UnitTestResult executionId="89386a65-174c-4923-8826-a0f970419c7f" testId="0e419ff0-125a-7bf6-462b-1ac3be8e60b3" testName="TestMoneyLessThan_WithDifferentCurrencies" computerName="GARYHALL-PC" duration="00:00:00.0063318" startTime="2010-08-30T18:38:45.2149214+01:00" endTime="2010-08-30T18:38:45.2279222+01:00" testType="13cdc9d9-ddb5-4fa4-a97d-d965ccfc6d4b" outcome="Passed" testListId="8c84fa94-04c1-424b-9868-57a2d4851a1d" relativeResultsDirectory="89386a65-174c-4923-8826-a0f970419c7f">
    </UnitTestResult>
    <UnitTestResult executionId="954396a2-0b5d-4ce4-869e-1ccd44d5ba0d" testId="14c26f63-240b-e300-a8d6-f98af12ef12c" testName="TestIntegerMultiplication" computerName="GARYHALL-PC" duration="00:00:00.0026315" startTime="2010-08-30T18:38:45.2309224+01:00" endTime="2010-08-30T18:38:45.2389228+01:00" testType="13cdc9d9-ddb5-4fa4-a97d-d965ccfc6d4b" outcome="Passed" testListId="8c84fa94-04c1-424b-9868-57a2d4851a1d" relativeResultsDirectory="954396a2-0b5d-4ce4-869e-1ccd44d5ba0d">
    </UnitTestResult>
    <UnitTestResult executionId="f71da266-331a-42eb-a685-6c88a64e0061" testId="176a39b7-5a56-778d-3917-c9942629793d" testName="TestMoneyAddition" computerName="GARYHALL-PC" duration="00:00:00.0007393" startTime="2010-08-30T18:38:45.2409229+01:00" endTime="2010-08-30T18:38:45.2469233+01:00" testType="13cdc9d9-ddb5-4fa4-a97d-d965ccfc6d4b" outcome="Passed" testListId="8c84fa94-04c1-424b-9868-57a2d4851a1d" relativeResultsDirectory="f71da266-331a-42eb-a685-6c88a64e0061">
    </UnitTestResult>
    <UnitTestResult executionId="f774fc24-3048-48ba-a13c-89d09dff2fa9" testId="199832f9-d1c4-82b4-6ea8-6f9b106eb51f" testName="TestMoneyGreaterThan_WithDifferentCurrencies" computerName="GARYHALL-PC" duration="00:00:00.0008165" startTime="2010-08-30T18:38:45.2499234+01:00" endTime="2010-08-30T18:38:45.2569238+01:00" testType="13cdc9d9-ddb5-4fa4-a97d-d965ccfc6d4b" outcome="Passed" testListId="8c84fa94-04c1-424b-9868-57a2d4851a1d" relativeResultsDirectory="f774fc24-3048-48ba-a13c-89d09dff2fa9">
    </UnitTestResult>
    <UnitTestResult executionId="56ba4f95-7dff-4a8c-947a-37556c47b669" testId="1fcf22cd-f54d-e1e6-fd31-6cfb148ed886" testName="TestNetWorth" computerName="GARYHALL-PC" duration="00:00:00.0048778" startTime="2010-08-30T18:38:45.2609241+01:00" endTime="2010-08-30T18:38:45.2729248+01:00" testType="13cdc9d9-ddb5-4fa4-a97d-d965ccfc6d4b" outcome="Passed" testListId="8c84fa94-04c1-424b-9868-57a2d4851a1d" relativeResultsDirectory="56ba4f95-7dff-4a8c-947a-37556c47b669">
    </UnitTestResult>
    <UnitTestResult executionId="42013620-f02a-4a47-9247-2921a3d7afbd" testId="24c04acd-26f2-cbd9-bbfa-3094dab94a1b" testName="TestMoneyLessThanOrEqualTo" computerName="GARYHALL-PC" duration="00:00:00.0004594" startTime="2010-08-30T18:38:45.2749249+01:00" endTime="2010-08-30T18:38:45.2799252+01:00" testType="13cdc9d9-ddb5-4fa4-a97d-d965ccfc6d4b" outcome="Passed" testListId="8c84fa94-04c1-424b-9868-57a2d4851a1d" relativeResultsDirectory="42013620-f02a-4a47-9247-2921a3d7afbd">
    </UnitTestResult>
    <UnitTestResult executionId="38340645-3e1f-4487-9389-0a0bbac7e3e0" testId="28f7f648-05a2-44d1-103b-7fd5a2e1924b" testName="TestMoneyGreaterThanOrEqualTo" computerName="GARYHALL-PC" duration="00:00:00.0004385" startTime="2010-08-30T18:38:45.2829253+01:00" endTime="2010-08-30T18:38:45.2889257+01:00" testType="13cdc9d9-ddb5-4fa4-a97d-d965ccfc6d4b" outcome="Passed" testListId="8c84fa94-04c1-424b-9868-57a2d4851a1d" relativeResultsDirectory="38340645-3e1f-4487-9389-0a0bbac7e3e0">
    </UnitTestResult>
    <UnitTestResult executionId="5f640918-a019-4725-9eb2-ca9b73133676" testId="2cf52dbe-eb7f-1137-b0bc-942374cee146" testName="TestAccountsWithSameNameCannotShareParent" computerName="GARYHALL-PC" duration="00:00:00.0006028" startTime="2010-08-30T18:38:45.2919258+01:00" endTime="2010-08-30T18:38:45.2979262+01:00" testType="13cdc9d9-ddb5-4fa4-a97d-d965ccfc6d4b" outcome="Passed" testListId="8c84fa94-04c1-424b-9868-57a2d4851a1d" relativeResultsDirectory="5f640918-a019-4725-9eb2-ca9b73133676">
    </UnitTestResult>
    <UnitTestResult executionId="afab96f5-62f7-423d-b40c-3ae6f3cb5f42" testId="355d3f79-faa6-4ed9-bc49-0057d3295009" testName="TestAccountBalanceAllDeposits" computerName="GARYHALL-PC" duration="00:00:00.0016344" startTime="2010-08-30T18:38:45.2999263+01:00" endTime="2010-08-30T18:38:45.3069267+01:00" testType="13cdc9d9-ddb5-4fa4-a97d-d965ccfc6d4b" outcome="Passed" testListId="8c84fa94-04c1-424b-9868-57a2d4851a1d" relativeResultsDirectory="afab96f5-62f7-423d-b40c-3ae6f3cb5f42">
    </UnitTestResult>
    <UnitTestResult executionId="83dc1b3c-bba0-4332-885f-76e4599c2276" testId="447f6a17-9c3f-29ed-3a8a-ed52d629683f" testName="TestAccountOnlyAppearsOnceInHierarchy" computerName="GARYHALL-PC" duration="00:00:00.0005068" startTime="2010-08-30T18:38:45.3089268+01:00" endTime="2010-08-30T18:38:45.3139271+01:00" testType="13cdc9d9-ddb5-4fa4-a97d-d965ccfc6d4b" outcome="Passed" testListId="8c84fa94-04c1-424b-9868-57a2d4851a1d" relativeResultsDirectory="83dc1b3c-bba0-4332-885f-76e4599c2276">
    </UnitTestResult>
    <UnitTestResult executionId="1bfd3fef-d738-4aea-bf8a-2ae78408235a" testId="4846a8e9-75dc-cada-1387-c372c7702a90" testName="TestRemoveAccount" computerName="GARYHALL-PC" duration="00:00:00.0007214" startTime="2010-08-30T18:38:45.3169273+01:00" endTime="2010-08-30T18:38:45.3229276+01:00" testType="13cdc9d9-ddb5-4fa4-a97d-d965ccfc6d4b" outcome="Passed" testListId="8c84fa94-04c1-424b-9868-57a2d4851a1d" relativeResultsDirectory="1bfd3fef-d738-4aea-bf8a-2ae78408235a">
    </UnitTestResult>
    <UnitTestResult executionId="f5254dbd-fc42-4c9d-aa07-fd5422284090" testId="52dd4129-b1ee-c209-25fe-1e84cf03a0b4" testName="TestNegativeUSDAmount" computerName="GARYHALL-PC" duration="00:00:00.0167214" startTime="2010-08-30T18:38:45.3259278+01:00" endTime="2010-08-30T18:38:45.5869427+01:00" testType="13cdc9d9-ddb5-4fa4-a97d-d965ccfc6d4b" outcome="Passed" testListId="8c84fa94-04c1-424b-9868-57a2d4851a1d" relativeResultsDirectory="f5254dbd-fc42-4c9d-aa07-fd5422284090">
    </UnitTestResult>
    <UnitTestResult executionId="7b1d3aa1-c72d-4c78-a648-16bbda8777e0" testId="55d7d97b-90da-424d-f7a3-3b4d69b551e8" testName="TestIntegerDivision" computerName="GARYHALL-PC" duration="00:00:00.0005734" startTime="2010-08-30T18:38:45.5899429+01:00" endTime="2010-08-30T18:38:45.5969433+01:00" testType="13cdc9d9-ddb5-4fa4-a97d-d965ccfc6d4b" outcome="Passed" testListId="8c84fa94-04c1-424b-9868-57a2d4851a1d" relativeResultsDirectory="7b1d3aa1-c72d-4c78-a648-16bbda8777e0">
    </UnitTestResult>
    <UnitTestResult executionId="8a4bf54d-5d2c-4be7-8062-12f17972c6d0" testId="719b99a2-ccd9-d901-c33e-c7ca5b16d735" testName="TestAccountsCannotBeDirectlyCyclical" computerName="GARYHALL-PC" duration="00:00:00.0005230" startTime="2010-08-30T18:38:45.5989434+01:00" endTime="2010-08-30T18:38:45.6049437+01:00" testType="13cdc9d9-ddb5-4fa4-a97d-d965ccfc6d4b" outcome="Passed" testListId="8c84fa94-04c1-424b-9868-57a2d4851a1d" relativeResultsDirectory="8a4bf54d-5d2c-4be7-8062-12f17972c6d0">
    </UnitTestResult>
    <UnitTestResult executionId="bb5eb9e5-9df9-43dc-90c8-28db3a8a4beb" testId="7525f8c9-a9cc-ce6e-158a-8531bc3dff4c" testName="TestNegativeGBPAmount" computerName="GARYHALL-PC" duration="00:00:00.0003481" startTime="2010-08-30T18:38:45.6079439+01:00" endTime="2010-08-30T18:38:45.6139443+01:00" testType="13cdc9d9-ddb5-4fa4-a97d-d965ccfc6d4b" outcome="Passed" testListId="8c84fa94-04c1-424b-9868-57a2d4851a1d" relativeResultsDirectory="bb5eb9e5-9df9-43dc-90c8-28db3a8a4beb">
    </UnitTestResult>
    <UnitTestResult executionId="df4aac03-1593-4028-b4cc-3297e59fc3eb" testId="76663220-b66f-a344-1b95-70336a50cd79" testName="TestMoneySubtraction" computerName="GARYHALL-PC" duration="00:00:00.0003656" startTime="2010-08-30T18:38:45.6159444+01:00" endTime="2010-08-30T18:38:45.6219447+01:00" testType="13cdc9d9-ddb5-4fa4-a97d-d965ccfc6d4b" outcome="Passed" testListId="8c84fa94-04c1-424b-9868-57a2d4851a1d" relativeResultsDirectory="df4aac03-1593-4028-b4cc-3297e59fc3eb">
    </UnitTestResult>
    <UnitTestResult executionId="ecfbfee9-e4a7-4d64-8e51-4cc51f60acb3" testId="78c91968-703b-bff5-6f93-3d07f3ffd761" testName="TestMoneyEquality" computerName="GARYHALL-PC" duration="00:00:00.0005064" startTime="2010-08-30T18:38:45.6259449+01:00" endTime="2010-08-30T18:38:45.6319453+01:00" testType="13cdc9d9-ddb5-4fa4-a97d-d965ccfc6d4b" outcome="Passed" testListId="8c84fa94-04c1-424b-9868-57a2d4851a1d" relativeResultsDirectory="ecfbfee9-e4a7-4d64-8e51-4cc51f60acb3">
    </UnitTestResult>
    <UnitTestResult executionId="59b852fb-3a22-49b4-89c6-a742cfa74a37" testId="7b376514-6f80-ca16-fb57-fb767aea817f" testName="ItShouldDelegateToThePersonForTheNetWorth" computerName="GARYHALL-PC" duration="00:00:00.0019365" startTime="2010-08-30T18:38:45.6339454+01:00" endTime="2010-08-30T18:38:45.6419459+01:00" testType="13cdc9d9-ddb5-4fa4-a97d-d965ccfc6d4b" outcome="Passed" testListId="8c84fa94-04c1-424b-9868-57a2d4851a1d" relativeResultsDirectory="59b852fb-3a22-49b4-89c6-a742cfa74a37">
    </UnitTestResult>
    <UnitTestResult executionId="e99707c2-f2f2-47a0-a2ec-b70398d6f1e0" testId="7de16891-0c69-f9dd-d022-02f5a9c59639" testName="TestMoneySubtraction_WithDifferentCurrencies" computerName="GARYHALL-PC" duration="00:00:00.0003421" startTime="2010-08-30T18:38:45.6439460+01:00" endTime="2010-08-30T18:38:45.6499463+01:00" testType="13cdc9d9-ddb5-4fa4-a97d-d965ccfc6d4b" outcome="Passed" testListId="8c84fa94-04c1-424b-9868-57a2d4851a1d" relativeResultsDirectory="e99707c2-f2f2-47a0-a2ec-b70398d6f1e0">
    </UnitTestResult>
    <UnitTestResult executionId="904f704d-7789-4e21-ab9f-2fe7f87b8b80" testId="8107676f-e16c-cdfd-b679-3689e4311f36" testName="TestMoneyInequality" computerName="GARYHALL-PC" duration="00:00:00.0003639" startTime="2010-08-30T18:38:45.6519464+01:00" endTime="2010-08-30T18:38:45.6589468+01:00" testType="13cdc9d9-ddb5-4fa4-a97d-d965ccfc6d4b" outcome="Passed" testListId="8c84fa94-04c1-424b-9868-57a2d4851a1d" relativeResultsDirectory="904f704d-7789-4e21-ab9f-2fe7f87b8b80">
    </UnitTestResult>
    <UnitTestResult executionId="4aafcce0-d0ca-41d0-b766-30035267b146" testId="84331712-c27b-c50b-772b-5da9c5e5f9ca" testName="TestAccountsCannotBeIndirectlyCyclical" computerName="GARYHALL-PC" duration="00:00:00.0005098" startTime="2010-08-30T18:38:45.6609469+01:00" endTime="2010-08-30T18:38:45.6669473+01:00" testType="13cdc9d9-ddb5-4fa4-a97d-d965ccfc6d4b" outcome="Passed" testListId="8c84fa94-04c1-424b-9868-57a2d4851a1d" relativeResultsDirectory="4aafcce0-d0ca-41d0-b766-30035267b146">
    </UnitTestResult>
    <UnitTestResult executionId="8b696692-1f50-4f66-a8d7-dc56a3cd43df" testId="871f49a1-e582-cdac-a951-441af8971063" testName="TestMoneyLessThanOrEqualTo_WithDifferentCurrencies" computerName="GARYHALL-PC" duration="00:00:00.0005606" startTime="2010-08-30T18:38:45.6699475+01:00" endTime="2010-08-30T18:38:45.6749477+01:00" testType="13cdc9d9-ddb5-4fa4-a97d-d965ccfc6d4b" outcome="Passed" testListId="8c84fa94-04c1-424b-9868-57a2d4851a1d" relativeResultsDirectory="8b696692-1f50-4f66-a8d7-dc56a3cd43df">
    </UnitTestResult>
    <UnitTestResult executionId="216e339b-4071-43d9-96a9-84708f192e19" testId="8dcc9c7e-1445-b321-953e-5e9ded9d51f6" testName="TestMoneyAddition_WithDifferentCurrencies" computerName="GARYHALL-PC" duration="00:00:00.0003289" startTime="2010-08-30T18:38:45.6779479+01:00" endTime="2010-08-30T18:38:45.6839483+01:00" testType="13cdc9d9-ddb5-4fa4-a97d-d965ccfc6d4b" outcome="Passed" testListId="8c84fa94-04c1-424b-9868-57a2d4851a1d" relativeResultsDirectory="216e339b-4071-43d9-96a9-84708f192e19">
    </UnitTestResult>
    <UnitTestResult executionId="7a82606f-7fd2-4950-94bf-444d7b5904ba" testId="99beaaa9-ba00-453d-6f49-d7020635f7ee" testName="TestRemoveAccount" computerName="GARYHALL-PC" duration="00:00:00.0004552" startTime="2010-08-30T18:38:45.6859484+01:00" endTime="2010-08-30T18:38:45.6919487+01:00" testType="13cdc9d9-ddb5-4fa4-a97d-d965ccfc6d4b" outcome="Passed" testListId="8c84fa94-04c1-424b-9868-57a2d4851a1d" relativeResultsDirectory="7a82606f-7fd2-4950-94bf-444d7b5904ba">
    </UnitTestResult>
    <UnitTestResult executionId="259bd8f7-3b89-4972-acf2-17a7b6ac7e4e" testId="9a8e8d08-2ba9-5e87-0fee-e892910cdbf8" testName="TestCalculateNewBalanceWithDeposit" computerName="GARYHALL-PC" duration="00:00:00.0004253" startTime="2010-08-30T18:38:45.6939488+01:00" endTime="2010-08-30T18:38:45.6999492+01:00" testType="13cdc9d9-ddb5-4fa4-a97d-d965ccfc6d4b" outcome="Passed" testListId="8c84fa94-04c1-424b-9868-57a2d4851a1d" relativeResultsDirectory="259bd8f7-3b89-4972-acf2-17a7b6ac7e4e">
    </UnitTestResult>
    <UnitTestResult executionId="c1bc94f3-8559-4613-bfd3-13fa3dbd891b" testId="9b2d885b-a8a7-03c1-299f-d762e20ec0ee" testName="TestDecimalAddition" computerName="GARYHALL-PC" duration="00:00:00.0005260" startTime="2010-08-30T18:38:45.7019493+01:00" endTime="2010-08-30T18:38:45.7079496+01:00" testType="13cdc9d9-ddb5-4fa4-a97d-d965ccfc6d4b" outcome="Passed" testListId="8c84fa94-04c1-424b-9868-57a2d4851a1d" relativeResultsDirectory="c1bc94f3-8559-4613-bfd3-13fa3dbd891b">
    </UnitTestResult>
    <UnitTestResult executionId="392f63dd-6b78-49aa-902e-aa00b36cf925" testId="a131c1cd-5ebb-f896-bf70-e19826c2755a" testName="TestMoneyGreaterThan" computerName="GARYHALL-PC" duration="00:00:00.0002837" startTime="2010-08-30T18:38:45.7109498+01:00" endTime="2010-08-30T18:38:45.7159501+01:00" testType="13cdc9d9-ddb5-4fa4-a97d-d965ccfc6d4b" outcome="Passed" testListId="8c84fa94-04c1-424b-9868-57a2d4851a1d" relativeResultsDirectory="392f63dd-6b78-49aa-902e-aa00b36cf925">
    </UnitTestResult>
    <UnitTestResult executionId="effa8c2c-de2a-48a5-a175-2f5bf21fbf3e" testId="b1659d28-b526-6c16-48de-69e9c7dcfe18" testName="TestDefaultAccountBalanceIsZero" computerName="GARYHALL-PC" duration="00:00:00.0002453" startTime="2010-08-30T18:38:45.7179502+01:00" endTime="2010-08-30T18:38:45.7239505+01:00" testType="13cdc9d9-ddb5-4fa4-a97d-d965ccfc6d4b" outcome="Passed" testListId="8c84fa94-04c1-424b-9868-57a2d4851a1d" relativeResultsDirectory="effa8c2c-de2a-48a5-a175-2f5bf21fbf3e">
    </UnitTestResult>
    <UnitTestResult executionId="cdb59d12-fb2b-47d4-ad3a-54813dcfaf8b" testId="b2747cb5-7215-0a6d-5362-1b292dab29c8" testName="TestAddAccount" computerName="GARYHALL-PC" duration="00:00:00.0004466" startTime="2010-08-30T18:38:45.7319510+01:00" endTime="2010-08-30T18:38:45.7379514+01:00" testType="13cdc9d9-ddb5-4fa4-a97d-d965ccfc6d4b" outcome="Passed" testListId="8c84fa94-04c1-424b-9868-57a2d4851a1d" relativeResultsDirectory="cdb59d12-fb2b-47d4-ad3a-54813dcfaf8b">
    </UnitTestResult>
    <UnitTestResult executionId="fe1d0bfd-cce0-4517-992c-98fed13a3c42" testId="b5d2a033-45cf-3e8b-11d7-5e8ab35dc3ae" testName="TestAddAccount" computerName="GARYHALL-PC" duration="00:00:00.0003161" startTime="2010-08-30T18:38:45.7399515+01:00" endTime="2010-08-30T18:38:45.7449518+01:00" testType="13cdc9d9-ddb5-4fa4-a97d-d965ccfc6d4b" outcome="Passed" testListId="8c84fa94-04c1-424b-9868-57a2d4851a1d" relativeResultsDirectory="fe1d0bfd-cce0-4517-992c-98fed13a3c42">
    </UnitTestResult>
    <UnitTestResult executionId="fbb3ce90-8cd7-48d8-bc50-81f164f69621" testId="c1a50ef4-2314-875b-518e-aabf370704d1" testName="TestMoneyLessThan" computerName="GARYHALL-PC" duration="00:00:00.0002939" startTime="2010-08-30T18:38:45.7469519+01:00" endTime="2010-08-30T18:38:45.7519522+01:00" testType="13cdc9d9-ddb5-4fa4-a97d-d965ccfc6d4b" outcome="Passed" testListId="8c84fa94-04c1-424b-9868-57a2d4851a1d" relativeResultsDirectory="fbb3ce90-8cd7-48d8-bc50-81f164f69621">
    </UnitTestResult>
    <UnitTestResult executionId="9836cf3f-c71f-46f9-b738-55015b45cd39" testId="c573a8cc-b339-9d86-475e-c296c732a297" testName="TestSimpleGBPAmount" computerName="GARYHALL-PC" duration="00:00:00.0003511" startTime="2010-08-30T18:38:45.7539523+01:00" endTime="2010-08-30T18:38:45.7599526+01:00" testType="13cdc9d9-ddb5-4fa4-a97d-d965ccfc6d4b" outcome="Passed" testListId="8c84fa94-04c1-424b-9868-57a2d4851a1d" relativeResultsDirectory="9836cf3f-c71f-46f9-b738-55015b45cd39">
    </UnitTestResult>
    <UnitTestResult executionId="d30aa9e6-c7b3-4d54-98a1-a6ccf799a441" testId="cf7300a1-3521-5eea-bdb6-deaacc452e6a" testName="TestCalculateNewBalanceWithWithdrawal" computerName="GARYHALL-PC" duration="00:00:00.0003549" startTime="2010-08-30T18:38:45.7619527+01:00" endTime="2010-08-30T18:38:45.7669530+01:00" testType="13cdc9d9-ddb5-4fa4-a97d-d965ccfc6d4b" outcome="Passed" testListId="8c84fa94-04c1-424b-9868-57a2d4851a1d" relativeResultsDirectory="d30aa9e6-c7b3-4d54-98a1-a6ccf799a441">
    </UnitTestResult>
    <UnitTestResult executionId="f38a83de-827f-4291-b0a5-4fd539f210e5" testId="d1513a65-fdf8-872b-22b5-b71e36fa61db" testName="TestSimpleUSDAmount" computerName="GARYHALL-PC" duration="00:00:00.0003251" startTime="2010-08-30T18:38:45.7689531+01:00" endTime="2010-08-30T18:38:45.7759535+01:00" testType="13cdc9d9-ddb5-4fa4-a97d-d965ccfc6d4b" outcome="Passed" testListId="8c84fa94-04c1-424b-9868-57a2d4851a1d" relativeResultsDirectory="f38a83de-827f-4291-b0a5-4fd539f210e5">
    </UnitTestResult>
    <UnitTestResult executionId="20d6e7bb-3050-48d8-a076-ebeddefca25c" testId="e3259fc0-849f-28fd-20c2-ca89775496f9" testName="TestMoneyGreaterThanOrEqualTo_WithDifferentCurrencies" computerName="GARYHALL-PC" duration="00:00:00.0006455" startTime="2010-08-30T18:38:45.7779536+01:00" endTime="2010-08-30T18:38:45.7839540+01:00" testType="13cdc9d9-ddb5-4fa4-a97d-d965ccfc6d4b" outcome="Passed" testListId="8c84fa94-04c1-424b-9868-57a2d4851a1d" relativeResultsDirectory="20d6e7bb-3050-48d8-a076-ebeddefca25c">
    </UnitTestResult>
    <UnitTestResult executionId="b77a10a9-e189-41da-88e2-4844b778f1bb" testId="ec648528-7639-30f5-a594-aa50e078b4a6" testName="TestDecimalSubtraction" computerName="GARYHALL-PC" duration="00:00:00.0005320" startTime="2010-08-30T18:38:45.7859541+01:00" endTime="2010-08-30T18:38:45.7919544+01:00" testType="13cdc9d9-ddb5-4fa4-a97d-d965ccfc6d4b" outcome="Passed" testListId="8c84fa94-04c1-424b-9868-57a2d4851a1d" relativeResultsDirectory="b77a10a9-e189-41da-88e2-4844b778f1bb">
    </UnitTestResult>
  </Results>
</TestRun>