<?xml version="1.0" encoding="UTF-8"?>
<TestRun id="ae483f52-f55e-48cb-ae2b-e7ee7bdb4fb3" name="Gary Hall@GARYHALL-PC 2010-08-22 17:54:54" runUser="GaryHall-PC\Gary Hall" xmlns="http://microsoft.com/schemas/VisualStudio/TeamTest/2010">
  <TestSettings name="Local" id="e533ef08-9b5d-45f9-9cf4-b65cf17f0508">
    <Description>These are default test settings for a local test run.</Description>
    <Deployment enabled="false" runDeploymentRoot="Gary Hall_GARYHALL-PC 2010-08-22 17_54_54">
      <DeploymentItem filename="D:\Users7\Gary Hall\Development\MyMoney.Model\MyMoney.ViewModel\bin\Debug\MyMoney.ViewModel.dll" />
      <DeploymentItem filename="D:\Users7\Gary Hall\Development\MyMoney.Model\MyMoney.Model\bin\Debug\MyMoney.Model.dll" />
    </Deployment>
    <Execution>
      <TestTypeSpecific />
      <AgentRule name="Execution Agents">
      </AgentRule>
    </Execution>
  </TestSettings>
  <Times creation="2010-08-22T17:54:54.3743145+01:00" queuing="2010-08-22T17:54:57.1044707+01:00" start="2010-08-22T17:54:57.2514791+01:00" finish="2010-08-22T17:57:23.7668593+01:00" />
  <ResultSummary outcome="Error">
    <Counters total="1" executed="1" error="0" failed="0" timeout="0" aborted="1" inconclusive="0" passedButRunAborted="0" notRunnable="0" notExecuted="0" disconnected="0" warning="0" passed="0" completed="0" inProgress="0" pending="0" />
    <RunInfos>
      <RunInfo computerName="GARYHALL-PC" outcome="Error" timestamp="2010-08-22T17:57:23.7658592+01:00">
        <Text>Test host process exited unexpectedly.</Text>
      </RunInfo>
    </RunInfos>
  </ResultSummary>
  <TestDefinitions>
    <UnitTest name="ItShouldDelegateToThePersonForTheNetWorth" storage="d:\users7\gary hall\development\mymoney.model\mymoney.viewmodel.test\bin\debug\mymoney.viewmodel.test.dll" id="7b376514-6f80-ca16-fb57-fb767aea817f">
      <Execution id="eb8d9734-ada8-47db-9b78-7616b8027543" />
      <TestMethod codeBase="D:/Users7/Gary Hall/Development/MyMoney.Model/MyMoney.ViewModel.Test/bin/Debug/MyMoney.ViewModel.Test.DLL" adapterTypeName="Microsoft.VisualStudio.TestTools.TestTypes.Unit.UnitTestAdapter, Microsoft.VisualStudio.QualityTools.Tips.UnitTest.Adapter, Version=10.0.0.0, Culture=neutral, PublicKeyToken=b03f5f7f11d50a3a" className="MyMoney.ViewModel.Test.MainWindowViewModelTests, MyMoney.ViewModel.Test, Version=1.0.0.0, Culture=neutral, PublicKeyToken=null" name="ItShouldDelegateToThePersonForTheNetWorth" />
    </UnitTest>
  </TestDefinitions>
  <TestLists>
    <TestList name="Results Not in a List" id="8c84fa94-04c1-424b-9868-57a2d4851a1d" />
    <TestList name="All Loaded Results" id="19431567-8539-422a-85d7-44ee4e166bda" />
  </TestLists>
  <TestEntries>
    <TestEntry testId="7b376514-6f80-ca16-fb57-fb767aea817f" executionId="eb8d9734-ada8-47db-9b78-7616b8027543" testListId="8c84fa94-04c1-424b-9868-57a2d4851a1d" />
  </TestEntries>
  <Results>
    <UnitTestResult executionId="eb8d9734-ada8-47db-9b78-7616b8027543" testId="7b376514-6f80-ca16-fb57-fb767aea817f" testName="ItShouldDelegateToThePersonForTheNetWorth" computerName="GARYHALL-PC" duration="00:02:26.3733721" startTime="2010-08-22T17:54:57.3934872+01:00" endTime="2010-08-22T17:57:23.7668593+01:00" testType="13cdc9d9-ddb5-4fa4-a97d-d965ccfc6d4b" outcome="Aborted" testListId="8c84fa94-04c1-424b-9868-57a2d4851a1d" relativeResultsDirectory="eb8d9734-ada8-47db-9b78-7616b8027543">
    </UnitTestResult>
  </Results>
</TestRun>