<?xml version="1.0" encoding="UTF-8"?>
<TestRun id="4782fa64-f7f2-4e62-a45d-fa1cfad7a79a" name="Gary Hall@GARYHALL-PC 2010-08-13 16:33:28" runUser="GaryHall-PC\Gary Hall" xmlns="http://microsoft.com/schemas/VisualStudio/TeamTest/2010">
  <TestSettings name="Local" id="e533ef08-9b5d-45f9-9cf4-b65cf17f0508">
    <Description>These are default test settings for a local test run.</Description>
    <Deployment enabled="false" runDeploymentRoot="Gary Hall_GARYHALL-PC 2010-08-13 16_33_28">
      <DeploymentItem filename="D:\Users7\Gary Hall\Development\MyMoney.Model\MyMoney.Model\bin\Debug\MyMoney.Model.dll" />
    </Deployment>
    <Execution>
      <TestTypeSpecific />
      <AgentRule name="Execution Agents">
      </AgentRule>
    </Execution>
  </TestSettings>
  <Times creation="2010-08-13T16:33:28.2742789+01:00" queuing="2010-08-13T16:33:29.9563751+01:00" start="2010-08-13T16:33:30.0023777+01:00" finish="2010-08-13T16:33:30.6224132+01:00" />
  <ResultSummary outcome="Failed">
    <Counters total="29" executed="29" passed="28" error="0" failed="1" timeout="0" aborted="0" inconclusive="0" passedButRunAborted="0" notRunnable="0" notExecuted="0" disconnected="0" warning="0" completed="0" inProgress="0" pending="0" />
  </ResultSummary>
  <TestDefinitions>
    <UnitTest name="TestAccountsCannotBeDirectlyCyclical" storage="d:\users7\gary hall\development\mymoney.model\mymoney.model.test\bin\debug\mymoney.model.test.dll" id="719b99a2-ccd9-d901-c33e-c7ca5b16d735">
      <Execution id="b39d8e70-b3fe-49c5-a8cc-e13b453fc09d" />
      <TestMethod codeBase="D:/Users7/Gary Hall/Development/MyMoney.Model/MyMoney.Model.Test/bin/Debug/MyMoney.Model.Test.DLL" adapterTypeName="Microsoft.VisualStudio.TestTools.TestTypes.Unit.UnitTestAdapter, Microsoft.VisualStudio.QualityTools.Tips.UnitTest.Adapter, Version=10.0.0.0, Culture=neutral, PublicKeyToken=b03f5f7f11d50a3a" className="MyMoney.Model.Test.CompositeAccountTests, MyMoney.Model.Test, Version=1.0.0.0, Culture=neutral, PublicKeyToken=null" name="TestAccountsCannotBeDirectlyCyclical" />
    </UnitTest>
    <UnitTest name="TestMoneyGreaterThan" storage="d:\users7\gary hall\development\mymoney.model\mymoney.model.test\bin\debug\mymoney.model.test.dll" id="a131c1cd-5ebb-f896-bf70-e19826c2755a">
      <Execution id="3671bdd5-e6e8-446c-9937-3fae448267b4" />
      <TestMethod codeBase="D:/Users7/Gary Hall/Development/MyMoney.Model/MyMoney.Model.Test/bin/Debug/MyMoney.Model.Test.DLL" adapterTypeName="Microsoft.VisualStudio.TestTools.TestTypes.Unit.UnitTestAdapter, Microsoft.VisualStudio.QualityTools.Tips.UnitTest.Adapter, Version=10.0.0.0, Culture=neutral, PublicKeyToken=b03f5f7f11d50a3a" className="MyMoney.Model.Test.MoneyTests, MyMoney.Model.Test, Version=1.0.0.0, Culture=neutral, PublicKeyToken=null" name="TestMoneyGreaterThan" />
    </UnitTest>
    <UnitTest name="TestDecimalSubtraction" storage="d:\users7\gary hall\development\mymoney.model\mymoney.model.test\bin\debug\mymoney.model.test.dll" id="ec648528-7639-30f5-a594-aa50e078b4a6">
      <Execution id="e7eda7c1-2228-4f73-ba5e-17ebc52b4aea" />
      <TestMethod codeBase="D:/Users7/Gary Hall/Development/MyMoney.Model/MyMoney.Model.Test/bin/Debug/MyMoney.Model.Test.DLL" adapterTypeName="Microsoft.VisualStudio.TestTools.TestTypes.Unit.UnitTestAdapter, Microsoft.VisualStudio.QualityTools.Tips.UnitTest.Adapter, Version=10.0.0.0, Culture=neutral, PublicKeyToken=b03f5f7f11d50a3a" className="MyMoney.Model.Test.MoneyTests, MyMoney.Model.Test, Version=1.0.0.0, Culture=neutral, PublicKeyToken=null" name="TestDecimalSubtraction" />
    </UnitTest>
    <UnitTest name="TestCalculateNewBalanceWithWithdrawal" storage="d:\users7\gary hall\development\mymoney.model\mymoney.model.test\bin\debug\mymoney.model.test.dll" id="cf7300a1-3521-5eea-bdb6-deaacc452e6a">
      <Execution id="f9301f70-c08c-4bf3-bca8-77aefcac48d0" />
      <TestMethod codeBase="D:/Users7/Gary Hall/Development/MyMoney.Model/MyMoney.Model.Test/bin/Debug/MyMoney.Model.Test.DLL" adapterTypeName="Microsoft.VisualStudio.TestTools.TestTypes.Unit.UnitTestAdapter, Microsoft.VisualStudio.QualityTools.Tips.UnitTest.Adapter, Version=10.0.0.0, Culture=neutral, PublicKeyToken=b03f5f7f11d50a3a" className="MyMoney.Model.Test.EntryTests, MyMoney.Model.Test, Version=1.0.0.0, Culture=neutral, PublicKeyToken=null" name="TestCalculateNewBalanceWithWithdrawal" />
    </UnitTest>
    <UnitTest name="TestMoneyLessThan_WithDifferentCurrencies" storage="d:\users7\gary hall\development\mymoney.model\mymoney.model.test\bin\debug\mymoney.model.test.dll" id="0e419ff0-125a-7bf6-462b-1ac3be8e60b3">
      <Execution id="327a8138-e7fd-4635-b8ad-7f3650bba65b" />
      <TestMethod codeBase="D:/Users7/Gary Hall/Development/MyMoney.Model/MyMoney.Model.Test/bin/Debug/MyMoney.Model.Test.DLL" adapterTypeName="Microsoft.VisualStudio.TestTools.TestTypes.Unit.UnitTestAdapter, Microsoft.VisualStudio.QualityTools.Tips.UnitTest.Adapter, Version=10.0.0.0, Culture=neutral, PublicKeyToken=b03f5f7f11d50a3a" className="MyMoney.Model.Test.MoneyTests, MyMoney.Model.Test, Version=1.0.0.0, Culture=neutral, PublicKeyToken=null" name="TestMoneyLessThan_WithDifferentCurrencies" />
    </UnitTest>
    <UnitTest name="TestMoneySubtraction" storage="d:\users7\gary hall\development\mymoney.model\mymoney.model.test\bin\debug\mymoney.model.test.dll" id="76663220-b66f-a344-1b95-70336a50cd79">
      <Execution id="e754a7f3-cc5c-4981-b824-c90de2d0cfb7" />
      <TestMethod codeBase="D:/Users7/Gary Hall/Development/MyMoney.Model/MyMoney.Model.Test/bin/Debug/MyMoney.Model.Test.DLL" adapterTypeName="Microsoft.VisualStudio.TestTools.TestTypes.Unit.UnitTestAdapter, Microsoft.VisualStudio.QualityTools.Tips.UnitTest.Adapter, Version=10.0.0.0, Culture=neutral, PublicKeyToken=b03f5f7f11d50a3a" className="MyMoney.Model.Test.MoneyTests, MyMoney.Model.Test, Version=1.0.0.0, Culture=neutral, PublicKeyToken=null" name="TestMoneySubtraction" />
    </UnitTest>
    <UnitTest name="TestRemoveAccount" storage="d:\users7\gary hall\development\mymoney.model\mymoney.model.test\bin\debug\mymoney.model.test.dll" id="4846a8e9-75dc-cada-1387-c372c7702a90">
      <Execution id="8ba3ad76-1231-4fc4-bade-7e457b190e1a" />
      <TestMethod codeBase="D:/Users7/Gary Hall/Development/MyMoney.Model/MyMoney.Model.Test/bin/Debug/MyMoney.Model.Test.DLL" adapterTypeName="Microsoft.VisualStudio.TestTools.TestTypes.Unit.UnitTestAdapter, Microsoft.VisualStudio.QualityTools.Tips.UnitTest.Adapter, Version=10.0.0.0, Culture=neutral, PublicKeyToken=b03f5f7f11d50a3a" className="MyMoney.Model.Test.CompositeAccountTests, MyMoney.Model.Test, Version=1.0.0.0, Culture=neutral, PublicKeyToken=null" name="TestRemoveAccount" />
    </UnitTest>
    <UnitTest name="TestAccountBalanceAllDeposits" storage="d:\users7\gary hall\development\mymoney.model\mymoney.model.test\bin\debug\mymoney.model.test.dll" id="355d3f79-faa6-4ed9-bc49-0057d3295009">
      <Execution id="a8b97488-ce07-46a0-9bf9-db4845c370c8" />
      <TestMethod codeBase="D:/Users7/Gary Hall/Development/MyMoney.Model/MyMoney.Model.Test/bin/Debug/MyMoney.Model.Test.DLL" adapterTypeName="Microsoft.VisualStudio.TestTools.TestTypes.Unit.UnitTestAdapter, Microsoft.VisualStudio.QualityTools.Tips.UnitTest.Adapter, Version=10.0.0.0, Culture=neutral, PublicKeyToken=b03f5f7f11d50a3a" className="MyMoney.Model.Test.LeafAccountTests, MyMoney.Model.Test, Version=1.0.0.0, Culture=neutral, PublicKeyToken=null" name="TestAccountBalanceAllDeposits" />
    </UnitTest>
    <UnitTest name="TestMoneyEquality" storage="d:\users7\gary hall\development\mymoney.model\mymoney.model.test\bin\debug\mymoney.model.test.dll" id="78c91968-703b-bff5-6f93-3d07f3ffd761">
      <Execution id="4339af7a-fa7b-4cbe-b300-398066fd0e3a" />
      <TestMethod codeBase="D:/Users7/Gary Hall/Development/MyMoney.Model/MyMoney.Model.Test/bin/Debug/MyMoney.Model.Test.DLL" adapterTypeName="Microsoft.VisualStudio.TestTools.TestTypes.Unit.UnitTestAdapter, Microsoft.VisualStudio.QualityTools.Tips.UnitTest.Adapter, Version=10.0.0.0, Culture=neutral, PublicKeyToken=b03f5f7f11d50a3a" className="MyMoney.Model.Test.MoneyTests, MyMoney.Model.Test, Version=1.0.0.0, Culture=neutral, PublicKeyToken=null" name="TestMoneyEquality" />
    </UnitTest>
    <UnitTest name="TestIntegerDivision" storage="d:\users7\gary hall\development\mymoney.model\mymoney.model.test\bin\debug\mymoney.model.test.dll" id="55d7d97b-90da-424d-f7a3-3b4d69b551e8">
      <Execution id="ddb51f70-ef69-41ce-98c7-663a0f212d6f" />
      <TestMethod codeBase="D:/Users7/Gary Hall/Development/MyMoney.Model/MyMoney.Model.Test/bin/Debug/MyMoney.Model.Test.DLL" adapterTypeName="Microsoft.VisualStudio.TestTools.TestTypes.Unit.UnitTestAdapter, Microsoft.VisualStudio.QualityTools.Tips.UnitTest.Adapter, Version=10.0.0.0, Culture=neutral, PublicKeyToken=b03f5f7f11d50a3a" className="MyMoney.Model.Test.MoneyTests, MyMoney.Model.Test, Version=1.0.0.0, Culture=neutral, PublicKeyToken=null" name="TestIntegerDivision" />
    </UnitTest>
    <UnitTest name="TestAccountsWithSameNameCanExistInHierarchy" storage="d:\users7\gary hall\development\mymoney.model\mymoney.model.test\bin\debug\mymoney.model.test.dll" id="0df82333-8dd3-2386-4548-831092c0a100">
      <Execution id="05158155-e17b-4128-b92e-51fe5ede3c67" />
      <TestMethod codeBase="D:/Users7/Gary Hall/Development/MyMoney.Model/MyMoney.Model.Test/bin/Debug/MyMoney.Model.Test.DLL" adapterTypeName="Microsoft.VisualStudio.TestTools.TestTypes.Unit.UnitTestAdapter, Microsoft.VisualStudio.QualityTools.Tips.UnitTest.Adapter, Version=10.0.0.0, Culture=neutral, PublicKeyToken=b03f5f7f11d50a3a" className="MyMoney.Model.Test.CompositeAccountTests, MyMoney.Model.Test, Version=1.0.0.0, Culture=neutral, PublicKeyToken=null" name="TestAccountsWithSameNameCanExistInHierarchy" />
    </UnitTest>
    <UnitTest name="TestMoneyGreaterThanOrEqualTo" storage="d:\users7\gary hall\development\mymoney.model\mymoney.model.test\bin\debug\mymoney.model.test.dll" id="28f7f648-05a2-44d1-103b-7fd5a2e1924b">
      <Execution id="97e5430e-42f3-4e7c-b766-570760753bf5" />
      <TestMethod codeBase="D:/Users7/Gary Hall/Development/MyMoney.Model/MyMoney.Model.Test/bin/Debug/MyMoney.Model.Test.DLL" adapterTypeName="Microsoft.VisualStudio.TestTools.TestTypes.Unit.UnitTestAdapter, Microsoft.VisualStudio.QualityTools.Tips.UnitTest.Adapter, Version=10.0.0.0, Culture=neutral, PublicKeyToken=b03f5f7f11d50a3a" className="MyMoney.Model.Test.MoneyTests, MyMoney.Model.Test, Version=1.0.0.0, Culture=neutral, PublicKeyToken=null" name="TestMoneyGreaterThanOrEqualTo" />
    </UnitTest>
    <UnitTest name="TestAddAccount" storage="d:\users7\gary hall\development\mymoney.model\mymoney.model.test\bin\debug\mymoney.model.test.dll" id="b2747cb5-7215-0a6d-5362-1b292dab29c8">
      <Execution id="0c0706cf-a5c9-44db-93bb-8d57dc3bcd30" />
      <TestMethod codeBase="D:/Users7/Gary Hall/Development/MyMoney.Model/MyMoney.Model.Test/bin/Debug/MyMoney.Model.Test.DLL" adapterTypeName="Microsoft.VisualStudio.TestTools.TestTypes.Unit.UnitTestAdapter, Microsoft.VisualStudio.QualityTools.Tips.UnitTest.Adapter, Version=10.0.0.0, Culture=neutral, PublicKeyToken=b03f5f7f11d50a3a" className="MyMoney.Model.Test.CompositeAccountTests, MyMoney.Model.Test, Version=1.0.0.0, Culture=neutral, PublicKeyToken=null" name="TestAddAccount" />
    </UnitTest>
    <UnitTest name="TestMoneyAddition_WithDifferentCurrencies" storage="d:\users7\gary hall\development\mymoney.model\mymoney.model.test\bin\debug\mymoney.model.test.dll" id="8dcc9c7e-1445-b321-953e-5e9ded9d51f6">
      <Execution id="6cfe4aca-6bec-4903-a0aa-0ab672f50625" />
      <TestMethod codeBase="D:/Users7/Gary Hall/Development/MyMoney.Model/MyMoney.Model.Test/bin/Debug/MyMoney.Model.Test.DLL" adapterTypeName="Microsoft.VisualStudio.TestTools.TestTypes.Unit.UnitTestAdapter, Microsoft.VisualStudio.QualityTools.Tips.UnitTest.Adapter, Version=10.0.0.0, Culture=neutral, PublicKeyToken=b03f5f7f11d50a3a" className="MyMoney.Model.Test.MoneyTests, MyMoney.Model.Test, Version=1.0.0.0, Culture=neutral, PublicKeyToken=null" name="TestMoneyAddition_WithDifferentCurrencies" />
    </UnitTest>
    <UnitTest name="TestAccountsCannotBeIndirectlyCyclical" storage="d:\users7\gary hall\development\mymoney.model\mymoney.model.test\bin\debug\mymoney.model.test.dll" id="84331712-c27b-c50b-772b-5da9c5e5f9ca">
      <Execution id="1f6a22c6-2fb5-4773-b7da-58f1fc6bf09d" />
      <TestMethod codeBase="D:/Users7/Gary Hall/Development/MyMoney.Model/MyMoney.Model.Test/bin/Debug/MyMoney.Model.Test.DLL" adapterTypeName="Microsoft.VisualStudio.TestTools.TestTypes.Unit.UnitTestAdapter, Microsoft.VisualStudio.QualityTools.Tips.UnitTest.Adapter, Version=10.0.0.0, Culture=neutral, PublicKeyToken=b03f5f7f11d50a3a" className="MyMoney.Model.Test.CompositeAccountTests, MyMoney.Model.Test, Version=1.0.0.0, Culture=neutral, PublicKeyToken=null" name="TestAccountsCannotBeIndirectlyCyclical" />
    </UnitTest>
    <UnitTest name="TestMoneyGreaterThanOrEqualTo_WithDifferentCurrencies" storage="d:\users7\gary hall\development\mymoney.model\mymoney.model.test\bin\debug\mymoney.model.test.dll" id="e3259fc0-849f-28fd-20c2-ca89775496f9">
      <Execution id="5295bb22-e0ab-462f-ba2e-b75649d8e021" />
      <TestMethod codeBase="D:/Users7/Gary Hall/Development/MyMoney.Model/MyMoney.Model.Test/bin/Debug/MyMoney.Model.Test.DLL" adapterTypeName="Microsoft.VisualStudio.TestTools.TestTypes.Unit.UnitTestAdapter, Microsoft.VisualStudio.QualityTools.Tips.UnitTest.Adapter, Version=10.0.0.0, Culture=neutral, PublicKeyToken=b03f5f7f11d50a3a" className="MyMoney.Model.Test.MoneyTests, MyMoney.Model.Test, Version=1.0.0.0, Culture=neutral, PublicKeyToken=null" name="TestMoneyGreaterThanOrEqualTo_WithDifferentCurrencies" />
    </UnitTest>
    <UnitTest name="TestMoneySubtraction_WithDifferentCurrencies" storage="d:\users7\gary hall\development\mymoney.model\mymoney.model.test\bin\debug\mymoney.model.test.dll" id="7de16891-0c69-f9dd-d022-02f5a9c59639">
      <Execution id="5d9f669a-a4ae-4390-96b2-220b69cb627f" />
      <TestMethod codeBase="D:/Users7/Gary Hall/Development/MyMoney.Model/MyMoney.Model.Test/bin/Debug/MyMoney.Model.Test.DLL" adapterTypeName="Microsoft.VisualStudio.TestTools.TestTypes.Unit.UnitTestAdapter, Microsoft.VisualStudio.QualityTools.Tips.UnitTest.Adapter, Version=10.0.0.0, Culture=neutral, PublicKeyToken=b03f5f7f11d50a3a" className="MyMoney.Model.Test.MoneyTests, MyMoney.Model.Test, Version=1.0.0.0, Culture=neutral, PublicKeyToken=null" name="TestMoneySubtraction_WithDifferentCurrencies" />
    </UnitTest>
    <UnitTest name="TestMoneyLessThanOrEqualTo" storage="d:\users7\gary hall\development\mymoney.model\mymoney.model.test\bin\debug\mymoney.model.test.dll" id="24c04acd-26f2-cbd9-bbfa-3094dab94a1b">
      <Execution id="6e39a2a3-1edd-4afb-82fb-c374a1f4c6a0" />
      <TestMethod codeBase="D:/Users7/Gary Hall/Development/MyMoney.Model/MyMoney.Model.Test/bin/Debug/MyMoney.Model.Test.DLL" adapterTypeName="Microsoft.VisualStudio.TestTools.TestTypes.Unit.UnitTestAdapter, Microsoft.VisualStudio.QualityTools.Tips.UnitTest.Adapter, Version=10.0.0.0, Culture=neutral, PublicKeyToken=b03f5f7f11d50a3a" className="MyMoney.Model.Test.MoneyTests, MyMoney.Model.Test, Version=1.0.0.0, Culture=neutral, PublicKeyToken=null" name="TestMoneyLessThanOrEqualTo" />
    </UnitTest>
    <UnitTest name="TestMoneyLessThan" storage="d:\users7\gary hall\development\mymoney.model\mymoney.model.test\bin\debug\mymoney.model.test.dll" id="c1a50ef4-2314-875b-518e-aabf370704d1">
      <Execution id="66283972-07a5-4288-a032-3c8b141d4339" />
      <TestMethod codeBase="D:/Users7/Gary Hall/Development/MyMoney.Model/MyMoney.Model.Test/bin/Debug/MyMoney.Model.Test.DLL" adapterTypeName="Microsoft.VisualStudio.TestTools.TestTypes.Unit.UnitTestAdapter, Microsoft.VisualStudio.QualityTools.Tips.UnitTest.Adapter, Version=10.0.0.0, Culture=neutral, PublicKeyToken=b03f5f7f11d50a3a" className="MyMoney.Model.Test.MoneyTests, MyMoney.Model.Test, Version=1.0.0.0, Culture=neutral, PublicKeyToken=null" name="TestMoneyLessThan" />
    </UnitTest>
    <UnitTest name="TestAccountOnlyAppearsOnceInHierarchy" storage="d:\users7\gary hall\development\mymoney.model\mymoney.model.test\bin\debug\mymoney.model.test.dll" id="447f6a17-9c3f-29ed-3a8a-ed52d629683f">
      <Execution id="3fa89641-86df-414d-8e1c-737297afb743" />
      <TestMethod codeBase="D:/Users7/Gary Hall/Development/MyMoney.Model/MyMoney.Model.Test/bin/Debug/MyMoney.Model.Test.DLL" adapterTypeName="Microsoft.VisualStudio.TestTools.TestTypes.Unit.UnitTestAdapter, Microsoft.VisualStudio.QualityTools.Tips.UnitTest.Adapter, Version=10.0.0.0, Culture=neutral, PublicKeyToken=b03f5f7f11d50a3a" className="MyMoney.Model.Test.CompositeAccountTests, MyMoney.Model.Test, Version=1.0.0.0, Culture=neutral, PublicKeyToken=null" name="TestAccountOnlyAppearsOnceInHierarchy" />
    </UnitTest>
    <UnitTest name="TestCalculateNewBalanceWithDeposit" storage="d:\users7\gary hall\development\mymoney.model\mymoney.model.test\bin\debug\mymoney.model.test.dll" id="9a8e8d08-2ba9-5e87-0fee-e892910cdbf8">
      <Execution id="7738d504-790c-48a3-87c9-5f79c7689f41" />
      <TestMethod codeBase="D:/Users7/Gary Hall/Development/MyMoney.Model/MyMoney.Model.Test/bin/Debug/MyMoney.Model.Test.DLL" adapterTypeName="Microsoft.VisualStudio.TestTools.TestTypes.Unit.UnitTestAdapter, Microsoft.VisualStudio.QualityTools.Tips.UnitTest.Adapter, Version=10.0.0.0, Culture=neutral, PublicKeyToken=b03f5f7f11d50a3a" className="MyMoney.Model.Test.EntryTests, MyMoney.Model.Test, Version=1.0.0.0, Culture=neutral, PublicKeyToken=null" name="TestCalculateNewBalanceWithDeposit" />
    </UnitTest>
    <UnitTest name="TestAccountsWithSameNameCannotShareParent" storage="d:\users7\gary hall\development\mymoney.model\mymoney.model.test\bin\debug\mymoney.model.test.dll" id="2cf52dbe-eb7f-1137-b0bc-942374cee146">
      <Execution id="4983d228-7e73-4e20-9f83-7880b52c78aa" />
      <TestMethod codeBase="D:/Users7/Gary Hall/Development/MyMoney.Model/MyMoney.Model.Test/bin/Debug/MyMoney.Model.Test.DLL" adapterTypeName="Microsoft.VisualStudio.TestTools.TestTypes.Unit.UnitTestAdapter, Microsoft.VisualStudio.QualityTools.Tips.UnitTest.Adapter, Version=10.0.0.0, Culture=neutral, PublicKeyToken=b03f5f7f11d50a3a" className="MyMoney.Model.Test.CompositeAccountTests, MyMoney.Model.Test, Version=1.0.0.0, Culture=neutral, PublicKeyToken=null" name="TestAccountsWithSameNameCannotShareParent" />
    </UnitTest>
    <UnitTest name="TestDecimalAddition" storage="d:\users7\gary hall\development\mymoney.model\mymoney.model.test\bin\debug\mymoney.model.test.dll" id="9b2d885b-a8a7-03c1-299f-d762e20ec0ee">
      <Execution id="a0a12f8f-2606-4968-9263-ef373df64ac3" />
      <TestMethod codeBase="D:/Users7/Gary Hall/Development/MyMoney.Model/MyMoney.Model.Test/bin/Debug/MyMoney.Model.Test.DLL" adapterTypeName="Microsoft.VisualStudio.TestTools.TestTypes.Unit.UnitTestAdapter, Microsoft.VisualStudio.QualityTools.Tips.UnitTest.Adapter, Version=10.0.0.0, Culture=neutral, PublicKeyToken=b03f5f7f11d50a3a" className="MyMoney.Model.Test.MoneyTests, MyMoney.Model.Test, Version=1.0.0.0, Culture=neutral, PublicKeyToken=null" name="TestDecimalAddition" />
    </UnitTest>
    <UnitTest name="TestMoneyAddition" storage="d:\users7\gary hall\development\mymoney.model\mymoney.model.test\bin\debug\mymoney.model.test.dll" id="176a39b7-5a56-778d-3917-c9942629793d">
      <Execution id="0af59894-aa06-4839-b260-78023b1ba97a" />
      <TestMethod codeBase="D:/Users7/Gary Hall/Development/MyMoney.Model/MyMoney.Model.Test/bin/Debug/MyMoney.Model.Test.DLL" adapterTypeName="Microsoft.VisualStudio.TestTools.TestTypes.Unit.UnitTestAdapter, Microsoft.VisualStudio.QualityTools.Tips.UnitTest.Adapter, Version=10.0.0.0, Culture=neutral, PublicKeyToken=b03f5f7f11d50a3a" className="MyMoney.Model.Test.MoneyTests, MyMoney.Model.Test, Version=1.0.0.0, Culture=neutral, PublicKeyToken=null" name="TestMoneyAddition" />
    </UnitTest>
    <UnitTest name="TestMoneyInequality" storage="d:\users7\gary hall\development\mymoney.model\mymoney.model.test\bin\debug\mymoney.model.test.dll" id="8107676f-e16c-cdfd-b679-3689e4311f36">
      <Execution id="37a2830a-6c2c-421b-b421-2a3dc6cad7ef" />
      <TestMethod codeBase="D:/Users7/Gary Hall/Development/MyMoney.Model/MyMoney.Model.Test/bin/Debug/MyMoney.Model.Test.DLL" adapterTypeName="Microsoft.VisualStudio.TestTools.TestTypes.Unit.UnitTestAdapter, Microsoft.VisualStudio.QualityTools.Tips.UnitTest.Adapter, Version=10.0.0.0, Culture=neutral, PublicKeyToken=b03f5f7f11d50a3a" className="MyMoney.Model.Test.MoneyTests, MyMoney.Model.Test, Version=1.0.0.0, Culture=neutral, PublicKeyToken=null" name="TestMoneyInequality" />
    </UnitTest>
    <UnitTest name="TestIntegerMultiplication" storage="d:\users7\gary hall\development\mymoney.model\mymoney.model.test\bin\debug\mymoney.model.test.dll" id="14c26f63-240b-e300-a8d6-f98af12ef12c">
      <Execution id="3656fc9a-5878-4775-b387-e863d75f9596" />
      <TestMethod codeBase="D:/Users7/Gary Hall/Development/MyMoney.Model/MyMoney.Model.Test/bin/Debug/MyMoney.Model.Test.DLL" adapterTypeName="Microsoft.VisualStudio.TestTools.TestTypes.Unit.UnitTestAdapter, Microsoft.VisualStudio.QualityTools.Tips.UnitTest.Adapter, Version=10.0.0.0, Culture=neutral, PublicKeyToken=b03f5f7f11d50a3a" className="MyMoney.Model.Test.MoneyTests, MyMoney.Model.Test, Version=1.0.0.0, Culture=neutral, PublicKeyToken=null" name="TestIntegerMultiplication" />
    </UnitTest>
    <UnitTest name="TestMoneyLessThanOrEqualTo_WithDifferentCurrencies" storage="d:\users7\gary hall\development\mymoney.model\mymoney.model.test\bin\debug\mymoney.model.test.dll" id="871f49a1-e582-cdac-a951-441af8971063">
      <Execution id="329de379-27db-4453-8dbc-af6a3ffe11ac" />
      <TestMethod codeBase="D:/Users7/Gary Hall/Development/MyMoney.Model/MyMoney.Model.Test/bin/Debug/MyMoney.Model.Test.DLL" adapterTypeName="Microsoft.VisualStudio.TestTools.TestTypes.Unit.UnitTestAdapter, Microsoft.VisualStudio.QualityTools.Tips.UnitTest.Adapter, Version=10.0.0.0, Culture=neutral, PublicKeyToken=b03f5f7f11d50a3a" className="MyMoney.Model.Test.MoneyTests, MyMoney.Model.Test, Version=1.0.0.0, Culture=neutral, PublicKeyToken=null" name="TestMoneyLessThanOrEqualTo_WithDifferentCurrencies" />
    </UnitTest>
    <UnitTest name="TestDefaultAccountBalanceIsZero" storage="d:\users7\gary hall\development\mymoney.model\mymoney.model.test\bin\debug\mymoney.model.test.dll" id="b1659d28-b526-6c16-48de-69e9c7dcfe18">
      <Execution id="2478e87d-30f7-4c2b-b27f-907c8fe95e83" />
      <TestMethod codeBase="D:/Users7/Gary Hall/Development/MyMoney.Model/MyMoney.Model.Test/bin/Debug/MyMoney.Model.Test.DLL" adapterTypeName="Microsoft.VisualStudio.TestTools.TestTypes.Unit.UnitTestAdapter, Microsoft.VisualStudio.QualityTools.Tips.UnitTest.Adapter, Version=10.0.0.0, Culture=neutral, PublicKeyToken=b03f5f7f11d50a3a" className="MyMoney.Model.Test.LeafAccountTests, MyMoney.Model.Test, Version=1.0.0.0, Culture=neutral, PublicKeyToken=null" name="TestDefaultAccountBalanceIsZero" />
    </UnitTest>
    <UnitTest name="TestMoneyGreaterThan_WithDifferentCurrencies" storage="d:\users7\gary hall\development\mymoney.model\mymoney.model.test\bin\debug\mymoney.model.test.dll" id="199832f9-d1c4-82b4-6ea8-6f9b106eb51f">
      <Execution id="92f680e9-e7cb-4b7b-b818-d7afc2e8ce02" />
      <TestMethod codeBase="D:/Users7/Gary Hall/Development/MyMoney.Model/MyMoney.Model.Test/bin/Debug/MyMoney.Model.Test.DLL" adapterTypeName="Microsoft.VisualStudio.TestTools.TestTypes.Unit.UnitTestAdapter, Microsoft.VisualStudio.QualityTools.Tips.UnitTest.Adapter, Version=10.0.0.0, Culture=neutral, PublicKeyToken=b03f5f7f11d50a3a" className="MyMoney.Model.Test.MoneyTests, MyMoney.Model.Test, Version=1.0.0.0, Culture=neutral, PublicKeyToken=null" name="TestMoneyGreaterThan_WithDifferentCurrencies" />
    </UnitTest>
  </TestDefinitions>
  <TestLists>
    <TestList name="Results Not in a List" id="8c84fa94-04c1-424b-9868-57a2d4851a1d" />
    <TestList name="All Loaded Results" id="19431567-8539-422a-85d7-44ee4e166bda" />
  </TestLists>
  <TestEntries>
    <TestEntry testId="0df82333-8dd3-2386-4548-831092c0a100" executionId="05158155-e17b-4128-b92e-51fe5ede3c67" testListId="8c84fa94-04c1-424b-9868-57a2d4851a1d" />
    <TestEntry testId="0e419ff0-125a-7bf6-462b-1ac3be8e60b3" executionId="327a8138-e7fd-4635-b8ad-7f3650bba65b" testListId="8c84fa94-04c1-424b-9868-57a2d4851a1d" />
    <TestEntry testId="14c26f63-240b-e300-a8d6-f98af12ef12c" executionId="3656fc9a-5878-4775-b387-e863d75f9596" testListId="8c84fa94-04c1-424b-9868-57a2d4851a1d" />
    <TestEntry testId="176a39b7-5a56-778d-3917-c9942629793d" executionId="0af59894-aa06-4839-b260-78023b1ba97a" testListId="8c84fa94-04c1-424b-9868-57a2d4851a1d" />
    <TestEntry testId="199832f9-d1c4-82b4-6ea8-6f9b106eb51f" executionId="92f680e9-e7cb-4b7b-b818-d7afc2e8ce02" testListId="8c84fa94-04c1-424b-9868-57a2d4851a1d" />
    <TestEntry testId="24c04acd-26f2-cbd9-bbfa-3094dab94a1b" executionId="6e39a2a3-1edd-4afb-82fb-c374a1f4c6a0" testListId="8c84fa94-04c1-424b-9868-57a2d4851a1d" />
    <TestEntry testId="28f7f648-05a2-44d1-103b-7fd5a2e1924b" executionId="97e5430e-42f3-4e7c-b766-570760753bf5" testListId="8c84fa94-04c1-424b-9868-57a2d4851a1d" />
    <TestEntry testId="2cf52dbe-eb7f-1137-b0bc-942374cee146" executionId="4983d228-7e73-4e20-9f83-7880b52c78aa" testListId="8c84fa94-04c1-424b-9868-57a2d4851a1d" />
    <TestEntry testId="355d3f79-faa6-4ed9-bc49-0057d3295009" executionId="a8b97488-ce07-46a0-9bf9-db4845c370c8" testListId="8c84fa94-04c1-424b-9868-57a2d4851a1d" />
    <TestEntry testId="447f6a17-9c3f-29ed-3a8a-ed52d629683f" executionId="3fa89641-86df-414d-8e1c-737297afb743" testListId="8c84fa94-04c1-424b-9868-57a2d4851a1d" />
    <TestEntry testId="4846a8e9-75dc-cada-1387-c372c7702a90" executionId="8ba3ad76-1231-4fc4-bade-7e457b190e1a" testListId="8c84fa94-04c1-424b-9868-57a2d4851a1d" />
    <TestEntry testId="55d7d97b-90da-424d-f7a3-3b4d69b551e8" executionId="ddb51f70-ef69-41ce-98c7-663a0f212d6f" testListId="8c84fa94-04c1-424b-9868-57a2d4851a1d" />
    <TestEntry testId="719b99a2-ccd9-d901-c33e-c7ca5b16d735" executionId="b39d8e70-b3fe-49c5-a8cc-e13b453fc09d" testListId="8c84fa94-04c1-424b-9868-57a2d4851a1d" />
    <TestEntry testId="76663220-b66f-a344-1b95-70336a50cd79" executionId="e754a7f3-cc5c-4981-b824-c90de2d0cfb7" testListId="8c84fa94-04c1-424b-9868-57a2d4851a1d" />
    <TestEntry testId="78c91968-703b-bff5-6f93-3d07f3ffd761" executionId="4339af7a-fa7b-4cbe-b300-398066fd0e3a" testListId="8c84fa94-04c1-424b-9868-57a2d4851a1d" />
    <TestEntry testId="7de16891-0c69-f9dd-d022-02f5a9c59639" executionId="5d9f669a-a4ae-4390-96b2-220b69cb627f" testListId="8c84fa94-04c1-424b-9868-57a2d4851a1d" />
    <TestEntry testId="8107676f-e16c-cdfd-b679-3689e4311f36" executionId="37a2830a-6c2c-421b-b421-2a3dc6cad7ef" testListId="8c84fa94-04c1-424b-9868-57a2d4851a1d" />
    <TestEntry testId="84331712-c27b-c50b-772b-5da9c5e5f9ca" executionId="1f6a22c6-2fb5-4773-b7da-58f1fc6bf09d" testListId="8c84fa94-04c1-424b-9868-57a2d4851a1d" />
    <TestEntry testId="871f49a1-e582-cdac-a951-441af8971063" executionId="329de379-27db-4453-8dbc-af6a3ffe11ac" testListId="8c84fa94-04c1-424b-9868-57a2d4851a1d" />
    <TestEntry testId="8dcc9c7e-1445-b321-953e-5e9ded9d51f6" executionId="6cfe4aca-6bec-4903-a0aa-0ab672f50625" testListId="8c84fa94-04c1-424b-9868-57a2d4851a1d" />
    <TestEntry testId="9a8e8d08-2ba9-5e87-0fee-e892910cdbf8" executionId="7738d504-790c-48a3-87c9-5f79c7689f41" testListId="8c84fa94-04c1-424b-9868-57a2d4851a1d" />
    <TestEntry testId="9b2d885b-a8a7-03c1-299f-d762e20ec0ee" executionId="a0a12f8f-2606-4968-9263-ef373df64ac3" testListId="8c84fa94-04c1-424b-9868-57a2d4851a1d" />
    <TestEntry testId="a131c1cd-5ebb-f896-bf70-e19826c2755a" executionId="3671bdd5-e6e8-446c-9937-3fae448267b4" testListId="8c84fa94-04c1-424b-9868-57a2d4851a1d" />
    <TestEntry testId="b1659d28-b526-6c16-48de-69e9c7dcfe18" executionId="2478e87d-30f7-4c2b-b27f-907c8fe95e83" testListId="8c84fa94-04c1-424b-9868-57a2d4851a1d" />
    <TestEntry testId="b2747cb5-7215-0a6d-5362-1b292dab29c8" executionId="0c0706cf-a5c9-44db-93bb-8d57dc3bcd30" testListId="8c84fa94-04c1-424b-9868-57a2d4851a1d" />
    <TestEntry testId="c1a50ef4-2314-875b-518e-aabf370704d1" executionId="66283972-07a5-4288-a032-3c8b141d4339" testListId="8c84fa94-04c1-424b-9868-57a2d4851a1d" />
    <TestEntry testId="cf7300a1-3521-5eea-bdb6-deaacc452e6a" executionId="f9301f70-c08c-4bf3-bca8-77aefcac48d0" testListId="8c84fa94-04c1-424b-9868-57a2d4851a1d" />
    <TestEntry testId="e3259fc0-849f-28fd-20c2-ca89775496f9" executionId="5295bb22-e0ab-462f-ba2e-b75649d8e021" testListId="8c84fa94-04c1-424b-9868-57a2d4851a1d" />
    <TestEntry testId="ec648528-7639-30f5-a594-aa50e078b4a6" executionId="e7eda7c1-2228-4f73-ba5e-17ebc52b4aea" testListId="8c84fa94-04c1-424b-9868-57a2d4851a1d" />
  </TestEntries>
  <Results>
    <UnitTestResult executionId="05158155-e17b-4128-b92e-51fe5ede3c67" testId="0df82333-8dd3-2386-4548-831092c0a100" testName="TestAccountsWithSameNameCanExistInHierarchy" computerName="GARYHALL-PC" duration="00:00:00.0152849" startTime="2010-08-13T16:33:30.0153785+01:00" endTime="2010-08-13T16:33:30.3293964+01:00" testType="13cdc9d9-ddb5-4fa4-a97d-d965ccfc6d4b" outcome="Passed" testListId="8c84fa94-04c1-424b-9868-57a2d4851a1d" relativeResultsDirectory="05158155-e17b-4128-b92e-51fe5ede3c67">
    </UnitTestResult>
    <UnitTestResult executionId="327a8138-e7fd-4635-b8ad-7f3650bba65b" testId="0e419ff0-125a-7bf6-462b-1ac3be8e60b3" testName="TestMoneyLessThan_WithDifferentCurrencies" computerName="GARYHALL-PC" duration="00:00:00.0070127" startTime="2010-08-13T16:33:30.3313965+01:00" endTime="2010-08-13T16:33:30.3453973+01:00" testType="13cdc9d9-ddb5-4fa4-a97d-d965ccfc6d4b" outcome="Passed" testListId="8c84fa94-04c1-424b-9868-57a2d4851a1d" relativeResultsDirectory="327a8138-e7fd-4635-b8ad-7f3650bba65b">
    </UnitTestResult>
    <UnitTestResult executionId="3656fc9a-5878-4775-b387-e863d75f9596" testId="14c26f63-240b-e300-a8d6-f98af12ef12c" testName="TestIntegerMultiplication" computerName="GARYHALL-PC" duration="00:00:00.0019066" startTime="2010-08-13T16:33:30.3533978+01:00" endTime="2010-08-13T16:33:30.3603982+01:00" testType="13cdc9d9-ddb5-4fa4-a97d-d965ccfc6d4b" outcome="Passed" testListId="8c84fa94-04c1-424b-9868-57a2d4851a1d" relativeResultsDirectory="3656fc9a-5878-4775-b387-e863d75f9596">
    </UnitTestResult>
    <UnitTestResult executionId="0af59894-aa06-4839-b260-78023b1ba97a" testId="176a39b7-5a56-778d-3917-c9942629793d" testName="TestMoneyAddition" computerName="GARYHALL-PC" duration="00:00:00.0008157" startTime="2010-08-13T16:33:30.3623983+01:00" endTime="2010-08-13T16:33:30.3693987+01:00" testType="13cdc9d9-ddb5-4fa4-a97d-d965ccfc6d4b" outcome="Passed" testListId="8c84fa94-04c1-424b-9868-57a2d4851a1d" relativeResultsDirectory="0af59894-aa06-4839-b260-78023b1ba97a">
    </UnitTestResult>
    <UnitTestResult executionId="92f680e9-e7cb-4b7b-b818-d7afc2e8ce02" testId="199832f9-d1c4-82b4-6ea8-6f9b106eb51f" testName="TestMoneyGreaterThan_WithDifferentCurrencies" computerName="GARYHALL-PC" duration="00:00:00.0008801" startTime="2010-08-13T16:33:30.3713988+01:00" endTime="2010-08-13T16:33:30.3783992+01:00" testType="13cdc9d9-ddb5-4fa4-a97d-d965ccfc6d4b" outcome="Passed" testListId="8c84fa94-04c1-424b-9868-57a2d4851a1d" relativeResultsDirectory="92f680e9-e7cb-4b7b-b818-d7afc2e8ce02">
    </UnitTestResult>
    <UnitTestResult executionId="6e39a2a3-1edd-4afb-82fb-c374a1f4c6a0" testId="24c04acd-26f2-cbd9-bbfa-3094dab94a1b" testName="TestMoneyLessThanOrEqualTo" computerName="GARYHALL-PC" duration="00:00:00.0004688" startTime="2010-08-13T16:33:30.3803993+01:00" endTime="2010-08-13T16:33:30.3863997+01:00" testType="13cdc9d9-ddb5-4fa4-a97d-d965ccfc6d4b" outcome="Passed" testListId="8c84fa94-04c1-424b-9868-57a2d4851a1d" relativeResultsDirectory="6e39a2a3-1edd-4afb-82fb-c374a1f4c6a0">
    </UnitTestResult>
    <UnitTestResult executionId="97e5430e-42f3-4e7c-b766-570760753bf5" testId="28f7f648-05a2-44d1-103b-7fd5a2e1924b" testName="TestMoneyGreaterThanOrEqualTo" computerName="GARYHALL-PC" duration="00:00:00.0004462" startTime="2010-08-13T16:33:30.3883998+01:00" endTime="2010-08-13T16:33:30.3944001+01:00" testType="13cdc9d9-ddb5-4fa4-a97d-d965ccfc6d4b" outcome="Passed" testListId="8c84fa94-04c1-424b-9868-57a2d4851a1d" relativeResultsDirectory="97e5430e-42f3-4e7c-b766-570760753bf5">
    </UnitTestResult>
    <UnitTestResult executionId="4983d228-7e73-4e20-9f83-7880b52c78aa" testId="2cf52dbe-eb7f-1137-b0bc-942374cee146" testName="TestAccountsWithSameNameCannotShareParent" computerName="GARYHALL-PC" duration="00:00:00.0008848" startTime="2010-08-13T16:33:30.3964003+01:00" endTime="2010-08-13T16:33:30.4024006+01:00" testType="13cdc9d9-ddb5-4fa4-a97d-d965ccfc6d4b" outcome="Passed" testListId="8c84fa94-04c1-424b-9868-57a2d4851a1d" relativeResultsDirectory="4983d228-7e73-4e20-9f83-7880b52c78aa">
    </UnitTestResult>
    <UnitTestResult executionId="a8b97488-ce07-46a0-9bf9-db4845c370c8" testId="355d3f79-faa6-4ed9-bc49-0057d3295009" testName="TestAccountBalanceAllDeposits" computerName="GARYHALL-PC" duration="00:00:00.0214874" startTime="2010-08-13T16:33:30.4044007+01:00" endTime="2010-08-13T16:33:30.4324023+01:00" testType="13cdc9d9-ddb5-4fa4-a97d-d965ccfc6d4b" outcome="Failed" testListId="8c84fa94-04c1-424b-9868-57a2d4851a1d" relativeResultsDirectory="a8b97488-ce07-46a0-9bf9-db4845c370c8">
      <Output>
        <ErrorInfo>
          <Message>Assert.AreEqual failed. Expected:&lt;MyMoney.Model.Money&gt;. Actual:&lt;MyMoney.Model.Money&gt;. </Message>
          <StackTrace>   at MyMoney.Model.Test.LeafAccountTests.TestAccountBalanceAllDeposits() in D:\Users7\Gary Hall\Development\MyMoney.Model\MyMoney.Model.Test\LeafAccountTests.cs:line 31
</StackTrace>
        </ErrorInfo>
      </Output>
    </UnitTestResult>
    <UnitTestResult executionId="3fa89641-86df-414d-8e1c-737297afb743" testId="447f6a17-9c3f-29ed-3a8a-ed52d629683f" testName="TestAccountOnlyAppearsOnceInHierarchy" computerName="GARYHALL-PC" duration="00:00:00.0005256" startTime="2010-08-13T16:33:30.4344024+01:00" endTime="2010-08-13T16:33:30.4404028+01:00" testType="13cdc9d9-ddb5-4fa4-a97d-d965ccfc6d4b" outcome="Passed" testListId="8c84fa94-04c1-424b-9868-57a2d4851a1d" relativeResultsDirectory="3fa89641-86df-414d-8e1c-737297afb743">
    </UnitTestResult>
    <UnitTestResult executionId="8ba3ad76-1231-4fc4-bade-7e457b190e1a" testId="4846a8e9-75dc-cada-1387-c372c7702a90" testName="TestRemoveAccount" computerName="GARYHALL-PC" duration="00:00:00.0007124" startTime="2010-08-13T16:33:30.4424029+01:00" endTime="2010-08-13T16:33:30.4494033+01:00" testType="13cdc9d9-ddb5-4fa4-a97d-d965ccfc6d4b" outcome="Passed" testListId="8c84fa94-04c1-424b-9868-57a2d4851a1d" relativeResultsDirectory="8ba3ad76-1231-4fc4-bade-7e457b190e1a">
    </UnitTestResult>
    <UnitTestResult executionId="ddb51f70-ef69-41ce-98c7-663a0f212d6f" testId="55d7d97b-90da-424d-f7a3-3b4d69b551e8" testName="TestIntegerDivision" computerName="GARYHALL-PC" duration="00:00:00.0004637" startTime="2010-08-13T16:33:30.4514034+01:00" endTime="2010-08-13T16:33:30.4574038+01:00" testType="13cdc9d9-ddb5-4fa4-a97d-d965ccfc6d4b" outcome="Passed" testListId="8c84fa94-04c1-424b-9868-57a2d4851a1d" relativeResultsDirectory="ddb51f70-ef69-41ce-98c7-663a0f212d6f">
    </UnitTestResult>
    <UnitTestResult executionId="b39d8e70-b3fe-49c5-a8cc-e13b453fc09d" testId="719b99a2-ccd9-d901-c33e-c7ca5b16d735" testName="TestAccountsCannotBeDirectlyCyclical" computerName="GARYHALL-PC" duration="00:00:00.0005392" startTime="2010-08-13T16:33:30.4594039+01:00" endTime="2010-08-13T16:33:30.4654042+01:00" testType="13cdc9d9-ddb5-4fa4-a97d-d965ccfc6d4b" outcome="Passed" testListId="8c84fa94-04c1-424b-9868-57a2d4851a1d" relativeResultsDirectory="b39d8e70-b3fe-49c5-a8cc-e13b453fc09d">
    </UnitTestResult>
    <UnitTestResult executionId="e754a7f3-cc5c-4981-b824-c90de2d0cfb7" testId="76663220-b66f-a344-1b95-70336a50cd79" testName="TestMoneySubtraction" computerName="GARYHALL-PC" duration="00:00:00.0005849" startTime="2010-08-13T16:33:30.4674043+01:00" endTime="2010-08-13T16:33:30.4734047+01:00" testType="13cdc9d9-ddb5-4fa4-a97d-d965ccfc6d4b" outcome="Passed" testListId="8c84fa94-04c1-424b-9868-57a2d4851a1d" relativeResultsDirectory="e754a7f3-cc5c-4981-b824-c90de2d0cfb7">
    </UnitTestResult>
    <UnitTestResult executionId="4339af7a-fa7b-4cbe-b300-398066fd0e3a" testId="78c91968-703b-bff5-6f93-3d07f3ffd761" testName="TestMoneyEquality" computerName="GARYHALL-PC" duration="00:00:00.0004906" startTime="2010-08-13T16:33:30.4754048+01:00" endTime="2010-08-13T16:33:30.4814051+01:00" testType="13cdc9d9-ddb5-4fa4-a97d-d965ccfc6d4b" outcome="Passed" testListId="8c84fa94-04c1-424b-9868-57a2d4851a1d" relativeResultsDirectory="4339af7a-fa7b-4cbe-b300-398066fd0e3a">
    </UnitTestResult>
    <UnitTestResult executionId="5d9f669a-a4ae-4390-96b2-220b69cb627f" testId="7de16891-0c69-f9dd-d022-02f5a9c59639" testName="TestMoneySubtraction_WithDifferentCurrencies" computerName="GARYHALL-PC" duration="00:00:00.0003204" startTime="2010-08-13T16:33:30.4834052+01:00" endTime="2010-08-13T16:33:30.4884055+01:00" testType="13cdc9d9-ddb5-4fa4-a97d-d965ccfc6d4b" outcome="Passed" testListId="8c84fa94-04c1-424b-9868-57a2d4851a1d" relativeResultsDirectory="5d9f669a-a4ae-4390-96b2-220b69cb627f">
    </UnitTestResult>
    <UnitTestResult executionId="37a2830a-6c2c-421b-b421-2a3dc6cad7ef" testId="8107676f-e16c-cdfd-b679-3689e4311f36" testName="TestMoneyInequality" computerName="GARYHALL-PC" duration="00:00:00.0003605" startTime="2010-08-13T16:33:30.4904056+01:00" endTime="2010-08-13T16:33:30.4964060+01:00" testType="13cdc9d9-ddb5-4fa4-a97d-d965ccfc6d4b" outcome="Passed" testListId="8c84fa94-04c1-424b-9868-57a2d4851a1d" relativeResultsDirectory="37a2830a-6c2c-421b-b421-2a3dc6cad7ef">
    </UnitTestResult>
    <UnitTestResult executionId="1f6a22c6-2fb5-4773-b7da-58f1fc6bf09d" testId="84331712-c27b-c50b-772b-5da9c5e5f9ca" testName="TestAccountsCannotBeIndirectlyCyclical" computerName="GARYHALL-PC" duration="00:00:00.0005273" startTime="2010-08-13T16:33:30.4984061+01:00" endTime="2010-08-13T16:33:30.5114068+01:00" testType="13cdc9d9-ddb5-4fa4-a97d-d965ccfc6d4b" outcome="Passed" testListId="8c84fa94-04c1-424b-9868-57a2d4851a1d" relativeResultsDirectory="1f6a22c6-2fb5-4773-b7da-58f1fc6bf09d">
    </UnitTestResult>
    <UnitTestResult executionId="329de379-27db-4453-8dbc-af6a3ffe11ac" testId="871f49a1-e582-cdac-a951-441af8971063" testName="TestMoneyLessThanOrEqualTo_WithDifferentCurrencies" computerName="GARYHALL-PC" duration="00:00:00.0005960" startTime="2010-08-13T16:33:30.5134070+01:00" endTime="2010-08-13T16:33:30.5184072+01:00" testType="13cdc9d9-ddb5-4fa4-a97d-d965ccfc6d4b" outcome="Passed" testListId="8c84fa94-04c1-424b-9868-57a2d4851a1d" relativeResultsDirectory="329de379-27db-4453-8dbc-af6a3ffe11ac">
    </UnitTestResult>
    <UnitTestResult executionId="6cfe4aca-6bec-4903-a0aa-0ab672f50625" testId="8dcc9c7e-1445-b321-953e-5e9ded9d51f6" testName="TestMoneyAddition_WithDifferentCurrencies" computerName="GARYHALL-PC" duration="00:00:00.0003387" startTime="2010-08-13T16:33:30.5204074+01:00" endTime="2010-08-13T16:33:30.5254076+01:00" testType="13cdc9d9-ddb5-4fa4-a97d-d965ccfc6d4b" outcome="Passed" testListId="8c84fa94-04c1-424b-9868-57a2d4851a1d" relativeResultsDirectory="6cfe4aca-6bec-4903-a0aa-0ab672f50625">
    </UnitTestResult>
    <UnitTestResult executionId="7738d504-790c-48a3-87c9-5f79c7689f41" testId="9a8e8d08-2ba9-5e87-0fee-e892910cdbf8" testName="TestCalculateNewBalanceWithDeposit" computerName="GARYHALL-PC" duration="00:00:00.0007598" startTime="2010-08-13T16:33:30.5274078+01:00" endTime="2010-08-13T16:33:30.5344082+01:00" testType="13cdc9d9-ddb5-4fa4-a97d-d965ccfc6d4b" outcome="Passed" testListId="8c84fa94-04c1-424b-9868-57a2d4851a1d" relativeResultsDirectory="7738d504-790c-48a3-87c9-5f79c7689f41">
    </UnitTestResult>
    <UnitTestResult executionId="a0a12f8f-2606-4968-9263-ef373df64ac3" testId="9b2d885b-a8a7-03c1-299f-d762e20ec0ee" testName="TestDecimalAddition" computerName="GARYHALL-PC" duration="00:00:00.0004338" startTime="2010-08-13T16:33:30.5374083+01:00" endTime="2010-08-13T16:33:30.5434087+01:00" testType="13cdc9d9-ddb5-4fa4-a97d-d965ccfc6d4b" outcome="Passed" testListId="8c84fa94-04c1-424b-9868-57a2d4851a1d" relativeResultsDirectory="a0a12f8f-2606-4968-9263-ef373df64ac3">
    </UnitTestResult>
    <UnitTestResult executionId="3671bdd5-e6e8-446c-9937-3fae448267b4" testId="a131c1cd-5ebb-f896-bf70-e19826c2755a" testName="TestMoneyGreaterThan" computerName="GARYHALL-PC" duration="00:00:00.0004159" startTime="2010-08-13T16:33:30.5454088+01:00" endTime="2010-08-13T16:33:30.5514091+01:00" testType="13cdc9d9-ddb5-4fa4-a97d-d965ccfc6d4b" outcome="Passed" testListId="8c84fa94-04c1-424b-9868-57a2d4851a1d" relativeResultsDirectory="3671bdd5-e6e8-446c-9937-3fae448267b4">
    </UnitTestResult>
    <UnitTestResult executionId="2478e87d-30f7-4c2b-b27f-907c8fe95e83" testId="b1659d28-b526-6c16-48de-69e9c7dcfe18" testName="TestDefaultAccountBalanceIsZero" computerName="GARYHALL-PC" duration="00:00:00.0002350" startTime="2010-08-13T16:33:30.5544093+01:00" endTime="2010-08-13T16:33:30.5604096+01:00" testType="13cdc9d9-ddb5-4fa4-a97d-d965ccfc6d4b" outcome="Passed" testListId="8c84fa94-04c1-424b-9868-57a2d4851a1d" relativeResultsDirectory="2478e87d-30f7-4c2b-b27f-907c8fe95e83">
    </UnitTestResult>
    <UnitTestResult executionId="0c0706cf-a5c9-44db-93bb-8d57dc3bcd30" testId="b2747cb5-7215-0a6d-5362-1b292dab29c8" testName="TestAddAccount" computerName="GARYHALL-PC" duration="00:00:00.0004590" startTime="2010-08-13T16:33:30.5614097+01:00" endTime="2010-08-13T16:33:30.5674100+01:00" testType="13cdc9d9-ddb5-4fa4-a97d-d965ccfc6d4b" outcome="Passed" testListId="8c84fa94-04c1-424b-9868-57a2d4851a1d" relativeResultsDirectory="0c0706cf-a5c9-44db-93bb-8d57dc3bcd30">
    </UnitTestResult>
    <UnitTestResult executionId="66283972-07a5-4288-a032-3c8b141d4339" testId="c1a50ef4-2314-875b-518e-aabf370704d1" testName="TestMoneyLessThan" computerName="GARYHALL-PC" duration="00:00:00.0002828" startTime="2010-08-13T16:33:30.5694102+01:00" endTime="2010-08-13T16:33:30.5744104+01:00" testType="13cdc9d9-ddb5-4fa4-a97d-d965ccfc6d4b" outcome="Passed" testListId="8c84fa94-04c1-424b-9868-57a2d4851a1d" relativeResultsDirectory="66283972-07a5-4288-a032-3c8b141d4339">
    </UnitTestResult>
    <UnitTestResult executionId="f9301f70-c08c-4bf3-bca8-77aefcac48d0" testId="cf7300a1-3521-5eea-bdb6-deaacc452e6a" testName="TestCalculateNewBalanceWithWithdrawal" computerName="GARYHALL-PC" duration="00:00:00.0003784" startTime="2010-08-13T16:33:30.5754105+01:00" endTime="2010-08-13T16:33:30.5804108+01:00" testType="13cdc9d9-ddb5-4fa4-a97d-d965ccfc6d4b" outcome="Passed" testListId="8c84fa94-04c1-424b-9868-57a2d4851a1d" relativeResultsDirectory="f9301f70-c08c-4bf3-bca8-77aefcac48d0">
    </UnitTestResult>
    <UnitTestResult executionId="5295bb22-e0ab-462f-ba2e-b75649d8e021" testId="e3259fc0-849f-28fd-20c2-ca89775496f9" testName="TestMoneyGreaterThanOrEqualTo_WithDifferentCurrencies" computerName="GARYHALL-PC" duration="00:00:00.0005746" startTime="2010-08-13T16:33:30.5824109+01:00" endTime="2010-08-13T16:33:30.5874112+01:00" testType="13cdc9d9-ddb5-4fa4-a97d-d965ccfc6d4b" outcome="Passed" testListId="8c84fa94-04c1-424b-9868-57a2d4851a1d" relativeResultsDirectory="5295bb22-e0ab-462f-ba2e-b75649d8e021">
    </UnitTestResult>
    <UnitTestResult executionId="e7eda7c1-2228-4f73-ba5e-17ebc52b4aea" testId="ec648528-7639-30f5-a594-aa50e078b4a6" testName="TestDecimalSubtraction" computerName="GARYHALL-PC" duration="00:00:00.0004185" startTime="2010-08-13T16:33:30.5904114+01:00" endTime="2010-08-13T16:33:30.5974118+01:00" testType="13cdc9d9-ddb5-4fa4-a97d-d965ccfc6d4b" outcome="Passed" testListId="8c84fa94-04c1-424b-9868-57a2d4851a1d" relativeResultsDirectory="e7eda7c1-2228-4f73-ba5e-17ebc52b4aea">
    </UnitTestResult>
  </Results>
</TestRun>