<?xml version="1.0" encoding="UTF-8"?>
<TestRun id="ecc652fd-3273-4478-b62d-75e88b839d64" name="Gary Hall@GARYHALL-PC 2010-08-13 22:08:57" runUser="GaryHall-PC\Gary Hall" xmlns="http://microsoft.com/schemas/VisualStudio/TeamTest/2010">
  <TestSettings name="Local" id="e533ef08-9b5d-45f9-9cf4-b65cf17f0508">
    <Description>These are default test settings for a local test run.</Description>
    <Deployment enabled="false" runDeploymentRoot="Gary Hall_GARYHALL-PC 2010-08-13 22_08_57">
      <DeploymentItem filename="D:\Users7\Gary Hall\Development\MyMoney.Model\MyMoney.Model\bin\Debug\MyMoney.Model.dll" />
    </Deployment>
    <Execution>
      <TestTypeSpecific />
      <AgentRule name="Execution Agents">
      </AgentRule>
    </Execution>
  </TestSettings>
  <Times creation="2010-08-13T22:08:57.5966103+01:00" queuing="2010-08-13T22:09:00.0807523+01:00" start="2010-08-13T22:09:00.2427616+01:00" finish="2010-08-13T22:09:23.6210988+01:00" />
  <ResultSummary outcome="Failed">
    <Counters total="1" executed="1" error="0" failed="1" timeout="0" aborted="0" inconclusive="0" passedButRunAborted="0" notRunnable="0" notExecuted="0" disconnected="0" warning="0" passed="0" completed="0" inProgress="0" pending="0" />
  </ResultSummary>
  <TestDefinitions>
    <UnitTest name="TestNetWorth" storage="d:\users7\gary hall\development\mymoney.model\mymoney.model.test\bin\debug\mymoney.model.test.dll" id="1fcf22cd-f54d-e1e6-fd31-6cfb148ed886">
      <Execution id="e2b816bd-ef23-4a51-b7a2-dfdeaebe2441" />
      <TestMethod codeBase="D:/Users7/Gary Hall/Development/MyMoney.Model/MyMoney.Model.Test/bin/Debug/MyMoney.Model.Test.DLL" adapterTypeName="Microsoft.VisualStudio.TestTools.TestTypes.Unit.UnitTestAdapter, Microsoft.VisualStudio.QualityTools.Tips.UnitTest.Adapter, Version=10.0.0.0, Culture=neutral, PublicKeyToken=b03f5f7f11d50a3a" className="MyMoney.Model.Test.PersonTests, MyMoney.Model.Test, Version=1.0.0.0, Culture=neutral, PublicKeyToken=null" name="TestNetWorth" />
    </UnitTest>
  </TestDefinitions>
  <TestLists>
    <TestList name="Results Not in a List" id="8c84fa94-04c1-424b-9868-57a2d4851a1d" />
    <TestList name="All Loaded Results" id="19431567-8539-422a-85d7-44ee4e166bda" />
  </TestLists>
  <TestEntries>
    <TestEntry testId="1fcf22cd-f54d-e1e6-fd31-6cfb148ed886" executionId="e2b816bd-ef23-4a51-b7a2-dfdeaebe2441" testListId="8c84fa94-04c1-424b-9868-57a2d4851a1d" />
  </TestEntries>
  <Results>
    <UnitTestResult executionId="e2b816bd-ef23-4a51-b7a2-dfdeaebe2441" testId="1fcf22cd-f54d-e1e6-fd31-6cfb148ed886" testName="TestNetWorth" computerName="GARYHALL-PC" duration="00:00:22.1117465" startTime="2010-08-13T22:09:00.3857698+01:00" endTime="2010-08-13T22:09:23.5160928+01:00" testType="13cdc9d9-ddb5-4fa4-a97d-d965ccfc6d4b" outcome="Failed" testListId="8c84fa94-04c1-424b-9868-57a2d4851a1d" relativeResultsDirectory="e2b816bd-ef23-4a51-b7a2-dfdeaebe2441">
      <Output>
        <ErrorInfo>
          <Message>Assert.AreEqual failed. Expected:&lt;MyMoney.Model.Money&gt;. Actual:&lt;MyMoney.Model.Money&gt;. </Message>
          <StackTrace>   at MyMoney.Model.Test.PersonTests.TestNetWorth() in D:\Users7\Gary Hall\Development\MyMoney.Model\MyMoney.Model.Test\PersonTests.cs:line 64
</StackTrace>
        </ErrorInfo>
      </Output>
    </UnitTestResult>
  </Results>
</TestRun>