<?xml version="1.0" encoding="UTF-8"?>
<TestRun id="eae7869d-2a2d-4c60-84c2-147c6a5ec7c7" name="Gary Hall@GARYHALL-PC 2010-08-13 22:07:41" runUser="GaryHall-PC\Gary Hall" xmlns="http://microsoft.com/schemas/VisualStudio/TeamTest/2010">
  <TestSettings name="Local" id="e533ef08-9b5d-45f9-9cf4-b65cf17f0508">
    <Description>These are default test settings for a local test run.</Description>
    <Deployment enabled="false" runDeploymentRoot="Gary Hall_GARYHALL-PC 2010-08-13 22_07_41">
      <DeploymentItem filename="D:\Users7\Gary Hall\Development\MyMoney.Model\MyMoney.Model\bin\Debug\MyMoney.Model.dll" />
    </Deployment>
    <Execution>
      <TestTypeSpecific />
      <AgentRule name="Execution Agents">
      </AgentRule>
    </Execution>
  </TestSettings>
  <Times creation="2010-08-13T22:07:41.0132299+01:00" queuing="2010-08-13T22:07:43.5533752+01:00" start="2010-08-13T22:07:43.7033838+01:00" finish="2010-08-13T22:08:00.0203171+01:00" />
  <ResultSummary outcome="Error">
    <Counters total="1" executed="1" error="0" failed="0" timeout="0" aborted="1" inconclusive="0" passedButRunAborted="0" notRunnable="0" notExecuted="0" disconnected="0" warning="0" passed="0" completed="0" inProgress="0" pending="0" />
    <RunInfos>
      <RunInfo computerName="GARYHALL-PC" outcome="Error" timestamp="2010-08-13T22:08:00.0183170+01:00">
        <Text>Test host process exited unexpectedly.</Text>
      </RunInfo>
    </RunInfos>
  </ResultSummary>
  <TestDefinitions>
    <UnitTest name="TestNetWorth" storage="d:\users7\gary hall\development\mymoney.model\mymoney.model.test\bin\debug\mymoney.model.test.dll" id="1fcf22cd-f54d-e1e6-fd31-6cfb148ed886">
      <Execution id="f462e566-5e0b-4cce-ac99-45a1923be8aa" />
      <TestMethod codeBase="D:/Users7/Gary Hall/Development/MyMoney.Model/MyMoney.Model.Test/bin/Debug/MyMoney.Model.Test.DLL" adapterTypeName="Microsoft.VisualStudio.TestTools.TestTypes.Unit.UnitTestAdapter, Microsoft.VisualStudio.QualityTools.Tips.UnitTest.Adapter, Version=10.0.0.0, Culture=neutral, PublicKeyToken=b03f5f7f11d50a3a" className="MyMoney.Model.Test.PersonTests, MyMoney.Model.Test, Version=1.0.0.0, Culture=neutral, PublicKeyToken=null" name="TestNetWorth" />
    </UnitTest>
  </TestDefinitions>
  <TestLists>
    <TestList name="Results Not in a List" id="8c84fa94-04c1-424b-9868-57a2d4851a1d" />
    <TestList name="All Loaded Results" id="19431567-8539-422a-85d7-44ee4e166bda" />
  </TestLists>
  <TestEntries>
    <TestEntry testId="1fcf22cd-f54d-e1e6-fd31-6cfb148ed886" executionId="f462e566-5e0b-4cce-ac99-45a1923be8aa" testListId="8c84fa94-04c1-424b-9868-57a2d4851a1d" />
  </TestEntries>
  <Results>
    <UnitTestResult executionId="f462e566-5e0b-4cce-ac99-45a1923be8aa" testId="1fcf22cd-f54d-e1e6-fd31-6cfb148ed886" testName="TestNetWorth" computerName="GARYHALL-PC" duration="00:00:16.1729250" startTime="2010-08-13T22:07:43.8473921+01:00" endTime="2010-08-13T22:08:00.0203171+01:00" testType="13cdc9d9-ddb5-4fa4-a97d-d965ccfc6d4b" outcome="Aborted" testListId="8c84fa94-04c1-424b-9868-57a2d4851a1d" relativeResultsDirectory="f462e566-5e0b-4cce-ac99-45a1923be8aa">
    </UnitTestResult>
  </Results>
</TestRun>