<?xml version="1.0" encoding="UTF-8"?>
<TestRun id="fe2d11e1-7f2f-4de1-8df4-575c0fe7910b" name="Gary Hall@GARYHALL-PC 2010-08-13 16:35:00" runUser="GaryHall-PC\Gary Hall" xmlns="http://microsoft.com/schemas/VisualStudio/TeamTest/2010">
  <TestSettings name="Local" id="e533ef08-9b5d-45f9-9cf4-b65cf17f0508">
    <Description>These are default test settings for a local test run.</Description>
    <Deployment enabled="false" runDeploymentRoot="Gary Hall_GARYHALL-PC 2010-08-13 16_35_00">
      <DeploymentItem filename="D:\Users7\Gary Hall\Development\MyMoney.Model\MyMoney.Model\bin\Debug\MyMoney.Model.dll" />
    </Deployment>
    <Execution>
      <TestTypeSpecific />
      <AgentRule name="Execution Agents">
      </AgentRule>
    </Execution>
  </TestSettings>
  <Times creation="2010-08-13T16:35:00.1505339+01:00" queuing="2010-08-13T16:35:01.6886219+01:00" start="2010-08-13T16:35:01.7056229+01:00" finish="2010-08-13T16:35:02.2576544+01:00" />
  <ResultSummary outcome="Failed">
    <Counters total="29" executed="29" passed="28" error="0" failed="1" timeout="0" aborted="0" inconclusive="0" passedButRunAborted="0" notRunnable="0" notExecuted="0" disconnected="0" warning="0" completed="0" inProgress="0" pending="0" />
  </ResultSummary>
  <TestDefinitions>
    <UnitTest name="TestAccountsCannotBeDirectlyCyclical" storage="d:\users7\gary hall\development\mymoney.model\mymoney.model.test\bin\debug\mymoney.model.test.dll" id="719b99a2-ccd9-d901-c33e-c7ca5b16d735">
      <Execution id="96650d26-be5e-461e-8dbc-3a68cfd13e3c" />
      <TestMethod codeBase="D:/Users7/Gary Hall/Development/MyMoney.Model/MyMoney.Model.Test/bin/Debug/MyMoney.Model.Test.DLL" adapterTypeName="Microsoft.VisualStudio.TestTools.TestTypes.Unit.UnitTestAdapter, Microsoft.VisualStudio.QualityTools.Tips.UnitTest.Adapter, Version=10.0.0.0, Culture=neutral, PublicKeyToken=b03f5f7f11d50a3a" className="MyMoney.Model.Test.CompositeAccountTests, MyMoney.Model.Test, Version=1.0.0.0, Culture=neutral, PublicKeyToken=null" name="TestAccountsCannotBeDirectlyCyclical" />
    </UnitTest>
    <UnitTest name="TestMoneyGreaterThan" storage="d:\users7\gary hall\development\mymoney.model\mymoney.model.test\bin\debug\mymoney.model.test.dll" id="a131c1cd-5ebb-f896-bf70-e19826c2755a">
      <Execution id="f511827e-7f26-4af3-b93f-0eacd2a1db0c" />
      <TestMethod codeBase="D:/Users7/Gary Hall/Development/MyMoney.Model/MyMoney.Model.Test/bin/Debug/MyMoney.Model.Test.DLL" adapterTypeName="Microsoft.VisualStudio.TestTools.TestTypes.Unit.UnitTestAdapter, Microsoft.VisualStudio.QualityTools.Tips.UnitTest.Adapter, Version=10.0.0.0, Culture=neutral, PublicKeyToken=b03f5f7f11d50a3a" className="MyMoney.Model.Test.MoneyTests, MyMoney.Model.Test, Version=1.0.0.0, Culture=neutral, PublicKeyToken=null" name="TestMoneyGreaterThan" />
    </UnitTest>
    <UnitTest name="TestDecimalSubtraction" storage="d:\users7\gary hall\development\mymoney.model\mymoney.model.test\bin\debug\mymoney.model.test.dll" id="ec648528-7639-30f5-a594-aa50e078b4a6">
      <Execution id="c2325c5c-99ef-4bde-917a-fea3356742ba" />
      <TestMethod codeBase="D:/Users7/Gary Hall/Development/MyMoney.Model/MyMoney.Model.Test/bin/Debug/MyMoney.Model.Test.DLL" adapterTypeName="Microsoft.VisualStudio.TestTools.TestTypes.Unit.UnitTestAdapter, Microsoft.VisualStudio.QualityTools.Tips.UnitTest.Adapter, Version=10.0.0.0, Culture=neutral, PublicKeyToken=b03f5f7f11d50a3a" className="MyMoney.Model.Test.MoneyTests, MyMoney.Model.Test, Version=1.0.0.0, Culture=neutral, PublicKeyToken=null" name="TestDecimalSubtraction" />
    </UnitTest>
    <UnitTest name="TestCalculateNewBalanceWithWithdrawal" storage="d:\users7\gary hall\development\mymoney.model\mymoney.model.test\bin\debug\mymoney.model.test.dll" id="cf7300a1-3521-5eea-bdb6-deaacc452e6a">
      <Execution id="85945ada-ac80-4192-a966-eb64ad211626" />
      <TestMethod codeBase="D:/Users7/Gary Hall/Development/MyMoney.Model/MyMoney.Model.Test/bin/Debug/MyMoney.Model.Test.DLL" adapterTypeName="Microsoft.VisualStudio.TestTools.TestTypes.Unit.UnitTestAdapter, Microsoft.VisualStudio.QualityTools.Tips.UnitTest.Adapter, Version=10.0.0.0, Culture=neutral, PublicKeyToken=b03f5f7f11d50a3a" className="MyMoney.Model.Test.EntryTests, MyMoney.Model.Test, Version=1.0.0.0, Culture=neutral, PublicKeyToken=null" name="TestCalculateNewBalanceWithWithdrawal" />
    </UnitTest>
    <UnitTest name="TestMoneyLessThan_WithDifferentCurrencies" storage="d:\users7\gary hall\development\mymoney.model\mymoney.model.test\bin\debug\mymoney.model.test.dll" id="0e419ff0-125a-7bf6-462b-1ac3be8e60b3">
      <Execution id="44430751-cbcc-488a-8192-043e67995663" />
      <TestMethod codeBase="D:/Users7/Gary Hall/Development/MyMoney.Model/MyMoney.Model.Test/bin/Debug/MyMoney.Model.Test.DLL" adapterTypeName="Microsoft.VisualStudio.TestTools.TestTypes.Unit.UnitTestAdapter, Microsoft.VisualStudio.QualityTools.Tips.UnitTest.Adapter, Version=10.0.0.0, Culture=neutral, PublicKeyToken=b03f5f7f11d50a3a" className="MyMoney.Model.Test.MoneyTests, MyMoney.Model.Test, Version=1.0.0.0, Culture=neutral, PublicKeyToken=null" name="TestMoneyLessThan_WithDifferentCurrencies" />
    </UnitTest>
    <UnitTest name="TestMoneySubtraction" storage="d:\users7\gary hall\development\mymoney.model\mymoney.model.test\bin\debug\mymoney.model.test.dll" id="76663220-b66f-a344-1b95-70336a50cd79">
      <Execution id="e2584e1e-9240-439b-9a13-934a4629987d" />
      <TestMethod codeBase="D:/Users7/Gary Hall/Development/MyMoney.Model/MyMoney.Model.Test/bin/Debug/MyMoney.Model.Test.DLL" adapterTypeName="Microsoft.VisualStudio.TestTools.TestTypes.Unit.UnitTestAdapter, Microsoft.VisualStudio.QualityTools.Tips.UnitTest.Adapter, Version=10.0.0.0, Culture=neutral, PublicKeyToken=b03f5f7f11d50a3a" className="MyMoney.Model.Test.MoneyTests, MyMoney.Model.Test, Version=1.0.0.0, Culture=neutral, PublicKeyToken=null" name="TestMoneySubtraction" />
    </UnitTest>
    <UnitTest name="TestRemoveAccount" storage="d:\users7\gary hall\development\mymoney.model\mymoney.model.test\bin\debug\mymoney.model.test.dll" id="4846a8e9-75dc-cada-1387-c372c7702a90">
      <Execution id="605026fe-9f35-45da-995e-98431c811cf2" />
      <TestMethod codeBase="D:/Users7/Gary Hall/Development/MyMoney.Model/MyMoney.Model.Test/bin/Debug/MyMoney.Model.Test.DLL" adapterTypeName="Microsoft.VisualStudio.TestTools.TestTypes.Unit.UnitTestAdapter, Microsoft.VisualStudio.QualityTools.Tips.UnitTest.Adapter, Version=10.0.0.0, Culture=neutral, PublicKeyToken=b03f5f7f11d50a3a" className="MyMoney.Model.Test.CompositeAccountTests, MyMoney.Model.Test, Version=1.0.0.0, Culture=neutral, PublicKeyToken=null" name="TestRemoveAccount" />
    </UnitTest>
    <UnitTest name="TestAccountBalanceAllDeposits" storage="d:\users7\gary hall\development\mymoney.model\mymoney.model.test\bin\debug\mymoney.model.test.dll" id="355d3f79-faa6-4ed9-bc49-0057d3295009">
      <Execution id="7e2611af-29fc-409b-8f82-acb9531d8178" />
      <TestMethod codeBase="D:/Users7/Gary Hall/Development/MyMoney.Model/MyMoney.Model.Test/bin/Debug/MyMoney.Model.Test.DLL" adapterTypeName="Microsoft.VisualStudio.TestTools.TestTypes.Unit.UnitTestAdapter, Microsoft.VisualStudio.QualityTools.Tips.UnitTest.Adapter, Version=10.0.0.0, Culture=neutral, PublicKeyToken=b03f5f7f11d50a3a" className="MyMoney.Model.Test.LeafAccountTests, MyMoney.Model.Test, Version=1.0.0.0, Culture=neutral, PublicKeyToken=null" name="TestAccountBalanceAllDeposits" />
    </UnitTest>
    <UnitTest name="TestMoneyEquality" storage="d:\users7\gary hall\development\mymoney.model\mymoney.model.test\bin\debug\mymoney.model.test.dll" id="78c91968-703b-bff5-6f93-3d07f3ffd761">
      <Execution id="07b23e86-6e79-408a-88cf-4f75d0391ca1" />
      <TestMethod codeBase="D:/Users7/Gary Hall/Development/MyMoney.Model/MyMoney.Model.Test/bin/Debug/MyMoney.Model.Test.DLL" adapterTypeName="Microsoft.VisualStudio.TestTools.TestTypes.Unit.UnitTestAdapter, Microsoft.VisualStudio.QualityTools.Tips.UnitTest.Adapter, Version=10.0.0.0, Culture=neutral, PublicKeyToken=b03f5f7f11d50a3a" className="MyMoney.Model.Test.MoneyTests, MyMoney.Model.Test, Version=1.0.0.0, Culture=neutral, PublicKeyToken=null" name="TestMoneyEquality" />
    </UnitTest>
    <UnitTest name="TestIntegerDivision" storage="d:\users7\gary hall\development\mymoney.model\mymoney.model.test\bin\debug\mymoney.model.test.dll" id="55d7d97b-90da-424d-f7a3-3b4d69b551e8">
      <Execution id="6451dd9d-4545-464d-ba62-03e20f9408a9" />
      <TestMethod codeBase="D:/Users7/Gary Hall/Development/MyMoney.Model/MyMoney.Model.Test/bin/Debug/MyMoney.Model.Test.DLL" adapterTypeName="Microsoft.VisualStudio.TestTools.TestTypes.Unit.UnitTestAdapter, Microsoft.VisualStudio.QualityTools.Tips.UnitTest.Adapter, Version=10.0.0.0, Culture=neutral, PublicKeyToken=b03f5f7f11d50a3a" className="MyMoney.Model.Test.MoneyTests, MyMoney.Model.Test, Version=1.0.0.0, Culture=neutral, PublicKeyToken=null" name="TestIntegerDivision" />
    </UnitTest>
    <UnitTest name="TestAccountsWithSameNameCanExistInHierarchy" storage="d:\users7\gary hall\development\mymoney.model\mymoney.model.test\bin\debug\mymoney.model.test.dll" id="0df82333-8dd3-2386-4548-831092c0a100">
      <Execution id="b73f789b-d441-414e-b632-85363a1108e3" />
      <TestMethod codeBase="D:/Users7/Gary Hall/Development/MyMoney.Model/MyMoney.Model.Test/bin/Debug/MyMoney.Model.Test.DLL" adapterTypeName="Microsoft.VisualStudio.TestTools.TestTypes.Unit.UnitTestAdapter, Microsoft.VisualStudio.QualityTools.Tips.UnitTest.Adapter, Version=10.0.0.0, Culture=neutral, PublicKeyToken=b03f5f7f11d50a3a" className="MyMoney.Model.Test.CompositeAccountTests, MyMoney.Model.Test, Version=1.0.0.0, Culture=neutral, PublicKeyToken=null" name="TestAccountsWithSameNameCanExistInHierarchy" />
    </UnitTest>
    <UnitTest name="TestMoneyGreaterThanOrEqualTo" storage="d:\users7\gary hall\development\mymoney.model\mymoney.model.test\bin\debug\mymoney.model.test.dll" id="28f7f648-05a2-44d1-103b-7fd5a2e1924b">
      <Execution id="e2f8bfbf-59b9-4d25-8fe9-faa97c88374f" />
      <TestMethod codeBase="D:/Users7/Gary Hall/Development/MyMoney.Model/MyMoney.Model.Test/bin/Debug/MyMoney.Model.Test.DLL" adapterTypeName="Microsoft.VisualStudio.TestTools.TestTypes.Unit.UnitTestAdapter, Microsoft.VisualStudio.QualityTools.Tips.UnitTest.Adapter, Version=10.0.0.0, Culture=neutral, PublicKeyToken=b03f5f7f11d50a3a" className="MyMoney.Model.Test.MoneyTests, MyMoney.Model.Test, Version=1.0.0.0, Culture=neutral, PublicKeyToken=null" name="TestMoneyGreaterThanOrEqualTo" />
    </UnitTest>
    <UnitTest name="TestAddAccount" storage="d:\users7\gary hall\development\mymoney.model\mymoney.model.test\bin\debug\mymoney.model.test.dll" id="b2747cb5-7215-0a6d-5362-1b292dab29c8">
      <Execution id="4c5bec8b-a52f-462f-8c0d-796c8a8ca4aa" />
      <TestMethod codeBase="D:/Users7/Gary Hall/Development/MyMoney.Model/MyMoney.Model.Test/bin/Debug/MyMoney.Model.Test.DLL" adapterTypeName="Microsoft.VisualStudio.TestTools.TestTypes.Unit.UnitTestAdapter, Microsoft.VisualStudio.QualityTools.Tips.UnitTest.Adapter, Version=10.0.0.0, Culture=neutral, PublicKeyToken=b03f5f7f11d50a3a" className="MyMoney.Model.Test.CompositeAccountTests, MyMoney.Model.Test, Version=1.0.0.0, Culture=neutral, PublicKeyToken=null" name="TestAddAccount" />
    </UnitTest>
    <UnitTest name="TestMoneyAddition_WithDifferentCurrencies" storage="d:\users7\gary hall\development\mymoney.model\mymoney.model.test\bin\debug\mymoney.model.test.dll" id="8dcc9c7e-1445-b321-953e-5e9ded9d51f6">
      <Execution id="5fac7ff1-1962-4c0f-bf7f-70f0db68781e" />
      <TestMethod codeBase="D:/Users7/Gary Hall/Development/MyMoney.Model/MyMoney.Model.Test/bin/Debug/MyMoney.Model.Test.DLL" adapterTypeName="Microsoft.VisualStudio.TestTools.TestTypes.Unit.UnitTestAdapter, Microsoft.VisualStudio.QualityTools.Tips.UnitTest.Adapter, Version=10.0.0.0, Culture=neutral, PublicKeyToken=b03f5f7f11d50a3a" className="MyMoney.Model.Test.MoneyTests, MyMoney.Model.Test, Version=1.0.0.0, Culture=neutral, PublicKeyToken=null" name="TestMoneyAddition_WithDifferentCurrencies" />
    </UnitTest>
    <UnitTest name="TestAccountsCannotBeIndirectlyCyclical" storage="d:\users7\gary hall\development\mymoney.model\mymoney.model.test\bin\debug\mymoney.model.test.dll" id="84331712-c27b-c50b-772b-5da9c5e5f9ca">
      <Execution id="d160c396-dc8a-43af-9183-bbb1c7dfb0e5" />
      <TestMethod codeBase="D:/Users7/Gary Hall/Development/MyMoney.Model/MyMoney.Model.Test/bin/Debug/MyMoney.Model.Test.DLL" adapterTypeName="Microsoft.VisualStudio.TestTools.TestTypes.Unit.UnitTestAdapter, Microsoft.VisualStudio.QualityTools.Tips.UnitTest.Adapter, Version=10.0.0.0, Culture=neutral, PublicKeyToken=b03f5f7f11d50a3a" className="MyMoney.Model.Test.CompositeAccountTests, MyMoney.Model.Test, Version=1.0.0.0, Culture=neutral, PublicKeyToken=null" name="TestAccountsCannotBeIndirectlyCyclical" />
    </UnitTest>
    <UnitTest name="TestMoneyGreaterThanOrEqualTo_WithDifferentCurrencies" storage="d:\users7\gary hall\development\mymoney.model\mymoney.model.test\bin\debug\mymoney.model.test.dll" id="e3259fc0-849f-28fd-20c2-ca89775496f9">
      <Execution id="f929829b-5d76-4d0f-ae4e-d5795c4df0ec" />
      <TestMethod codeBase="D:/Users7/Gary Hall/Development/MyMoney.Model/MyMoney.Model.Test/bin/Debug/MyMoney.Model.Test.DLL" adapterTypeName="Microsoft.VisualStudio.TestTools.TestTypes.Unit.UnitTestAdapter, Microsoft.VisualStudio.QualityTools.Tips.UnitTest.Adapter, Version=10.0.0.0, Culture=neutral, PublicKeyToken=b03f5f7f11d50a3a" className="MyMoney.Model.Test.MoneyTests, MyMoney.Model.Test, Version=1.0.0.0, Culture=neutral, PublicKeyToken=null" name="TestMoneyGreaterThanOrEqualTo_WithDifferentCurrencies" />
    </UnitTest>
    <UnitTest name="TestMoneySubtraction_WithDifferentCurrencies" storage="d:\users7\gary hall\development\mymoney.model\mymoney.model.test\bin\debug\mymoney.model.test.dll" id="7de16891-0c69-f9dd-d022-02f5a9c59639">
      <Execution id="c56b488f-a5be-4021-b7f1-93830a57e32a" />
      <TestMethod codeBase="D:/Users7/Gary Hall/Development/MyMoney.Model/MyMoney.Model.Test/bin/Debug/MyMoney.Model.Test.DLL" adapterTypeName="Microsoft.VisualStudio.TestTools.TestTypes.Unit.UnitTestAdapter, Microsoft.VisualStudio.QualityTools.Tips.UnitTest.Adapter, Version=10.0.0.0, Culture=neutral, PublicKeyToken=b03f5f7f11d50a3a" className="MyMoney.Model.Test.MoneyTests, MyMoney.Model.Test, Version=1.0.0.0, Culture=neutral, PublicKeyToken=null" name="TestMoneySubtraction_WithDifferentCurrencies" />
    </UnitTest>
    <UnitTest name="TestMoneyLessThanOrEqualTo" storage="d:\users7\gary hall\development\mymoney.model\mymoney.model.test\bin\debug\mymoney.model.test.dll" id="24c04acd-26f2-cbd9-bbfa-3094dab94a1b">
      <Execution id="ad253c0f-04b0-418c-b2e1-466304f60150" />
      <TestMethod codeBase="D:/Users7/Gary Hall/Development/MyMoney.Model/MyMoney.Model.Test/bin/Debug/MyMoney.Model.Test.DLL" adapterTypeName="Microsoft.VisualStudio.TestTools.TestTypes.Unit.UnitTestAdapter, Microsoft.VisualStudio.QualityTools.Tips.UnitTest.Adapter, Version=10.0.0.0, Culture=neutral, PublicKeyToken=b03f5f7f11d50a3a" className="MyMoney.Model.Test.MoneyTests, MyMoney.Model.Test, Version=1.0.0.0, Culture=neutral, PublicKeyToken=null" name="TestMoneyLessThanOrEqualTo" />
    </UnitTest>
    <UnitTest name="TestMoneyLessThan" storage="d:\users7\gary hall\development\mymoney.model\mymoney.model.test\bin\debug\mymoney.model.test.dll" id="c1a50ef4-2314-875b-518e-aabf370704d1">
      <Execution id="57760c19-de6a-45c7-99ae-a622ac003273" />
      <TestMethod codeBase="D:/Users7/Gary Hall/Development/MyMoney.Model/MyMoney.Model.Test/bin/Debug/MyMoney.Model.Test.DLL" adapterTypeName="Microsoft.VisualStudio.TestTools.TestTypes.Unit.UnitTestAdapter, Microsoft.VisualStudio.QualityTools.Tips.UnitTest.Adapter, Version=10.0.0.0, Culture=neutral, PublicKeyToken=b03f5f7f11d50a3a" className="MyMoney.Model.Test.MoneyTests, MyMoney.Model.Test, Version=1.0.0.0, Culture=neutral, PublicKeyToken=null" name="TestMoneyLessThan" />
    </UnitTest>
    <UnitTest name="TestAccountOnlyAppearsOnceInHierarchy" storage="d:\users7\gary hall\development\mymoney.model\mymoney.model.test\bin\debug\mymoney.model.test.dll" id="447f6a17-9c3f-29ed-3a8a-ed52d629683f">
      <Execution id="9df7abcf-c3e2-437c-8fde-ba9ee5f68ab8" />
      <TestMethod codeBase="D:/Users7/Gary Hall/Development/MyMoney.Model/MyMoney.Model.Test/bin/Debug/MyMoney.Model.Test.DLL" adapterTypeName="Microsoft.VisualStudio.TestTools.TestTypes.Unit.UnitTestAdapter, Microsoft.VisualStudio.QualityTools.Tips.UnitTest.Adapter, Version=10.0.0.0, Culture=neutral, PublicKeyToken=b03f5f7f11d50a3a" className="MyMoney.Model.Test.CompositeAccountTests, MyMoney.Model.Test, Version=1.0.0.0, Culture=neutral, PublicKeyToken=null" name="TestAccountOnlyAppearsOnceInHierarchy" />
    </UnitTest>
    <UnitTest name="TestCalculateNewBalanceWithDeposit" storage="d:\users7\gary hall\development\mymoney.model\mymoney.model.test\bin\debug\mymoney.model.test.dll" id="9a8e8d08-2ba9-5e87-0fee-e892910cdbf8">
      <Execution id="9873b380-70bc-45ad-9208-a02a90d76352" />
      <TestMethod codeBase="D:/Users7/Gary Hall/Development/MyMoney.Model/MyMoney.Model.Test/bin/Debug/MyMoney.Model.Test.DLL" adapterTypeName="Microsoft.VisualStudio.TestTools.TestTypes.Unit.UnitTestAdapter, Microsoft.VisualStudio.QualityTools.Tips.UnitTest.Adapter, Version=10.0.0.0, Culture=neutral, PublicKeyToken=b03f5f7f11d50a3a" className="MyMoney.Model.Test.EntryTests, MyMoney.Model.Test, Version=1.0.0.0, Culture=neutral, PublicKeyToken=null" name="TestCalculateNewBalanceWithDeposit" />
    </UnitTest>
    <UnitTest name="TestAccountsWithSameNameCannotShareParent" storage="d:\users7\gary hall\development\mymoney.model\mymoney.model.test\bin\debug\mymoney.model.test.dll" id="2cf52dbe-eb7f-1137-b0bc-942374cee146">
      <Execution id="94d674a5-8d8f-43a1-a38d-0f7ef8c62b75" />
      <TestMethod codeBase="D:/Users7/Gary Hall/Development/MyMoney.Model/MyMoney.Model.Test/bin/Debug/MyMoney.Model.Test.DLL" adapterTypeName="Microsoft.VisualStudio.TestTools.TestTypes.Unit.UnitTestAdapter, Microsoft.VisualStudio.QualityTools.Tips.UnitTest.Adapter, Version=10.0.0.0, Culture=neutral, PublicKeyToken=b03f5f7f11d50a3a" className="MyMoney.Model.Test.CompositeAccountTests, MyMoney.Model.Test, Version=1.0.0.0, Culture=neutral, PublicKeyToken=null" name="TestAccountsWithSameNameCannotShareParent" />
    </UnitTest>
    <UnitTest name="TestDecimalAddition" storage="d:\users7\gary hall\development\mymoney.model\mymoney.model.test\bin\debug\mymoney.model.test.dll" id="9b2d885b-a8a7-03c1-299f-d762e20ec0ee">
      <Execution id="0ef4584b-1025-452d-aae0-6d1defea6846" />
      <TestMethod codeBase="D:/Users7/Gary Hall/Development/MyMoney.Model/MyMoney.Model.Test/bin/Debug/MyMoney.Model.Test.DLL" adapterTypeName="Microsoft.VisualStudio.TestTools.TestTypes.Unit.UnitTestAdapter, Microsoft.VisualStudio.QualityTools.Tips.UnitTest.Adapter, Version=10.0.0.0, Culture=neutral, PublicKeyToken=b03f5f7f11d50a3a" className="MyMoney.Model.Test.MoneyTests, MyMoney.Model.Test, Version=1.0.0.0, Culture=neutral, PublicKeyToken=null" name="TestDecimalAddition" />
    </UnitTest>
    <UnitTest name="TestMoneyAddition" storage="d:\users7\gary hall\development\mymoney.model\mymoney.model.test\bin\debug\mymoney.model.test.dll" id="176a39b7-5a56-778d-3917-c9942629793d">
      <Execution id="68d4f96e-3445-49b8-a299-3247a1252418" />
      <TestMethod codeBase="D:/Users7/Gary Hall/Development/MyMoney.Model/MyMoney.Model.Test/bin/Debug/MyMoney.Model.Test.DLL" adapterTypeName="Microsoft.VisualStudio.TestTools.TestTypes.Unit.UnitTestAdapter, Microsoft.VisualStudio.QualityTools.Tips.UnitTest.Adapter, Version=10.0.0.0, Culture=neutral, PublicKeyToken=b03f5f7f11d50a3a" className="MyMoney.Model.Test.MoneyTests, MyMoney.Model.Test, Version=1.0.0.0, Culture=neutral, PublicKeyToken=null" name="TestMoneyAddition" />
    </UnitTest>
    <UnitTest name="TestMoneyInequality" storage="d:\users7\gary hall\development\mymoney.model\mymoney.model.test\bin\debug\mymoney.model.test.dll" id="8107676f-e16c-cdfd-b679-3689e4311f36">
      <Execution id="f48e4910-c140-4a2b-a246-e5c7f6efc2a2" />
      <TestMethod codeBase="D:/Users7/Gary Hall/Development/MyMoney.Model/MyMoney.Model.Test/bin/Debug/MyMoney.Model.Test.DLL" adapterTypeName="Microsoft.VisualStudio.TestTools.TestTypes.Unit.UnitTestAdapter, Microsoft.VisualStudio.QualityTools.Tips.UnitTest.Adapter, Version=10.0.0.0, Culture=neutral, PublicKeyToken=b03f5f7f11d50a3a" className="MyMoney.Model.Test.MoneyTests, MyMoney.Model.Test, Version=1.0.0.0, Culture=neutral, PublicKeyToken=null" name="TestMoneyInequality" />
    </UnitTest>
    <UnitTest name="TestIntegerMultiplication" storage="d:\users7\gary hall\development\mymoney.model\mymoney.model.test\bin\debug\mymoney.model.test.dll" id="14c26f63-240b-e300-a8d6-f98af12ef12c">
      <Execution id="4d22dec3-6ba8-4e4b-9de0-407021287ccf" />
      <TestMethod codeBase="D:/Users7/Gary Hall/Development/MyMoney.Model/MyMoney.Model.Test/bin/Debug/MyMoney.Model.Test.DLL" adapterTypeName="Microsoft.VisualStudio.TestTools.TestTypes.Unit.UnitTestAdapter, Microsoft.VisualStudio.QualityTools.Tips.UnitTest.Adapter, Version=10.0.0.0, Culture=neutral, PublicKeyToken=b03f5f7f11d50a3a" className="MyMoney.Model.Test.MoneyTests, MyMoney.Model.Test, Version=1.0.0.0, Culture=neutral, PublicKeyToken=null" name="TestIntegerMultiplication" />
    </UnitTest>
    <UnitTest name="TestMoneyLessThanOrEqualTo_WithDifferentCurrencies" storage="d:\users7\gary hall\development\mymoney.model\mymoney.model.test\bin\debug\mymoney.model.test.dll" id="871f49a1-e582-cdac-a951-441af8971063">
      <Execution id="adb8c548-a34f-4f16-b687-1ee37ec2734c" />
      <TestMethod codeBase="D:/Users7/Gary Hall/Development/MyMoney.Model/MyMoney.Model.Test/bin/Debug/MyMoney.Model.Test.DLL" adapterTypeName="Microsoft.VisualStudio.TestTools.TestTypes.Unit.UnitTestAdapter, Microsoft.VisualStudio.QualityTools.Tips.UnitTest.Adapter, Version=10.0.0.0, Culture=neutral, PublicKeyToken=b03f5f7f11d50a3a" className="MyMoney.Model.Test.MoneyTests, MyMoney.Model.Test, Version=1.0.0.0, Culture=neutral, PublicKeyToken=null" name="TestMoneyLessThanOrEqualTo_WithDifferentCurrencies" />
    </UnitTest>
    <UnitTest name="TestDefaultAccountBalanceIsZero" storage="d:\users7\gary hall\development\mymoney.model\mymoney.model.test\bin\debug\mymoney.model.test.dll" id="b1659d28-b526-6c16-48de-69e9c7dcfe18">
      <Execution id="b614a4b5-b3d9-48b5-8ce5-0f177e22ed43" />
      <TestMethod codeBase="D:/Users7/Gary Hall/Development/MyMoney.Model/MyMoney.Model.Test/bin/Debug/MyMoney.Model.Test.DLL" adapterTypeName="Microsoft.VisualStudio.TestTools.TestTypes.Unit.UnitTestAdapter, Microsoft.VisualStudio.QualityTools.Tips.UnitTest.Adapter, Version=10.0.0.0, Culture=neutral, PublicKeyToken=b03f5f7f11d50a3a" className="MyMoney.Model.Test.LeafAccountTests, MyMoney.Model.Test, Version=1.0.0.0, Culture=neutral, PublicKeyToken=null" name="TestDefaultAccountBalanceIsZero" />
    </UnitTest>
    <UnitTest name="TestMoneyGreaterThan_WithDifferentCurrencies" storage="d:\users7\gary hall\development\mymoney.model\mymoney.model.test\bin\debug\mymoney.model.test.dll" id="199832f9-d1c4-82b4-6ea8-6f9b106eb51f">
      <Execution id="e8d7e237-a444-4354-a303-c283d7cd004c" />
      <TestMethod codeBase="D:/Users7/Gary Hall/Development/MyMoney.Model/MyMoney.Model.Test/bin/Debug/MyMoney.Model.Test.DLL" adapterTypeName="Microsoft.VisualStudio.TestTools.TestTypes.Unit.UnitTestAdapter, Microsoft.VisualStudio.QualityTools.Tips.UnitTest.Adapter, Version=10.0.0.0, Culture=neutral, PublicKeyToken=b03f5f7f11d50a3a" className="MyMoney.Model.Test.MoneyTests, MyMoney.Model.Test, Version=1.0.0.0, Culture=neutral, PublicKeyToken=null" name="TestMoneyGreaterThan_WithDifferentCurrencies" />
    </UnitTest>
  </TestDefinitions>
  <TestLists>
    <TestList name="Results Not in a List" id="8c84fa94-04c1-424b-9868-57a2d4851a1d" />
    <TestList name="All Loaded Results" id="19431567-8539-422a-85d7-44ee4e166bda" />
  </TestLists>
  <TestEntries>
    <TestEntry testId="0df82333-8dd3-2386-4548-831092c0a100" executionId="b73f789b-d441-414e-b632-85363a1108e3" testListId="8c84fa94-04c1-424b-9868-57a2d4851a1d" />
    <TestEntry testId="0e419ff0-125a-7bf6-462b-1ac3be8e60b3" executionId="44430751-cbcc-488a-8192-043e67995663" testListId="8c84fa94-04c1-424b-9868-57a2d4851a1d" />
    <TestEntry testId="14c26f63-240b-e300-a8d6-f98af12ef12c" executionId="4d22dec3-6ba8-4e4b-9de0-407021287ccf" testListId="8c84fa94-04c1-424b-9868-57a2d4851a1d" />
    <TestEntry testId="176a39b7-5a56-778d-3917-c9942629793d" executionId="68d4f96e-3445-49b8-a299-3247a1252418" testListId="8c84fa94-04c1-424b-9868-57a2d4851a1d" />
    <TestEntry testId="199832f9-d1c4-82b4-6ea8-6f9b106eb51f" executionId="e8d7e237-a444-4354-a303-c283d7cd004c" testListId="8c84fa94-04c1-424b-9868-57a2d4851a1d" />
    <TestEntry testId="24c04acd-26f2-cbd9-bbfa-3094dab94a1b" executionId="ad253c0f-04b0-418c-b2e1-466304f60150" testListId="8c84fa94-04c1-424b-9868-57a2d4851a1d" />
    <TestEntry testId="28f7f648-05a2-44d1-103b-7fd5a2e1924b" executionId="e2f8bfbf-59b9-4d25-8fe9-faa97c88374f" testListId="8c84fa94-04c1-424b-9868-57a2d4851a1d" />
    <TestEntry testId="2cf52dbe-eb7f-1137-b0bc-942374cee146" executionId="94d674a5-8d8f-43a1-a38d-0f7ef8c62b75" testListId="8c84fa94-04c1-424b-9868-57a2d4851a1d" />
    <TestEntry testId="355d3f79-faa6-4ed9-bc49-0057d3295009" executionId="7e2611af-29fc-409b-8f82-acb9531d8178" testListId="8c84fa94-04c1-424b-9868-57a2d4851a1d" />
    <TestEntry testId="447f6a17-9c3f-29ed-3a8a-ed52d629683f" executionId="9df7abcf-c3e2-437c-8fde-ba9ee5f68ab8" testListId="8c84fa94-04c1-424b-9868-57a2d4851a1d" />
    <TestEntry testId="4846a8e9-75dc-cada-1387-c372c7702a90" executionId="605026fe-9f35-45da-995e-98431c811cf2" testListId="8c84fa94-04c1-424b-9868-57a2d4851a1d" />
    <TestEntry testId="55d7d97b-90da-424d-f7a3-3b4d69b551e8" executionId="6451dd9d-4545-464d-ba62-03e20f9408a9" testListId="8c84fa94-04c1-424b-9868-57a2d4851a1d" />
    <TestEntry testId="719b99a2-ccd9-d901-c33e-c7ca5b16d735" executionId="96650d26-be5e-461e-8dbc-3a68cfd13e3c" testListId="8c84fa94-04c1-424b-9868-57a2d4851a1d" />
    <TestEntry testId="76663220-b66f-a344-1b95-70336a50cd79" executionId="e2584e1e-9240-439b-9a13-934a4629987d" testListId="8c84fa94-04c1-424b-9868-57a2d4851a1d" />
    <TestEntry testId="78c91968-703b-bff5-6f93-3d07f3ffd761" executionId="07b23e86-6e79-408a-88cf-4f75d0391ca1" testListId="8c84fa94-04c1-424b-9868-57a2d4851a1d" />
    <TestEntry testId="7de16891-0c69-f9dd-d022-02f5a9c59639" executionId="c56b488f-a5be-4021-b7f1-93830a57e32a" testListId="8c84fa94-04c1-424b-9868-57a2d4851a1d" />
    <TestEntry testId="8107676f-e16c-cdfd-b679-3689e4311f36" executionId="f48e4910-c140-4a2b-a246-e5c7f6efc2a2" testListId="8c84fa94-04c1-424b-9868-57a2d4851a1d" />
    <TestEntry testId="84331712-c27b-c50b-772b-5da9c5e5f9ca" executionId="d160c396-dc8a-43af-9183-bbb1c7dfb0e5" testListId="8c84fa94-04c1-424b-9868-57a2d4851a1d" />
    <TestEntry testId="871f49a1-e582-cdac-a951-441af8971063" executionId="adb8c548-a34f-4f16-b687-1ee37ec2734c" testListId="8c84fa94-04c1-424b-9868-57a2d4851a1d" />
    <TestEntry testId="8dcc9c7e-1445-b321-953e-5e9ded9d51f6" executionId="5fac7ff1-1962-4c0f-bf7f-70f0db68781e" testListId="8c84fa94-04c1-424b-9868-57a2d4851a1d" />
    <TestEntry testId="9a8e8d08-2ba9-5e87-0fee-e892910cdbf8" executionId="9873b380-70bc-45ad-9208-a02a90d76352" testListId="8c84fa94-04c1-424b-9868-57a2d4851a1d" />
    <TestEntry testId="9b2d885b-a8a7-03c1-299f-d762e20ec0ee" executionId="0ef4584b-1025-452d-aae0-6d1defea6846" testListId="8c84fa94-04c1-424b-9868-57a2d4851a1d" />
    <TestEntry testId="a131c1cd-5ebb-f896-bf70-e19826c2755a" executionId="f511827e-7f26-4af3-b93f-0eacd2a1db0c" testListId="8c84fa94-04c1-424b-9868-57a2d4851a1d" />
    <TestEntry testId="b1659d28-b526-6c16-48de-69e9c7dcfe18" executionId="b614a4b5-b3d9-48b5-8ce5-0f177e22ed43" testListId="8c84fa94-04c1-424b-9868-57a2d4851a1d" />
    <TestEntry testId="b2747cb5-7215-0a6d-5362-1b292dab29c8" executionId="4c5bec8b-a52f-462f-8c0d-796c8a8ca4aa" testListId="8c84fa94-04c1-424b-9868-57a2d4851a1d" />
    <TestEntry testId="c1a50ef4-2314-875b-518e-aabf370704d1" executionId="57760c19-de6a-45c7-99ae-a622ac003273" testListId="8c84fa94-04c1-424b-9868-57a2d4851a1d" />
    <TestEntry testId="cf7300a1-3521-5eea-bdb6-deaacc452e6a" executionId="85945ada-ac80-4192-a966-eb64ad211626" testListId="8c84fa94-04c1-424b-9868-57a2d4851a1d" />
    <TestEntry testId="e3259fc0-849f-28fd-20c2-ca89775496f9" executionId="f929829b-5d76-4d0f-ae4e-d5795c4df0ec" testListId="8c84fa94-04c1-424b-9868-57a2d4851a1d" />
    <TestEntry testId="ec648528-7639-30f5-a594-aa50e078b4a6" executionId="c2325c5c-99ef-4bde-917a-fea3356742ba" testListId="8c84fa94-04c1-424b-9868-57a2d4851a1d" />
  </TestEntries>
  <Results>
    <UnitTestResult executionId="b73f789b-d441-414e-b632-85363a1108e3" testId="0df82333-8dd3-2386-4548-831092c0a100" testName="TestAccountsWithSameNameCanExistInHierarchy" computerName="GARYHALL-PC" duration="00:00:00.0153817" startTime="2010-08-13T16:35:01.7126233+01:00" endTime="2010-08-13T16:35:01.9866389+01:00" testType="13cdc9d9-ddb5-4fa4-a97d-d965ccfc6d4b" outcome="Passed" testListId="8c84fa94-04c1-424b-9868-57a2d4851a1d" relativeResultsDirectory="b73f789b-d441-414e-b632-85363a1108e3">
    </UnitTestResult>
    <UnitTestResult executionId="44430751-cbcc-488a-8192-043e67995663" testId="0e419ff0-125a-7bf6-462b-1ac3be8e60b3" testName="TestMoneyLessThan_WithDifferentCurrencies" computerName="GARYHALL-PC" duration="00:00:00.0038688" startTime="2010-08-13T16:35:01.9886390+01:00" endTime="2010-08-13T16:35:01.9986396+01:00" testType="13cdc9d9-ddb5-4fa4-a97d-d965ccfc6d4b" outcome="Passed" testListId="8c84fa94-04c1-424b-9868-57a2d4851a1d" relativeResultsDirectory="44430751-cbcc-488a-8192-043e67995663">
    </UnitTestResult>
    <UnitTestResult executionId="4d22dec3-6ba8-4e4b-9de0-407021287ccf" testId="14c26f63-240b-e300-a8d6-f98af12ef12c" testName="TestIntegerMultiplication" computerName="GARYHALL-PC" duration="00:00:00.0018733" startTime="2010-08-13T16:35:02.0006397+01:00" endTime="2010-08-13T16:35:02.0076401+01:00" testType="13cdc9d9-ddb5-4fa4-a97d-d965ccfc6d4b" outcome="Passed" testListId="8c84fa94-04c1-424b-9868-57a2d4851a1d" relativeResultsDirectory="4d22dec3-6ba8-4e4b-9de0-407021287ccf">
    </UnitTestResult>
    <UnitTestResult executionId="68d4f96e-3445-49b8-a299-3247a1252418" testId="176a39b7-5a56-778d-3917-c9942629793d" testName="TestMoneyAddition" computerName="GARYHALL-PC" duration="00:00:00.0007615" startTime="2010-08-13T16:35:02.0096402+01:00" endTime="2010-08-13T16:35:02.0166406+01:00" testType="13cdc9d9-ddb5-4fa4-a97d-d965ccfc6d4b" outcome="Passed" testListId="8c84fa94-04c1-424b-9868-57a2d4851a1d" relativeResultsDirectory="68d4f96e-3445-49b8-a299-3247a1252418">
    </UnitTestResult>
    <UnitTestResult executionId="e8d7e237-a444-4354-a303-c283d7cd004c" testId="199832f9-d1c4-82b4-6ea8-6f9b106eb51f" testName="TestMoneyGreaterThan_WithDifferentCurrencies" computerName="GARYHALL-PC" duration="00:00:00.0007423" startTime="2010-08-13T16:35:02.0176407+01:00" endTime="2010-08-13T16:35:02.0236410+01:00" testType="13cdc9d9-ddb5-4fa4-a97d-d965ccfc6d4b" outcome="Passed" testListId="8c84fa94-04c1-424b-9868-57a2d4851a1d" relativeResultsDirectory="e8d7e237-a444-4354-a303-c283d7cd004c">
    </UnitTestResult>
    <UnitTestResult executionId="ad253c0f-04b0-418c-b2e1-466304f60150" testId="24c04acd-26f2-cbd9-bbfa-3094dab94a1b" testName="TestMoneyLessThanOrEqualTo" computerName="GARYHALL-PC" duration="00:00:00.0005119" startTime="2010-08-13T16:35:02.0256412+01:00" endTime="2010-08-13T16:35:02.0316415+01:00" testType="13cdc9d9-ddb5-4fa4-a97d-d965ccfc6d4b" outcome="Passed" testListId="8c84fa94-04c1-424b-9868-57a2d4851a1d" relativeResultsDirectory="ad253c0f-04b0-418c-b2e1-466304f60150">
    </UnitTestResult>
    <UnitTestResult executionId="e2f8bfbf-59b9-4d25-8fe9-faa97c88374f" testId="28f7f648-05a2-44d1-103b-7fd5a2e1924b" testName="TestMoneyGreaterThanOrEqualTo" computerName="GARYHALL-PC" duration="00:00:00.0004629" startTime="2010-08-13T16:35:02.0326416+01:00" endTime="2010-08-13T16:35:02.0386419+01:00" testType="13cdc9d9-ddb5-4fa4-a97d-d965ccfc6d4b" outcome="Passed" testListId="8c84fa94-04c1-424b-9868-57a2d4851a1d" relativeResultsDirectory="e2f8bfbf-59b9-4d25-8fe9-faa97c88374f">
    </UnitTestResult>
    <UnitTestResult executionId="94d674a5-8d8f-43a1-a38d-0f7ef8c62b75" testId="2cf52dbe-eb7f-1137-b0bc-942374cee146" testName="TestAccountsWithSameNameCannotShareParent" computerName="GARYHALL-PC" duration="00:00:00.0008404" startTime="2010-08-13T16:35:02.0416421+01:00" endTime="2010-08-13T16:35:02.0476424+01:00" testType="13cdc9d9-ddb5-4fa4-a97d-d965ccfc6d4b" outcome="Passed" testListId="8c84fa94-04c1-424b-9868-57a2d4851a1d" relativeResultsDirectory="94d674a5-8d8f-43a1-a38d-0f7ef8c62b75">
    </UnitTestResult>
    <UnitTestResult executionId="7e2611af-29fc-409b-8f82-acb9531d8178" testId="355d3f79-faa6-4ed9-bc49-0057d3295009" testName="TestAccountBalanceAllDeposits" computerName="GARYHALL-PC" duration="00:00:00.0168818" startTime="2010-08-13T16:35:02.0496425+01:00" endTime="2010-08-13T16:35:02.0726438+01:00" testType="13cdc9d9-ddb5-4fa4-a97d-d965ccfc6d4b" outcome="Failed" testListId="8c84fa94-04c1-424b-9868-57a2d4851a1d" relativeResultsDirectory="7e2611af-29fc-409b-8f82-acb9531d8178">
      <Output>
        <ErrorInfo>
          <Message>Assert.AreEqual failed. Expected:&lt;MyMoney.Model.Money&gt;. Actual:&lt;MyMoney.Model.Money&gt;. </Message>
          <StackTrace>   at MyMoney.Model.Test.LeafAccountTests.TestAccountBalanceAllDeposits() in D:\Users7\Gary Hall\Development\MyMoney.Model\MyMoney.Model.Test\LeafAccountTests.cs:line 31
</StackTrace>
        </ErrorInfo>
      </Output>
    </UnitTestResult>
    <UnitTestResult executionId="9df7abcf-c3e2-437c-8fde-ba9ee5f68ab8" testId="447f6a17-9c3f-29ed-3a8a-ed52d629683f" testName="TestAccountOnlyAppearsOnceInHierarchy" computerName="GARYHALL-PC" duration="00:00:00.0004987" startTime="2010-08-13T16:35:02.0766441+01:00" endTime="2010-08-13T16:35:02.0836445+01:00" testType="13cdc9d9-ddb5-4fa4-a97d-d965ccfc6d4b" outcome="Passed" testListId="8c84fa94-04c1-424b-9868-57a2d4851a1d" relativeResultsDirectory="9df7abcf-c3e2-437c-8fde-ba9ee5f68ab8">
    </UnitTestResult>
    <UnitTestResult executionId="605026fe-9f35-45da-995e-98431c811cf2" testId="4846a8e9-75dc-cada-1387-c372c7702a90" testName="TestRemoveAccount" computerName="GARYHALL-PC" duration="00:00:00.0007240" startTime="2010-08-13T16:35:02.0856446+01:00" endTime="2010-08-13T16:35:02.0926450+01:00" testType="13cdc9d9-ddb5-4fa4-a97d-d965ccfc6d4b" outcome="Passed" testListId="8c84fa94-04c1-424b-9868-57a2d4851a1d" relativeResultsDirectory="605026fe-9f35-45da-995e-98431c811cf2">
    </UnitTestResult>
    <UnitTestResult executionId="6451dd9d-4545-464d-ba62-03e20f9408a9" testId="55d7d97b-90da-424d-f7a3-3b4d69b551e8" testName="TestIntegerDivision" computerName="GARYHALL-PC" duration="00:00:00.0004667" startTime="2010-08-13T16:35:02.0956452+01:00" endTime="2010-08-13T16:35:02.1016455+01:00" testType="13cdc9d9-ddb5-4fa4-a97d-d965ccfc6d4b" outcome="Passed" testListId="8c84fa94-04c1-424b-9868-57a2d4851a1d" relativeResultsDirectory="6451dd9d-4545-464d-ba62-03e20f9408a9">
    </UnitTestResult>
    <UnitTestResult executionId="96650d26-be5e-461e-8dbc-3a68cfd13e3c" testId="719b99a2-ccd9-d901-c33e-c7ca5b16d735" testName="TestAccountsCannotBeDirectlyCyclical" computerName="GARYHALL-PC" duration="00:00:00.0005418" startTime="2010-08-13T16:35:02.1036456+01:00" endTime="2010-08-13T16:35:02.1096460+01:00" testType="13cdc9d9-ddb5-4fa4-a97d-d965ccfc6d4b" outcome="Passed" testListId="8c84fa94-04c1-424b-9868-57a2d4851a1d" relativeResultsDirectory="96650d26-be5e-461e-8dbc-3a68cfd13e3c">
    </UnitTestResult>
    <UnitTestResult executionId="e2584e1e-9240-439b-9a13-934a4629987d" testId="76663220-b66f-a344-1b95-70336a50cd79" testName="TestMoneySubtraction" computerName="GARYHALL-PC" duration="00:00:00.0005896" startTime="2010-08-13T16:35:02.1116461+01:00" endTime="2010-08-13T16:35:02.1176464+01:00" testType="13cdc9d9-ddb5-4fa4-a97d-d965ccfc6d4b" outcome="Passed" testListId="8c84fa94-04c1-424b-9868-57a2d4851a1d" relativeResultsDirectory="e2584e1e-9240-439b-9a13-934a4629987d">
    </UnitTestResult>
    <UnitTestResult executionId="07b23e86-6e79-408a-88cf-4f75d0391ca1" testId="78c91968-703b-bff5-6f93-3d07f3ffd761" testName="TestMoneyEquality" computerName="GARYHALL-PC" duration="00:00:00.0004842" startTime="2010-08-13T16:35:02.1196465+01:00" endTime="2010-08-13T16:35:02.1256469+01:00" testType="13cdc9d9-ddb5-4fa4-a97d-d965ccfc6d4b" outcome="Passed" testListId="8c84fa94-04c1-424b-9868-57a2d4851a1d" relativeResultsDirectory="07b23e86-6e79-408a-88cf-4f75d0391ca1">
    </UnitTestResult>
    <UnitTestResult executionId="c56b488f-a5be-4021-b7f1-93830a57e32a" testId="7de16891-0c69-f9dd-d022-02f5a9c59639" testName="TestMoneySubtraction_WithDifferentCurrencies" computerName="GARYHALL-PC" duration="00:00:00.0004304" startTime="2010-08-13T16:35:02.1276470+01:00" endTime="2010-08-13T16:35:02.1336473+01:00" testType="13cdc9d9-ddb5-4fa4-a97d-d965ccfc6d4b" outcome="Passed" testListId="8c84fa94-04c1-424b-9868-57a2d4851a1d" relativeResultsDirectory="c56b488f-a5be-4021-b7f1-93830a57e32a">
    </UnitTestResult>
    <UnitTestResult executionId="f48e4910-c140-4a2b-a246-e5c7f6efc2a2" testId="8107676f-e16c-cdfd-b679-3689e4311f36" testName="TestMoneyInequality" computerName="GARYHALL-PC" duration="00:00:00.0004607" startTime="2010-08-13T16:35:02.1356474+01:00" endTime="2010-08-13T16:35:02.1416478+01:00" testType="13cdc9d9-ddb5-4fa4-a97d-d965ccfc6d4b" outcome="Passed" testListId="8c84fa94-04c1-424b-9868-57a2d4851a1d" relativeResultsDirectory="f48e4910-c140-4a2b-a246-e5c7f6efc2a2">
    </UnitTestResult>
    <UnitTestResult executionId="d160c396-dc8a-43af-9183-bbb1c7dfb0e5" testId="84331712-c27b-c50b-772b-5da9c5e5f9ca" testName="TestAccountsCannotBeIndirectlyCyclical" computerName="GARYHALL-PC" duration="00:00:00.0006019" startTime="2010-08-13T16:35:02.1446480+01:00" endTime="2010-08-13T16:35:02.1526484+01:00" testType="13cdc9d9-ddb5-4fa4-a97d-d965ccfc6d4b" outcome="Passed" testListId="8c84fa94-04c1-424b-9868-57a2d4851a1d" relativeResultsDirectory="d160c396-dc8a-43af-9183-bbb1c7dfb0e5">
    </UnitTestResult>
    <UnitTestResult executionId="adb8c548-a34f-4f16-b687-1ee37ec2734c" testId="871f49a1-e582-cdac-a951-441af8971063" testName="TestMoneyLessThanOrEqualTo_WithDifferentCurrencies" computerName="GARYHALL-PC" duration="00:00:00.0008191" startTime="2010-08-13T16:35:02.1546485+01:00" endTime="2010-08-13T16:35:02.1606489+01:00" testType="13cdc9d9-ddb5-4fa4-a97d-d965ccfc6d4b" outcome="Passed" testListId="8c84fa94-04c1-424b-9868-57a2d4851a1d" relativeResultsDirectory="adb8c548-a34f-4f16-b687-1ee37ec2734c">
    </UnitTestResult>
    <UnitTestResult executionId="5fac7ff1-1962-4c0f-bf7f-70f0db68781e" testId="8dcc9c7e-1445-b321-953e-5e9ded9d51f6" testName="TestMoneyAddition_WithDifferentCurrencies" computerName="GARYHALL-PC" duration="00:00:00.0004219" startTime="2010-08-13T16:35:02.1636490+01:00" endTime="2010-08-13T16:35:02.1696494+01:00" testType="13cdc9d9-ddb5-4fa4-a97d-d965ccfc6d4b" outcome="Passed" testListId="8c84fa94-04c1-424b-9868-57a2d4851a1d" relativeResultsDirectory="5fac7ff1-1962-4c0f-bf7f-70f0db68781e">
    </UnitTestResult>
    <UnitTestResult executionId="9873b380-70bc-45ad-9208-a02a90d76352" testId="9a8e8d08-2ba9-5e87-0fee-e892910cdbf8" testName="TestCalculateNewBalanceWithDeposit" computerName="GARYHALL-PC" duration="00:00:00.0004530" startTime="2010-08-13T16:35:02.1716495+01:00" endTime="2010-08-13T16:35:02.1776498+01:00" testType="13cdc9d9-ddb5-4fa4-a97d-d965ccfc6d4b" outcome="Passed" testListId="8c84fa94-04c1-424b-9868-57a2d4851a1d" relativeResultsDirectory="9873b380-70bc-45ad-9208-a02a90d76352">
    </UnitTestResult>
    <UnitTestResult executionId="0ef4584b-1025-452d-aae0-6d1defea6846" testId="9b2d885b-a8a7-03c1-299f-d762e20ec0ee" testName="TestDecimalAddition" computerName="GARYHALL-PC" duration="00:00:00.0004347" startTime="2010-08-13T16:35:02.1806500+01:00" endTime="2010-08-13T16:35:02.1856503+01:00" testType="13cdc9d9-ddb5-4fa4-a97d-d965ccfc6d4b" outcome="Passed" testListId="8c84fa94-04c1-424b-9868-57a2d4851a1d" relativeResultsDirectory="0ef4584b-1025-452d-aae0-6d1defea6846">
    </UnitTestResult>
    <UnitTestResult executionId="f511827e-7f26-4af3-b93f-0eacd2a1db0c" testId="a131c1cd-5ebb-f896-bf70-e19826c2755a" testName="TestMoneyGreaterThan" computerName="GARYHALL-PC" duration="00:00:00.0002918" startTime="2010-08-13T16:35:02.1876504+01:00" endTime="2010-08-13T16:35:02.1936508+01:00" testType="13cdc9d9-ddb5-4fa4-a97d-d965ccfc6d4b" outcome="Passed" testListId="8c84fa94-04c1-424b-9868-57a2d4851a1d" relativeResultsDirectory="f511827e-7f26-4af3-b93f-0eacd2a1db0c">
    </UnitTestResult>
    <UnitTestResult executionId="b614a4b5-b3d9-48b5-8ce5-0f177e22ed43" testId="b1659d28-b526-6c16-48de-69e9c7dcfe18" testName="TestDefaultAccountBalanceIsZero" computerName="GARYHALL-PC" duration="00:00:00.0003093" startTime="2010-08-13T16:35:02.1966509+01:00" endTime="2010-08-13T16:35:02.2036513+01:00" testType="13cdc9d9-ddb5-4fa4-a97d-d965ccfc6d4b" outcome="Passed" testListId="8c84fa94-04c1-424b-9868-57a2d4851a1d" relativeResultsDirectory="b614a4b5-b3d9-48b5-8ce5-0f177e22ed43">
    </UnitTestResult>
    <UnitTestResult executionId="4c5bec8b-a52f-462f-8c0d-796c8a8ca4aa" testId="b2747cb5-7215-0a6d-5362-1b292dab29c8" testName="TestAddAccount" computerName="GARYHALL-PC" duration="00:00:00.0007875" startTime="2010-08-13T16:35:02.2056515+01:00" endTime="2010-08-13T16:35:02.2116518+01:00" testType="13cdc9d9-ddb5-4fa4-a97d-d965ccfc6d4b" outcome="Passed" testListId="8c84fa94-04c1-424b-9868-57a2d4851a1d" relativeResultsDirectory="4c5bec8b-a52f-462f-8c0d-796c8a8ca4aa">
    </UnitTestResult>
    <UnitTestResult executionId="57760c19-de6a-45c7-99ae-a622ac003273" testId="c1a50ef4-2314-875b-518e-aabf370704d1" testName="TestMoneyLessThan" computerName="GARYHALL-PC" duration="00:00:00.0002832" startTime="2010-08-13T16:35:02.2126519+01:00" endTime="2010-08-13T16:35:02.2176521+01:00" testType="13cdc9d9-ddb5-4fa4-a97d-d965ccfc6d4b" outcome="Passed" testListId="8c84fa94-04c1-424b-9868-57a2d4851a1d" relativeResultsDirectory="57760c19-de6a-45c7-99ae-a622ac003273">
    </UnitTestResult>
    <UnitTestResult executionId="85945ada-ac80-4192-a966-eb64ad211626" testId="cf7300a1-3521-5eea-bdb6-deaacc452e6a" testName="TestCalculateNewBalanceWithWithdrawal" computerName="GARYHALL-PC" duration="00:00:00.0003899" startTime="2010-08-13T16:35:02.2196523+01:00" endTime="2010-08-13T16:35:02.2246525+01:00" testType="13cdc9d9-ddb5-4fa4-a97d-d965ccfc6d4b" outcome="Passed" testListId="8c84fa94-04c1-424b-9868-57a2d4851a1d" relativeResultsDirectory="85945ada-ac80-4192-a966-eb64ad211626">
    </UnitTestResult>
    <UnitTestResult executionId="f929829b-5d76-4d0f-ae4e-d5795c4df0ec" testId="e3259fc0-849f-28fd-20c2-ca89775496f9" testName="TestMoneyGreaterThanOrEqualTo_WithDifferentCurrencies" computerName="GARYHALL-PC" duration="00:00:00.0006335" startTime="2010-08-13T16:35:02.2266527+01:00" endTime="2010-08-13T16:35:02.2336531+01:00" testType="13cdc9d9-ddb5-4fa4-a97d-d965ccfc6d4b" outcome="Passed" testListId="8c84fa94-04c1-424b-9868-57a2d4851a1d" relativeResultsDirectory="f929829b-5d76-4d0f-ae4e-d5795c4df0ec">
    </UnitTestResult>
    <UnitTestResult executionId="c2325c5c-99ef-4bde-917a-fea3356742ba" testId="ec648528-7639-30f5-a594-aa50e078b4a6" testName="TestDecimalSubtraction" computerName="GARYHALL-PC" duration="00:00:00.0004228" startTime="2010-08-13T16:35:02.2356532+01:00" endTime="2010-08-13T16:35:02.2416535+01:00" testType="13cdc9d9-ddb5-4fa4-a97d-d965ccfc6d4b" outcome="Passed" testListId="8c84fa94-04c1-424b-9868-57a2d4851a1d" relativeResultsDirectory="c2325c5c-99ef-4bde-917a-fea3356742ba">
    </UnitTestResult>
  </Results>
</TestRun>