<?xml version="1.0" encoding="UTF-8"?>
<TestRun id="f7b6fb38-f282-465e-9c75-749d544d0e5a" name="Gary Hall@GARYHALL-PC 2010-08-22 17:54:33" runUser="GaryHall-PC\Gary Hall" xmlns="http://microsoft.com/schemas/VisualStudio/TeamTest/2010">
  <TestSettings name="Local" id="e533ef08-9b5d-45f9-9cf4-b65cf17f0508">
    <Description>These are default test settings for a local test run.</Description>
    <Deployment enabled="false" runDeploymentRoot="Gary Hall_GARYHALL-PC 2010-08-22 17_54_33">
      <DeploymentItem filename="D:\Users7\Gary Hall\Development\MyMoney.Model\MyMoney.ViewModel\bin\Debug\MyMoney.ViewModel.dll" />
      <DeploymentItem filename="D:\Users7\Gary Hall\Development\MyMoney.Model\MyMoney.Model\bin\Debug\MyMoney.Model.dll" />
    </Deployment>
    <Execution>
      <TestTypeSpecific />
      <AgentRule name="Execution Agents">
      </AgentRule>
    </Execution>
  </TestSettings>
  <Times creation="2010-08-22T17:54:33.7571353+01:00" queuing="2010-08-22T17:54:35.4062296+01:00" start="2010-08-22T17:54:35.4712333+01:00" finish="2010-08-22T17:54:35.8672560+01:00" />
  <ResultSummary outcome="Failed">
    <Counters total="1" executed="1" error="0" failed="1" timeout="0" aborted="0" inconclusive="0" passedButRunAborted="0" notRunnable="0" notExecuted="0" disconnected="0" warning="0" passed="0" completed="0" inProgress="0" pending="0" />
  </ResultSummary>
  <TestDefinitions>
    <UnitTest name="ItShouldDelegateToThePersonForTheNetWorth" storage="d:\users7\gary hall\development\mymoney.model\mymoney.viewmodel.test\bin\debug\mymoney.viewmodel.test.dll" id="7b376514-6f80-ca16-fb57-fb767aea817f">
      <Execution id="eb1d0cd8-4077-446d-8f2e-ffaa0dd0a0f4" />
      <TestMethod codeBase="D:/Users7/Gary Hall/Development/MyMoney.Model/MyMoney.ViewModel.Test/bin/Debug/MyMoney.ViewModel.Test.DLL" adapterTypeName="Microsoft.VisualStudio.TestTools.TestTypes.Unit.UnitTestAdapter, Microsoft.VisualStudio.QualityTools.Tips.UnitTest.Adapter, Version=10.0.0.0, Culture=neutral, PublicKeyToken=b03f5f7f11d50a3a" className="MyMoney.ViewModel.Test.MainWindowViewModelTests, MyMoney.ViewModel.Test, Version=1.0.0.0, Culture=neutral, PublicKeyToken=null" name="ItShouldDelegateToThePersonForTheNetWorth" />
    </UnitTest>
  </TestDefinitions>
  <TestLists>
    <TestList name="Results Not in a List" id="8c84fa94-04c1-424b-9868-57a2d4851a1d" />
    <TestList name="All Loaded Results" id="19431567-8539-422a-85d7-44ee4e166bda" />
  </TestLists>
  <TestEntries>
    <TestEntry testId="7b376514-6f80-ca16-fb57-fb767aea817f" executionId="eb1d0cd8-4077-446d-8f2e-ffaa0dd0a0f4" testListId="8c84fa94-04c1-424b-9868-57a2d4851a1d" />
  </TestEntries>
  <Results>
    <UnitTestResult executionId="eb1d0cd8-4077-446d-8f2e-ffaa0dd0a0f4" testId="7b376514-6f80-ca16-fb57-fb767aea817f" testName="ItShouldDelegateToThePersonForTheNetWorth" computerName="GARYHALL-PC" duration="00:00:00.0539365" startTime="2010-08-22T17:54:35.4822339+01:00" endTime="2010-08-22T17:54:35.8272537+01:00" testType="13cdc9d9-ddb5-4fa4-a97d-d965ccfc6d4b" outcome="Failed" testListId="8c84fa94-04c1-424b-9868-57a2d4851a1d" relativeResultsDirectory="eb1d0cd8-4077-446d-8f2e-ffaa0dd0a0f4">
      <Output>
        <ErrorInfo>
          <Message>Assert.IsTrue failed. </Message>
          <StackTrace>   at MyMoney.ViewModel.Test.MainWindowViewModelTests.ItShouldDelegateToThePersonForTheNetWorth() in D:\Users7\Gary Hall\Development\MyMoney.Model\MyMoney.ViewModel.Test\MainWindowViewModelTests.cs:line 22
</StackTrace>
        </ErrorInfo>
      </Output>
    </UnitTestResult>
  </Results>
</TestRun>