<?xml version="1.0" encoding="UTF-8"?>
<TestRun id="3988090a-5ce0-40ba-aa19-d12559b978a3" name="Gary Hall@GARYHALL-PC 2010-08-13 14:26:36" runUser="GaryHall-PC\Gary Hall" xmlns="http://microsoft.com/schemas/VisualStudio/TeamTest/2010">
  <TestSettings name="Local" id="e533ef08-9b5d-45f9-9cf4-b65cf17f0508">
    <Description>These are default test settings for a local test run.</Description>
    <Deployment enabled="false" runDeploymentRoot="Gary Hall_GARYHALL-PC 2010-08-13 14_26_36">
      <DeploymentItem filename="D:\Users7\Gary Hall\Development\MyMoney.Model\MyMoney.Model\bin\Debug\MyMoney.Model.dll" />
    </Deployment>
    <Execution>
      <TestTypeSpecific />
      <AgentRule name="Execution Agents">
      </AgentRule>
    </Execution>
  </TestSettings>
  <Times creation="2010-08-13T14:26:36.7979273+01:00" queuing="2010-08-13T14:26:39.2550679+01:00" start="2010-08-13T14:26:39.4050765+01:00" finish="2010-08-13T14:26:46.8705035+01:00" />
  <ResultSummary outcome="Completed">
    <Counters total="29" executed="29" passed="29" error="0" failed="0" timeout="0" aborted="0" inconclusive="0" passedButRunAborted="0" notRunnable="0" notExecuted="0" disconnected="0" warning="0" completed="0" inProgress="0" pending="0" />
  </ResultSummary>
  <TestDefinitions>
    <UnitTest name="TestAccountsCannotBeDirectlyCyclical" storage="d:\users7\gary hall\development\mymoney.model\mymoney.model.test\bin\debug\mymoney.model.test.dll" id="719b99a2-ccd9-d901-c33e-c7ca5b16d735">
      <Execution id="301be1cb-6123-48e7-833e-1a7642d8b028" />
      <TestMethod codeBase="D:/Users7/Gary Hall/Development/MyMoney.Model/MyMoney.Model.Test/bin/Debug/MyMoney.Model.Test.DLL" adapterTypeName="Microsoft.VisualStudio.TestTools.TestTypes.Unit.UnitTestAdapter, Microsoft.VisualStudio.QualityTools.Tips.UnitTest.Adapter, Version=10.0.0.0, Culture=neutral, PublicKeyToken=b03f5f7f11d50a3a" className="MyMoney.Model.Test.CompositeAccountTests, MyMoney.Model.Test, Version=1.0.0.0, Culture=neutral, PublicKeyToken=null" name="TestAccountsCannotBeDirectlyCyclical" />
    </UnitTest>
    <UnitTest name="TestMoneyGreaterThan" storage="d:\users7\gary hall\development\mymoney.model\mymoney.model.test\bin\debug\mymoney.model.test.dll" id="a131c1cd-5ebb-f896-bf70-e19826c2755a">
      <Execution id="9c18a9c0-e48e-43c6-b9e4-198497c5112b" />
      <TestMethod codeBase="D:/Users7/Gary Hall/Development/MyMoney.Model/MyMoney.Model.Test/bin/Debug/MyMoney.Model.Test.DLL" adapterTypeName="Microsoft.VisualStudio.TestTools.TestTypes.Unit.UnitTestAdapter, Microsoft.VisualStudio.QualityTools.Tips.UnitTest.Adapter, Version=10.0.0.0, Culture=neutral, PublicKeyToken=b03f5f7f11d50a3a" className="MyMoney.Model.Test.MoneyTests, MyMoney.Model.Test, Version=1.0.0.0, Culture=neutral, PublicKeyToken=null" name="TestMoneyGreaterThan" />
    </UnitTest>
    <UnitTest name="TestDecimalSubtraction" storage="d:\users7\gary hall\development\mymoney.model\mymoney.model.test\bin\debug\mymoney.model.test.dll" id="ec648528-7639-30f5-a594-aa50e078b4a6">
      <Execution id="42334e8b-0ff1-43da-9d57-99dec50205ee" />
      <TestMethod codeBase="D:/Users7/Gary Hall/Development/MyMoney.Model/MyMoney.Model.Test/bin/Debug/MyMoney.Model.Test.DLL" adapterTypeName="Microsoft.VisualStudio.TestTools.TestTypes.Unit.UnitTestAdapter, Microsoft.VisualStudio.QualityTools.Tips.UnitTest.Adapter, Version=10.0.0.0, Culture=neutral, PublicKeyToken=b03f5f7f11d50a3a" className="MyMoney.Model.Test.MoneyTests, MyMoney.Model.Test, Version=1.0.0.0, Culture=neutral, PublicKeyToken=null" name="TestDecimalSubtraction" />
    </UnitTest>
    <UnitTest name="TestCalculateNewBalanceWithWithdrawal" storage="d:\users7\gary hall\development\mymoney.model\mymoney.model.test\bin\debug\mymoney.model.test.dll" id="cf7300a1-3521-5eea-bdb6-deaacc452e6a">
      <Execution id="e8828a81-0b9d-42a6-ae62-642e21d20886" />
      <TestMethod codeBase="D:/Users7/Gary Hall/Development/MyMoney.Model/MyMoney.Model.Test/bin/Debug/MyMoney.Model.Test.DLL" adapterTypeName="Microsoft.VisualStudio.TestTools.TestTypes.Unit.UnitTestAdapter, Microsoft.VisualStudio.QualityTools.Tips.UnitTest.Adapter, Version=10.0.0.0, Culture=neutral, PublicKeyToken=b03f5f7f11d50a3a" className="MyMoney.Model.Test.EntryTests, MyMoney.Model.Test, Version=1.0.0.0, Culture=neutral, PublicKeyToken=null" name="TestCalculateNewBalanceWithWithdrawal" />
    </UnitTest>
    <UnitTest name="TestMoneyLessThan_WithDifferentCurrencies" storage="d:\users7\gary hall\development\mymoney.model\mymoney.model.test\bin\debug\mymoney.model.test.dll" id="0e419ff0-125a-7bf6-462b-1ac3be8e60b3">
      <Execution id="61f61e01-c278-494d-bc0a-9864da2ee6e5" />
      <TestMethod codeBase="D:/Users7/Gary Hall/Development/MyMoney.Model/MyMoney.Model.Test/bin/Debug/MyMoney.Model.Test.DLL" adapterTypeName="Microsoft.VisualStudio.TestTools.TestTypes.Unit.UnitTestAdapter, Microsoft.VisualStudio.QualityTools.Tips.UnitTest.Adapter, Version=10.0.0.0, Culture=neutral, PublicKeyToken=b03f5f7f11d50a3a" className="MyMoney.Model.Test.MoneyTests, MyMoney.Model.Test, Version=1.0.0.0, Culture=neutral, PublicKeyToken=null" name="TestMoneyLessThan_WithDifferentCurrencies" />
    </UnitTest>
    <UnitTest name="TestMoneySubtraction" storage="d:\users7\gary hall\development\mymoney.model\mymoney.model.test\bin\debug\mymoney.model.test.dll" id="76663220-b66f-a344-1b95-70336a50cd79">
      <Execution id="9d37c9ef-2a42-4a89-ae43-ca2fe4f6c430" />
      <TestMethod codeBase="D:/Users7/Gary Hall/Development/MyMoney.Model/MyMoney.Model.Test/bin/Debug/MyMoney.Model.Test.DLL" adapterTypeName="Microsoft.VisualStudio.TestTools.TestTypes.Unit.UnitTestAdapter, Microsoft.VisualStudio.QualityTools.Tips.UnitTest.Adapter, Version=10.0.0.0, Culture=neutral, PublicKeyToken=b03f5f7f11d50a3a" className="MyMoney.Model.Test.MoneyTests, MyMoney.Model.Test, Version=1.0.0.0, Culture=neutral, PublicKeyToken=null" name="TestMoneySubtraction" />
    </UnitTest>
    <UnitTest name="TestRemoveAccount" storage="d:\users7\gary hall\development\mymoney.model\mymoney.model.test\bin\debug\mymoney.model.test.dll" id="4846a8e9-75dc-cada-1387-c372c7702a90">
      <Execution id="b0f5b75d-0769-40e7-9743-222d008c3eab" />
      <TestMethod codeBase="D:/Users7/Gary Hall/Development/MyMoney.Model/MyMoney.Model.Test/bin/Debug/MyMoney.Model.Test.DLL" adapterTypeName="Microsoft.VisualStudio.TestTools.TestTypes.Unit.UnitTestAdapter, Microsoft.VisualStudio.QualityTools.Tips.UnitTest.Adapter, Version=10.0.0.0, Culture=neutral, PublicKeyToken=b03f5f7f11d50a3a" className="MyMoney.Model.Test.CompositeAccountTests, MyMoney.Model.Test, Version=1.0.0.0, Culture=neutral, PublicKeyToken=null" name="TestRemoveAccount" />
    </UnitTest>
    <UnitTest name="TestMoneyEquality" storage="d:\users7\gary hall\development\mymoney.model\mymoney.model.test\bin\debug\mymoney.model.test.dll" id="78c91968-703b-bff5-6f93-3d07f3ffd761">
      <Execution id="9e4c658e-3141-47e1-9d1a-47989fe08326" />
      <TestMethod codeBase="D:/Users7/Gary Hall/Development/MyMoney.Model/MyMoney.Model.Test/bin/Debug/MyMoney.Model.Test.DLL" adapterTypeName="Microsoft.VisualStudio.TestTools.TestTypes.Unit.UnitTestAdapter, Microsoft.VisualStudio.QualityTools.Tips.UnitTest.Adapter, Version=10.0.0.0, Culture=neutral, PublicKeyToken=b03f5f7f11d50a3a" className="MyMoney.Model.Test.MoneyTests, MyMoney.Model.Test, Version=1.0.0.0, Culture=neutral, PublicKeyToken=null" name="TestMoneyEquality" />
    </UnitTest>
    <UnitTest name="TestIntegerDivision" storage="d:\users7\gary hall\development\mymoney.model\mymoney.model.test\bin\debug\mymoney.model.test.dll" id="55d7d97b-90da-424d-f7a3-3b4d69b551e8">
      <Execution id="3d237a8f-a7ad-4825-8c97-d82969bdc50c" />
      <TestMethod codeBase="D:/Users7/Gary Hall/Development/MyMoney.Model/MyMoney.Model.Test/bin/Debug/MyMoney.Model.Test.DLL" adapterTypeName="Microsoft.VisualStudio.TestTools.TestTypes.Unit.UnitTestAdapter, Microsoft.VisualStudio.QualityTools.Tips.UnitTest.Adapter, Version=10.0.0.0, Culture=neutral, PublicKeyToken=b03f5f7f11d50a3a" className="MyMoney.Model.Test.MoneyTests, MyMoney.Model.Test, Version=1.0.0.0, Culture=neutral, PublicKeyToken=null" name="TestIntegerDivision" />
    </UnitTest>
    <UnitTest name="TestAccountsWithSameNameCanExistInHierarchy" storage="d:\users7\gary hall\development\mymoney.model\mymoney.model.test\bin\debug\mymoney.model.test.dll" id="0df82333-8dd3-2386-4548-831092c0a100">
      <Execution id="32b0919a-b553-43c7-849a-66728c7bd8e2" />
      <TestMethod codeBase="D:/Users7/Gary Hall/Development/MyMoney.Model/MyMoney.Model.Test/bin/Debug/MyMoney.Model.Test.DLL" adapterTypeName="Microsoft.VisualStudio.TestTools.TestTypes.Unit.UnitTestAdapter, Microsoft.VisualStudio.QualityTools.Tips.UnitTest.Adapter, Version=10.0.0.0, Culture=neutral, PublicKeyToken=b03f5f7f11d50a3a" className="MyMoney.Model.Test.CompositeAccountTests, MyMoney.Model.Test, Version=1.0.0.0, Culture=neutral, PublicKeyToken=null" name="TestAccountsWithSameNameCanExistInHierarchy" />
    </UnitTest>
    <UnitTest name="TestMoneyGreaterThanOrEqualTo" storage="d:\users7\gary hall\development\mymoney.model\mymoney.model.test\bin\debug\mymoney.model.test.dll" id="28f7f648-05a2-44d1-103b-7fd5a2e1924b">
      <Execution id="d8a552eb-4080-466c-966c-99af3610fbaf" />
      <TestMethod codeBase="D:/Users7/Gary Hall/Development/MyMoney.Model/MyMoney.Model.Test/bin/Debug/MyMoney.Model.Test.DLL" adapterTypeName="Microsoft.VisualStudio.TestTools.TestTypes.Unit.UnitTestAdapter, Microsoft.VisualStudio.QualityTools.Tips.UnitTest.Adapter, Version=10.0.0.0, Culture=neutral, PublicKeyToken=b03f5f7f11d50a3a" className="MyMoney.Model.Test.MoneyTests, MyMoney.Model.Test, Version=1.0.0.0, Culture=neutral, PublicKeyToken=null" name="TestMoneyGreaterThanOrEqualTo" />
    </UnitTest>
    <UnitTest name="TestAddAccount" storage="d:\users7\gary hall\development\mymoney.model\mymoney.model.test\bin\debug\mymoney.model.test.dll" id="b2747cb5-7215-0a6d-5362-1b292dab29c8">
      <Execution id="7e6c5015-ef9f-4f0c-9708-17e3acf06110" />
      <TestMethod codeBase="D:/Users7/Gary Hall/Development/MyMoney.Model/MyMoney.Model.Test/bin/Debug/MyMoney.Model.Test.DLL" adapterTypeName="Microsoft.VisualStudio.TestTools.TestTypes.Unit.UnitTestAdapter, Microsoft.VisualStudio.QualityTools.Tips.UnitTest.Adapter, Version=10.0.0.0, Culture=neutral, PublicKeyToken=b03f5f7f11d50a3a" className="MyMoney.Model.Test.CompositeAccountTests, MyMoney.Model.Test, Version=1.0.0.0, Culture=neutral, PublicKeyToken=null" name="TestAddAccount" />
    </UnitTest>
    <UnitTest name="TestMoneyAddition_WithDifferentCurrencies" storage="d:\users7\gary hall\development\mymoney.model\mymoney.model.test\bin\debug\mymoney.model.test.dll" id="8dcc9c7e-1445-b321-953e-5e9ded9d51f6">
      <Execution id="49921b1f-5346-4edc-bb06-f36143d6858b" />
      <TestMethod codeBase="D:/Users7/Gary Hall/Development/MyMoney.Model/MyMoney.Model.Test/bin/Debug/MyMoney.Model.Test.DLL" adapterTypeName="Microsoft.VisualStudio.TestTools.TestTypes.Unit.UnitTestAdapter, Microsoft.VisualStudio.QualityTools.Tips.UnitTest.Adapter, Version=10.0.0.0, Culture=neutral, PublicKeyToken=b03f5f7f11d50a3a" className="MyMoney.Model.Test.MoneyTests, MyMoney.Model.Test, Version=1.0.0.0, Culture=neutral, PublicKeyToken=null" name="TestMoneyAddition_WithDifferentCurrencies" />
    </UnitTest>
    <UnitTest name="TestAccountsCannotBeIndirectlyCyclical" storage="d:\users7\gary hall\development\mymoney.model\mymoney.model.test\bin\debug\mymoney.model.test.dll" id="84331712-c27b-c50b-772b-5da9c5e5f9ca">
      <Execution id="8329a25f-bb9d-4eab-ace5-8f3b5cf68f96" />
      <TestMethod codeBase="D:/Users7/Gary Hall/Development/MyMoney.Model/MyMoney.Model.Test/bin/Debug/MyMoney.Model.Test.DLL" adapterTypeName="Microsoft.VisualStudio.TestTools.TestTypes.Unit.UnitTestAdapter, Microsoft.VisualStudio.QualityTools.Tips.UnitTest.Adapter, Version=10.0.0.0, Culture=neutral, PublicKeyToken=b03f5f7f11d50a3a" className="MyMoney.Model.Test.CompositeAccountTests, MyMoney.Model.Test, Version=1.0.0.0, Culture=neutral, PublicKeyToken=null" name="TestAccountsCannotBeIndirectlyCyclical" />
    </UnitTest>
    <UnitTest name="TestMoneyGreaterThanOrEqualTo_WithDifferentCurrencies" storage="d:\users7\gary hall\development\mymoney.model\mymoney.model.test\bin\debug\mymoney.model.test.dll" id="e3259fc0-849f-28fd-20c2-ca89775496f9">
      <Execution id="91988056-afe2-4345-96de-21dd1831d2bf" />
      <TestMethod codeBase="D:/Users7/Gary Hall/Development/MyMoney.Model/MyMoney.Model.Test/bin/Debug/MyMoney.Model.Test.DLL" adapterTypeName="Microsoft.VisualStudio.TestTools.TestTypes.Unit.UnitTestAdapter, Microsoft.VisualStudio.QualityTools.Tips.UnitTest.Adapter, Version=10.0.0.0, Culture=neutral, PublicKeyToken=b03f5f7f11d50a3a" className="MyMoney.Model.Test.MoneyTests, MyMoney.Model.Test, Version=1.0.0.0, Culture=neutral, PublicKeyToken=null" name="TestMoneyGreaterThanOrEqualTo_WithDifferentCurrencies" />
    </UnitTest>
    <UnitTest name="TestMoneySubtraction_WithDifferentCurrencies" storage="d:\users7\gary hall\development\mymoney.model\mymoney.model.test\bin\debug\mymoney.model.test.dll" id="7de16891-0c69-f9dd-d022-02f5a9c59639">
      <Execution id="e2544b5b-ea4e-4454-a69a-4d2792ba173a" />
      <TestMethod codeBase="D:/Users7/Gary Hall/Development/MyMoney.Model/MyMoney.Model.Test/bin/Debug/MyMoney.Model.Test.DLL" adapterTypeName="Microsoft.VisualStudio.TestTools.TestTypes.Unit.UnitTestAdapter, Microsoft.VisualStudio.QualityTools.Tips.UnitTest.Adapter, Version=10.0.0.0, Culture=neutral, PublicKeyToken=b03f5f7f11d50a3a" className="MyMoney.Model.Test.MoneyTests, MyMoney.Model.Test, Version=1.0.0.0, Culture=neutral, PublicKeyToken=null" name="TestMoneySubtraction_WithDifferentCurrencies" />
    </UnitTest>
    <UnitTest name="TestMoneyLessThanOrEqualTo" storage="d:\users7\gary hall\development\mymoney.model\mymoney.model.test\bin\debug\mymoney.model.test.dll" id="24c04acd-26f2-cbd9-bbfa-3094dab94a1b">
      <Execution id="0baf5272-a69f-4101-80bc-a2542d126922" />
      <TestMethod codeBase="D:/Users7/Gary Hall/Development/MyMoney.Model/MyMoney.Model.Test/bin/Debug/MyMoney.Model.Test.DLL" adapterTypeName="Microsoft.VisualStudio.TestTools.TestTypes.Unit.UnitTestAdapter, Microsoft.VisualStudio.QualityTools.Tips.UnitTest.Adapter, Version=10.0.0.0, Culture=neutral, PublicKeyToken=b03f5f7f11d50a3a" className="MyMoney.Model.Test.MoneyTests, MyMoney.Model.Test, Version=1.0.0.0, Culture=neutral, PublicKeyToken=null" name="TestMoneyLessThanOrEqualTo" />
    </UnitTest>
    <UnitTest name="TestCalculateNewBalanceWithDecimalDeposit" storage="d:\users7\gary hall\development\mymoney.model\mymoney.model.test\bin\debug\mymoney.model.test.dll" id="1a59b2a3-9763-e434-f55e-fab57a45e36c">
      <Execution id="757abbe0-7b43-44a5-b145-8a81c5601217" />
      <TestMethod codeBase="D:/Users7/Gary Hall/Development/MyMoney.Model/MyMoney.Model.Test/bin/Debug/MyMoney.Model.Test.DLL" adapterTypeName="Microsoft.VisualStudio.TestTools.TestTypes.Unit.UnitTestAdapter, Microsoft.VisualStudio.QualityTools.Tips.UnitTest.Adapter, Version=10.0.0.0, Culture=neutral, PublicKeyToken=b03f5f7f11d50a3a" className="MyMoney.Model.Test.EntryTests, MyMoney.Model.Test, Version=1.0.0.0, Culture=neutral, PublicKeyToken=null" name="TestCalculateNewBalanceWithDecimalDeposit" />
    </UnitTest>
    <UnitTest name="TestMoneyLessThan" storage="d:\users7\gary hall\development\mymoney.model\mymoney.model.test\bin\debug\mymoney.model.test.dll" id="c1a50ef4-2314-875b-518e-aabf370704d1">
      <Execution id="55321cb8-f191-4a34-af8d-714ff08604cb" />
      <TestMethod codeBase="D:/Users7/Gary Hall/Development/MyMoney.Model/MyMoney.Model.Test/bin/Debug/MyMoney.Model.Test.DLL" adapterTypeName="Microsoft.VisualStudio.TestTools.TestTypes.Unit.UnitTestAdapter, Microsoft.VisualStudio.QualityTools.Tips.UnitTest.Adapter, Version=10.0.0.0, Culture=neutral, PublicKeyToken=b03f5f7f11d50a3a" className="MyMoney.Model.Test.MoneyTests, MyMoney.Model.Test, Version=1.0.0.0, Culture=neutral, PublicKeyToken=null" name="TestMoneyLessThan" />
    </UnitTest>
    <UnitTest name="TestAccountOnlyAppearsOnceInHierarchy" storage="d:\users7\gary hall\development\mymoney.model\mymoney.model.test\bin\debug\mymoney.model.test.dll" id="447f6a17-9c3f-29ed-3a8a-ed52d629683f">
      <Execution id="eecd848b-5144-4470-b94f-bbee752dcc76" />
      <TestMethod codeBase="D:/Users7/Gary Hall/Development/MyMoney.Model/MyMoney.Model.Test/bin/Debug/MyMoney.Model.Test.DLL" adapterTypeName="Microsoft.VisualStudio.TestTools.TestTypes.Unit.UnitTestAdapter, Microsoft.VisualStudio.QualityTools.Tips.UnitTest.Adapter, Version=10.0.0.0, Culture=neutral, PublicKeyToken=b03f5f7f11d50a3a" className="MyMoney.Model.Test.CompositeAccountTests, MyMoney.Model.Test, Version=1.0.0.0, Culture=neutral, PublicKeyToken=null" name="TestAccountOnlyAppearsOnceInHierarchy" />
    </UnitTest>
    <UnitTest name="TestCalculateNewBalanceWithDeposit" storage="d:\users7\gary hall\development\mymoney.model\mymoney.model.test\bin\debug\mymoney.model.test.dll" id="9a8e8d08-2ba9-5e87-0fee-e892910cdbf8">
      <Execution id="ace7b0b2-00b7-43b0-9783-27145f5aa686" />
      <TestMethod codeBase="D:/Users7/Gary Hall/Development/MyMoney.Model/MyMoney.Model.Test/bin/Debug/MyMoney.Model.Test.DLL" adapterTypeName="Microsoft.VisualStudio.TestTools.TestTypes.Unit.UnitTestAdapter, Microsoft.VisualStudio.QualityTools.Tips.UnitTest.Adapter, Version=10.0.0.0, Culture=neutral, PublicKeyToken=b03f5f7f11d50a3a" className="MyMoney.Model.Test.EntryTests, MyMoney.Model.Test, Version=1.0.0.0, Culture=neutral, PublicKeyToken=null" name="TestCalculateNewBalanceWithDeposit" />
    </UnitTest>
    <UnitTest name="TestAccountsWithSameNameCannotShareParent" storage="d:\users7\gary hall\development\mymoney.model\mymoney.model.test\bin\debug\mymoney.model.test.dll" id="2cf52dbe-eb7f-1137-b0bc-942374cee146">
      <Execution id="d70bb625-5af0-4152-9974-e4f9b01a35d5" />
      <TestMethod codeBase="D:/Users7/Gary Hall/Development/MyMoney.Model/MyMoney.Model.Test/bin/Debug/MyMoney.Model.Test.DLL" adapterTypeName="Microsoft.VisualStudio.TestTools.TestTypes.Unit.UnitTestAdapter, Microsoft.VisualStudio.QualityTools.Tips.UnitTest.Adapter, Version=10.0.0.0, Culture=neutral, PublicKeyToken=b03f5f7f11d50a3a" className="MyMoney.Model.Test.CompositeAccountTests, MyMoney.Model.Test, Version=1.0.0.0, Culture=neutral, PublicKeyToken=null" name="TestAccountsWithSameNameCannotShareParent" />
    </UnitTest>
    <UnitTest name="TestDecimalAddition" storage="d:\users7\gary hall\development\mymoney.model\mymoney.model.test\bin\debug\mymoney.model.test.dll" id="9b2d885b-a8a7-03c1-299f-d762e20ec0ee">
      <Execution id="52fc323a-04a5-49b9-9c0d-3f52271e1a15" />
      <TestMethod codeBase="D:/Users7/Gary Hall/Development/MyMoney.Model/MyMoney.Model.Test/bin/Debug/MyMoney.Model.Test.DLL" adapterTypeName="Microsoft.VisualStudio.TestTools.TestTypes.Unit.UnitTestAdapter, Microsoft.VisualStudio.QualityTools.Tips.UnitTest.Adapter, Version=10.0.0.0, Culture=neutral, PublicKeyToken=b03f5f7f11d50a3a" className="MyMoney.Model.Test.MoneyTests, MyMoney.Model.Test, Version=1.0.0.0, Culture=neutral, PublicKeyToken=null" name="TestDecimalAddition" />
    </UnitTest>
    <UnitTest name="TestMoneyAddition" storage="d:\users7\gary hall\development\mymoney.model\mymoney.model.test\bin\debug\mymoney.model.test.dll" id="176a39b7-5a56-778d-3917-c9942629793d">
      <Execution id="07ec1a70-77d6-4d47-92c3-5ca857f2c5d5" />
      <TestMethod codeBase="D:/Users7/Gary Hall/Development/MyMoney.Model/MyMoney.Model.Test/bin/Debug/MyMoney.Model.Test.DLL" adapterTypeName="Microsoft.VisualStudio.TestTools.TestTypes.Unit.UnitTestAdapter, Microsoft.VisualStudio.QualityTools.Tips.UnitTest.Adapter, Version=10.0.0.0, Culture=neutral, PublicKeyToken=b03f5f7f11d50a3a" className="MyMoney.Model.Test.MoneyTests, MyMoney.Model.Test, Version=1.0.0.0, Culture=neutral, PublicKeyToken=null" name="TestMoneyAddition" />
    </UnitTest>
    <UnitTest name="TestMoneyInequality" storage="d:\users7\gary hall\development\mymoney.model\mymoney.model.test\bin\debug\mymoney.model.test.dll" id="8107676f-e16c-cdfd-b679-3689e4311f36">
      <Execution id="fbb8ac8c-fdf5-42c6-92f6-41bb5dead18b" />
      <TestMethod codeBase="D:/Users7/Gary Hall/Development/MyMoney.Model/MyMoney.Model.Test/bin/Debug/MyMoney.Model.Test.DLL" adapterTypeName="Microsoft.VisualStudio.TestTools.TestTypes.Unit.UnitTestAdapter, Microsoft.VisualStudio.QualityTools.Tips.UnitTest.Adapter, Version=10.0.0.0, Culture=neutral, PublicKeyToken=b03f5f7f11d50a3a" className="MyMoney.Model.Test.MoneyTests, MyMoney.Model.Test, Version=1.0.0.0, Culture=neutral, PublicKeyToken=null" name="TestMoneyInequality" />
    </UnitTest>
    <UnitTest name="TestIntegerMultiplication" storage="d:\users7\gary hall\development\mymoney.model\mymoney.model.test\bin\debug\mymoney.model.test.dll" id="14c26f63-240b-e300-a8d6-f98af12ef12c">
      <Execution id="1735be99-fb0b-44ad-82af-819d0f72f0ed" />
      <TestMethod codeBase="D:/Users7/Gary Hall/Development/MyMoney.Model/MyMoney.Model.Test/bin/Debug/MyMoney.Model.Test.DLL" adapterTypeName="Microsoft.VisualStudio.TestTools.TestTypes.Unit.UnitTestAdapter, Microsoft.VisualStudio.QualityTools.Tips.UnitTest.Adapter, Version=10.0.0.0, Culture=neutral, PublicKeyToken=b03f5f7f11d50a3a" className="MyMoney.Model.Test.MoneyTests, MyMoney.Model.Test, Version=1.0.0.0, Culture=neutral, PublicKeyToken=null" name="TestIntegerMultiplication" />
    </UnitTest>
    <UnitTest name="TestMoneyLessThanOrEqualTo_WithDifferentCurrencies" storage="d:\users7\gary hall\development\mymoney.model\mymoney.model.test\bin\debug\mymoney.model.test.dll" id="871f49a1-e582-cdac-a951-441af8971063">
      <Execution id="c5970677-b8f6-4bf2-bd4b-898eb195412c" />
      <TestMethod codeBase="D:/Users7/Gary Hall/Development/MyMoney.Model/MyMoney.Model.Test/bin/Debug/MyMoney.Model.Test.DLL" adapterTypeName="Microsoft.VisualStudio.TestTools.TestTypes.Unit.UnitTestAdapter, Microsoft.VisualStudio.QualityTools.Tips.UnitTest.Adapter, Version=10.0.0.0, Culture=neutral, PublicKeyToken=b03f5f7f11d50a3a" className="MyMoney.Model.Test.MoneyTests, MyMoney.Model.Test, Version=1.0.0.0, Culture=neutral, PublicKeyToken=null" name="TestMoneyLessThanOrEqualTo_WithDifferentCurrencies" />
    </UnitTest>
    <UnitTest name="TestDefaultAccountBalanceIsZero" storage="d:\users7\gary hall\development\mymoney.model\mymoney.model.test\bin\debug\mymoney.model.test.dll" id="b1659d28-b526-6c16-48de-69e9c7dcfe18">
      <Execution id="4c10cf26-b4aa-4a5a-ab00-1b59e0216f5f" />
      <TestMethod codeBase="D:/Users7/Gary Hall/Development/MyMoney.Model/MyMoney.Model.Test/bin/Debug/MyMoney.Model.Test.DLL" adapterTypeName="Microsoft.VisualStudio.TestTools.TestTypes.Unit.UnitTestAdapter, Microsoft.VisualStudio.QualityTools.Tips.UnitTest.Adapter, Version=10.0.0.0, Culture=neutral, PublicKeyToken=b03f5f7f11d50a3a" className="MyMoney.Model.Test.LeafAccountTests, MyMoney.Model.Test, Version=1.0.0.0, Culture=neutral, PublicKeyToken=null" name="TestDefaultAccountBalanceIsZero" />
    </UnitTest>
    <UnitTest name="TestMoneyGreaterThan_WithDifferentCurrencies" storage="d:\users7\gary hall\development\mymoney.model\mymoney.model.test\bin\debug\mymoney.model.test.dll" id="199832f9-d1c4-82b4-6ea8-6f9b106eb51f">
      <Execution id="d067568d-97a1-48c6-9840-e26ea76c9aaa" />
      <TestMethod codeBase="D:/Users7/Gary Hall/Development/MyMoney.Model/MyMoney.Model.Test/bin/Debug/MyMoney.Model.Test.DLL" adapterTypeName="Microsoft.VisualStudio.TestTools.TestTypes.Unit.UnitTestAdapter, Microsoft.VisualStudio.QualityTools.Tips.UnitTest.Adapter, Version=10.0.0.0, Culture=neutral, PublicKeyToken=b03f5f7f11d50a3a" className="MyMoney.Model.Test.MoneyTests, MyMoney.Model.Test, Version=1.0.0.0, Culture=neutral, PublicKeyToken=null" name="TestMoneyGreaterThan_WithDifferentCurrencies" />
    </UnitTest>
  </TestDefinitions>
  <TestLists>
    <TestList name="Results Not in a List" id="8c84fa94-04c1-424b-9868-57a2d4851a1d" />
    <TestList name="All Loaded Results" id="19431567-8539-422a-85d7-44ee4e166bda" />
  </TestLists>
  <TestEntries>
    <TestEntry testId="0df82333-8dd3-2386-4548-831092c0a100" executionId="32b0919a-b553-43c7-849a-66728c7bd8e2" testListId="8c84fa94-04c1-424b-9868-57a2d4851a1d" />
    <TestEntry testId="0e419ff0-125a-7bf6-462b-1ac3be8e60b3" executionId="61f61e01-c278-494d-bc0a-9864da2ee6e5" testListId="8c84fa94-04c1-424b-9868-57a2d4851a1d" />
    <TestEntry testId="14c26f63-240b-e300-a8d6-f98af12ef12c" executionId="1735be99-fb0b-44ad-82af-819d0f72f0ed" testListId="8c84fa94-04c1-424b-9868-57a2d4851a1d" />
    <TestEntry testId="176a39b7-5a56-778d-3917-c9942629793d" executionId="07ec1a70-77d6-4d47-92c3-5ca857f2c5d5" testListId="8c84fa94-04c1-424b-9868-57a2d4851a1d" />
    <TestEntry testId="199832f9-d1c4-82b4-6ea8-6f9b106eb51f" executionId="d067568d-97a1-48c6-9840-e26ea76c9aaa" testListId="8c84fa94-04c1-424b-9868-57a2d4851a1d" />
    <TestEntry testId="1a59b2a3-9763-e434-f55e-fab57a45e36c" executionId="757abbe0-7b43-44a5-b145-8a81c5601217" testListId="8c84fa94-04c1-424b-9868-57a2d4851a1d" />
    <TestEntry testId="24c04acd-26f2-cbd9-bbfa-3094dab94a1b" executionId="0baf5272-a69f-4101-80bc-a2542d126922" testListId="8c84fa94-04c1-424b-9868-57a2d4851a1d" />
    <TestEntry testId="28f7f648-05a2-44d1-103b-7fd5a2e1924b" executionId="d8a552eb-4080-466c-966c-99af3610fbaf" testListId="8c84fa94-04c1-424b-9868-57a2d4851a1d" />
    <TestEntry testId="2cf52dbe-eb7f-1137-b0bc-942374cee146" executionId="d70bb625-5af0-4152-9974-e4f9b01a35d5" testListId="8c84fa94-04c1-424b-9868-57a2d4851a1d" />
    <TestEntry testId="447f6a17-9c3f-29ed-3a8a-ed52d629683f" executionId="eecd848b-5144-4470-b94f-bbee752dcc76" testListId="8c84fa94-04c1-424b-9868-57a2d4851a1d" />
    <TestEntry testId="4846a8e9-75dc-cada-1387-c372c7702a90" executionId="b0f5b75d-0769-40e7-9743-222d008c3eab" testListId="8c84fa94-04c1-424b-9868-57a2d4851a1d" />
    <TestEntry testId="55d7d97b-90da-424d-f7a3-3b4d69b551e8" executionId="3d237a8f-a7ad-4825-8c97-d82969bdc50c" testListId="8c84fa94-04c1-424b-9868-57a2d4851a1d" />
    <TestEntry testId="719b99a2-ccd9-d901-c33e-c7ca5b16d735" executionId="301be1cb-6123-48e7-833e-1a7642d8b028" testListId="8c84fa94-04c1-424b-9868-57a2d4851a1d" />
    <TestEntry testId="76663220-b66f-a344-1b95-70336a50cd79" executionId="9d37c9ef-2a42-4a89-ae43-ca2fe4f6c430" testListId="8c84fa94-04c1-424b-9868-57a2d4851a1d" />
    <TestEntry testId="78c91968-703b-bff5-6f93-3d07f3ffd761" executionId="9e4c658e-3141-47e1-9d1a-47989fe08326" testListId="8c84fa94-04c1-424b-9868-57a2d4851a1d" />
    <TestEntry testId="7de16891-0c69-f9dd-d022-02f5a9c59639" executionId="e2544b5b-ea4e-4454-a69a-4d2792ba173a" testListId="8c84fa94-04c1-424b-9868-57a2d4851a1d" />
    <TestEntry testId="8107676f-e16c-cdfd-b679-3689e4311f36" executionId="fbb8ac8c-fdf5-42c6-92f6-41bb5dead18b" testListId="8c84fa94-04c1-424b-9868-57a2d4851a1d" />
    <TestEntry testId="84331712-c27b-c50b-772b-5da9c5e5f9ca" executionId="8329a25f-bb9d-4eab-ace5-8f3b5cf68f96" testListId="8c84fa94-04c1-424b-9868-57a2d4851a1d" />
    <TestEntry testId="871f49a1-e582-cdac-a951-441af8971063" executionId="c5970677-b8f6-4bf2-bd4b-898eb195412c" testListId="8c84fa94-04c1-424b-9868-57a2d4851a1d" />
    <TestEntry testId="8dcc9c7e-1445-b321-953e-5e9ded9d51f6" executionId="49921b1f-5346-4edc-bb06-f36143d6858b" testListId="8c84fa94-04c1-424b-9868-57a2d4851a1d" />
    <TestEntry testId="9a8e8d08-2ba9-5e87-0fee-e892910cdbf8" executionId="ace7b0b2-00b7-43b0-9783-27145f5aa686" testListId="8c84fa94-04c1-424b-9868-57a2d4851a1d" />
    <TestEntry testId="9b2d885b-a8a7-03c1-299f-d762e20ec0ee" executionId="52fc323a-04a5-49b9-9c0d-3f52271e1a15" testListId="8c84fa94-04c1-424b-9868-57a2d4851a1d" />
    <TestEntry testId="a131c1cd-5ebb-f896-bf70-e19826c2755a" executionId="9c18a9c0-e48e-43c6-b9e4-198497c5112b" testListId="8c84fa94-04c1-424b-9868-57a2d4851a1d" />
    <TestEntry testId="b1659d28-b526-6c16-48de-69e9c7dcfe18" executionId="4c10cf26-b4aa-4a5a-ab00-1b59e0216f5f" testListId="8c84fa94-04c1-424b-9868-57a2d4851a1d" />
    <TestEntry testId="b2747cb5-7215-0a6d-5362-1b292dab29c8" executionId="7e6c5015-ef9f-4f0c-9708-17e3acf06110" testListId="8c84fa94-04c1-424b-9868-57a2d4851a1d" />
    <TestEntry testId="c1a50ef4-2314-875b-518e-aabf370704d1" executionId="55321cb8-f191-4a34-af8d-714ff08604cb" testListId="8c84fa94-04c1-424b-9868-57a2d4851a1d" />
    <TestEntry testId="cf7300a1-3521-5eea-bdb6-deaacc452e6a" executionId="e8828a81-0b9d-42a6-ae62-642e21d20886" testListId="8c84fa94-04c1-424b-9868-57a2d4851a1d" />
    <TestEntry testId="e3259fc0-849f-28fd-20c2-ca89775496f9" executionId="91988056-afe2-4345-96de-21dd1831d2bf" testListId="8c84fa94-04c1-424b-9868-57a2d4851a1d" />
    <TestEntry testId="ec648528-7639-30f5-a594-aa50e078b4a6" executionId="42334e8b-0ff1-43da-9d57-99dec50205ee" testListId="8c84fa94-04c1-424b-9868-57a2d4851a1d" />
  </TestEntries>
  <Results>
    <UnitTestResult executionId="32b0919a-b553-43c7-849a-66728c7bd8e2" testId="0df82333-8dd3-2386-4548-831092c0a100" testName="TestAccountsWithSameNameCanExistInHierarchy" computerName="GARYHALL-PC" duration="00:00:00.0147499" startTime="2010-08-13T14:26:39.5630855+01:00" endTime="2010-08-13T14:26:40.5611426+01:00" testType="13cdc9d9-ddb5-4fa4-a97d-d965ccfc6d4b" outcome="Passed" testListId="8c84fa94-04c1-424b-9868-57a2d4851a1d" relativeResultsDirectory="32b0919a-b553-43c7-849a-66728c7bd8e2">
    </UnitTestResult>
    <UnitTestResult executionId="61f61e01-c278-494d-bc0a-9864da2ee6e5" testId="0e419ff0-125a-7bf6-462b-1ac3be8e60b3" testName="TestMoneyLessThan_WithDifferentCurrencies" computerName="GARYHALL-PC" duration="00:00:00.0360257" startTime="2010-08-13T14:26:40.5731433+01:00" endTime="2010-08-13T14:26:40.6221461+01:00" testType="13cdc9d9-ddb5-4fa4-a97d-d965ccfc6d4b" outcome="Passed" testListId="8c84fa94-04c1-424b-9868-57a2d4851a1d" relativeResultsDirectory="61f61e01-c278-494d-bc0a-9864da2ee6e5">
    </UnitTestResult>
    <UnitTestResult executionId="1735be99-fb0b-44ad-82af-819d0f72f0ed" testId="14c26f63-240b-e300-a8d6-f98af12ef12c" testName="TestIntegerMultiplication" computerName="GARYHALL-PC" duration="00:00:00.0021182" startTime="2010-08-13T14:26:40.6331467+01:00" endTime="2010-08-13T14:26:40.6471475+01:00" testType="13cdc9d9-ddb5-4fa4-a97d-d965ccfc6d4b" outcome="Passed" testListId="8c84fa94-04c1-424b-9868-57a2d4851a1d" relativeResultsDirectory="1735be99-fb0b-44ad-82af-819d0f72f0ed">
    </UnitTestResult>
    <UnitTestResult executionId="07ec1a70-77d6-4d47-92c3-5ca857f2c5d5" testId="176a39b7-5a56-778d-3917-c9942629793d" testName="TestMoneyAddition" computerName="GARYHALL-PC" duration="00:00:00.0008183" startTime="2010-08-13T14:26:40.6541479+01:00" endTime="2010-08-13T14:26:40.6661486+01:00" testType="13cdc9d9-ddb5-4fa4-a97d-d965ccfc6d4b" outcome="Passed" testListId="8c84fa94-04c1-424b-9868-57a2d4851a1d" relativeResultsDirectory="07ec1a70-77d6-4d47-92c3-5ca857f2c5d5">
    </UnitTestResult>
    <UnitTestResult executionId="d067568d-97a1-48c6-9840-e26ea76c9aaa" testId="199832f9-d1c4-82b4-6ea8-6f9b106eb51f" testName="TestMoneyGreaterThan_WithDifferentCurrencies" computerName="GARYHALL-PC" duration="00:00:00.0216884" startTime="2010-08-13T14:26:40.6761492+01:00" endTime="2010-08-13T14:26:40.7091510+01:00" testType="13cdc9d9-ddb5-4fa4-a97d-d965ccfc6d4b" outcome="Passed" testListId="8c84fa94-04c1-424b-9868-57a2d4851a1d" relativeResultsDirectory="d067568d-97a1-48c6-9840-e26ea76c9aaa">
    </UnitTestResult>
    <UnitTestResult executionId="757abbe0-7b43-44a5-b145-8a81c5601217" testId="1a59b2a3-9763-e434-f55e-fab57a45e36c" testName="TestCalculateNewBalanceWithDecimalDeposit" computerName="GARYHALL-PC" duration="00:00:05.4821893" startTime="2010-08-13T14:26:40.7251520+01:00" endTime="2010-08-13T14:26:46.2224664+01:00" testType="13cdc9d9-ddb5-4fa4-a97d-d965ccfc6d4b" outcome="Passed" testListId="8c84fa94-04c1-424b-9868-57a2d4851a1d" relativeResultsDirectory="757abbe0-7b43-44a5-b145-8a81c5601217">
    </UnitTestResult>
    <UnitTestResult executionId="0baf5272-a69f-4101-80bc-a2542d126922" testId="24c04acd-26f2-cbd9-bbfa-3094dab94a1b" testName="TestMoneyLessThanOrEqualTo" computerName="GARYHALL-PC" duration="00:00:00.0007355" startTime="2010-08-13T14:26:46.2354671+01:00" endTime="2010-08-13T14:26:46.2504680+01:00" testType="13cdc9d9-ddb5-4fa4-a97d-d965ccfc6d4b" outcome="Passed" testListId="8c84fa94-04c1-424b-9868-57a2d4851a1d" relativeResultsDirectory="0baf5272-a69f-4101-80bc-a2542d126922">
    </UnitTestResult>
    <UnitTestResult executionId="d8a552eb-4080-466c-966c-99af3610fbaf" testId="28f7f648-05a2-44d1-103b-7fd5a2e1924b" testName="TestMoneyGreaterThanOrEqualTo" computerName="GARYHALL-PC" duration="00:00:00.0005017" startTime="2010-08-13T14:26:46.2584684+01:00" endTime="2010-08-13T14:26:46.2704691+01:00" testType="13cdc9d9-ddb5-4fa4-a97d-d965ccfc6d4b" outcome="Passed" testListId="8c84fa94-04c1-424b-9868-57a2d4851a1d" relativeResultsDirectory="d8a552eb-4080-466c-966c-99af3610fbaf">
    </UnitTestResult>
    <UnitTestResult executionId="d70bb625-5af0-4152-9974-e4f9b01a35d5" testId="2cf52dbe-eb7f-1137-b0bc-942374cee146" testName="TestAccountsWithSameNameCannotShareParent" computerName="GARYHALL-PC" duration="00:00:00.0211692" startTime="2010-08-13T14:26:46.2774695+01:00" endTime="2010-08-13T14:26:46.3114715+01:00" testType="13cdc9d9-ddb5-4fa4-a97d-d965ccfc6d4b" outcome="Passed" testListId="8c84fa94-04c1-424b-9868-57a2d4851a1d" relativeResultsDirectory="d70bb625-5af0-4152-9974-e4f9b01a35d5">
    </UnitTestResult>
    <UnitTestResult executionId="eecd848b-5144-4470-b94f-bbee752dcc76" testId="447f6a17-9c3f-29ed-3a8a-ed52d629683f" testName="TestAccountOnlyAppearsOnceInHierarchy" computerName="GARYHALL-PC" duration="00:00:00.0196623" startTime="2010-08-13T14:26:46.3184719+01:00" endTime="2010-08-13T14:26:46.3484736+01:00" testType="13cdc9d9-ddb5-4fa4-a97d-d965ccfc6d4b" outcome="Passed" testListId="8c84fa94-04c1-424b-9868-57a2d4851a1d" relativeResultsDirectory="eecd848b-5144-4470-b94f-bbee752dcc76">
    </UnitTestResult>
    <UnitTestResult executionId="b0f5b75d-0769-40e7-9743-222d008c3eab" testId="4846a8e9-75dc-cada-1387-c372c7702a90" testName="TestRemoveAccount" computerName="GARYHALL-PC" duration="00:00:00.0017104" startTime="2010-08-13T14:26:46.3554740+01:00" endTime="2010-08-13T14:26:46.3704749+01:00" testType="13cdc9d9-ddb5-4fa4-a97d-d965ccfc6d4b" outcome="Passed" testListId="8c84fa94-04c1-424b-9868-57a2d4851a1d" relativeResultsDirectory="b0f5b75d-0769-40e7-9743-222d008c3eab">
    </UnitTestResult>
    <UnitTestResult executionId="3d237a8f-a7ad-4825-8c97-d82969bdc50c" testId="55d7d97b-90da-424d-f7a3-3b4d69b551e8" testName="TestIntegerDivision" computerName="GARYHALL-PC" duration="00:00:00.0005081" startTime="2010-08-13T14:26:46.3774753+01:00" endTime="2010-08-13T14:26:46.3904760+01:00" testType="13cdc9d9-ddb5-4fa4-a97d-d965ccfc6d4b" outcome="Passed" testListId="8c84fa94-04c1-424b-9868-57a2d4851a1d" relativeResultsDirectory="3d237a8f-a7ad-4825-8c97-d82969bdc50c">
    </UnitTestResult>
    <UnitTestResult executionId="301be1cb-6123-48e7-833e-1a7642d8b028" testId="719b99a2-ccd9-d901-c33e-c7ca5b16d735" testName="TestAccountsCannotBeDirectlyCyclical" computerName="GARYHALL-PC" duration="00:00:00.0202843" startTime="2010-08-13T14:26:46.3984765+01:00" endTime="2010-08-13T14:26:46.4314783+01:00" testType="13cdc9d9-ddb5-4fa4-a97d-d965ccfc6d4b" outcome="Passed" testListId="8c84fa94-04c1-424b-9868-57a2d4851a1d" relativeResultsDirectory="301be1cb-6123-48e7-833e-1a7642d8b028">
    </UnitTestResult>
    <UnitTestResult executionId="9d37c9ef-2a42-4a89-ae43-ca2fe4f6c430" testId="76663220-b66f-a344-1b95-70336a50cd79" testName="TestMoneySubtraction" computerName="GARYHALL-PC" duration="00:00:00.0009087" startTime="2010-08-13T14:26:46.4394788+01:00" endTime="2010-08-13T14:26:46.4534796+01:00" testType="13cdc9d9-ddb5-4fa4-a97d-d965ccfc6d4b" outcome="Passed" testListId="8c84fa94-04c1-424b-9868-57a2d4851a1d" relativeResultsDirectory="9d37c9ef-2a42-4a89-ae43-ca2fe4f6c430">
    </UnitTestResult>
    <UnitTestResult executionId="9e4c658e-3141-47e1-9d1a-47989fe08326" testId="78c91968-703b-bff5-6f93-3d07f3ffd761" testName="TestMoneyEquality" computerName="GARYHALL-PC" duration="00:00:00.0005691" startTime="2010-08-13T14:26:46.4624801+01:00" endTime="2010-08-13T14:26:46.4744808+01:00" testType="13cdc9d9-ddb5-4fa4-a97d-d965ccfc6d4b" outcome="Passed" testListId="8c84fa94-04c1-424b-9868-57a2d4851a1d" relativeResultsDirectory="9e4c658e-3141-47e1-9d1a-47989fe08326">
    </UnitTestResult>
    <UnitTestResult executionId="e2544b5b-ea4e-4454-a69a-4d2792ba173a" testId="7de16891-0c69-f9dd-d022-02f5a9c59639" testName="TestMoneySubtraction_WithDifferentCurrencies" computerName="GARYHALL-PC" duration="00:00:00.0011719" startTime="2010-08-13T14:26:46.4824813+01:00" endTime="2010-08-13T14:26:46.5034825+01:00" testType="13cdc9d9-ddb5-4fa4-a97d-d965ccfc6d4b" outcome="Passed" testListId="8c84fa94-04c1-424b-9868-57a2d4851a1d" relativeResultsDirectory="e2544b5b-ea4e-4454-a69a-4d2792ba173a">
    </UnitTestResult>
    <UnitTestResult executionId="fbb8ac8c-fdf5-42c6-92f6-41bb5dead18b" testId="8107676f-e16c-cdfd-b679-3689e4311f36" testName="TestMoneyInequality" computerName="GARYHALL-PC" duration="00:00:00.0004151" startTime="2010-08-13T14:26:46.5104829+01:00" endTime="2010-08-13T14:26:46.5214835+01:00" testType="13cdc9d9-ddb5-4fa4-a97d-d965ccfc6d4b" outcome="Passed" testListId="8c84fa94-04c1-424b-9868-57a2d4851a1d" relativeResultsDirectory="fbb8ac8c-fdf5-42c6-92f6-41bb5dead18b">
    </UnitTestResult>
    <UnitTestResult executionId="8329a25f-bb9d-4eab-ace5-8f3b5cf68f96" testId="84331712-c27b-c50b-772b-5da9c5e5f9ca" testName="TestAccountsCannotBeIndirectlyCyclical" computerName="GARYHALL-PC" duration="00:00:00.0196136" startTime="2010-08-13T14:26:46.5274838+01:00" endTime="2010-08-13T14:26:46.5574856+01:00" testType="13cdc9d9-ddb5-4fa4-a97d-d965ccfc6d4b" outcome="Passed" testListId="8c84fa94-04c1-424b-9868-57a2d4851a1d" relativeResultsDirectory="8329a25f-bb9d-4eab-ace5-8f3b5cf68f96">
    </UnitTestResult>
    <UnitTestResult executionId="c5970677-b8f6-4bf2-bd4b-898eb195412c" testId="871f49a1-e582-cdac-a951-441af8971063" testName="TestMoneyLessThanOrEqualTo_WithDifferentCurrencies" computerName="GARYHALL-PC" duration="00:00:00.0202621" startTime="2010-08-13T14:26:46.5634859+01:00" endTime="2010-08-13T14:26:46.5934876+01:00" testType="13cdc9d9-ddb5-4fa4-a97d-d965ccfc6d4b" outcome="Passed" testListId="8c84fa94-04c1-424b-9868-57a2d4851a1d" relativeResultsDirectory="c5970677-b8f6-4bf2-bd4b-898eb195412c">
    </UnitTestResult>
    <UnitTestResult executionId="49921b1f-5346-4edc-bb06-f36143d6858b" testId="8dcc9c7e-1445-b321-953e-5e9ded9d51f6" testName="TestMoneyAddition_WithDifferentCurrencies" computerName="GARYHALL-PC" duration="00:00:00.0003528" startTime="2010-08-13T14:26:46.5994880+01:00" endTime="2010-08-13T14:26:46.6104886+01:00" testType="13cdc9d9-ddb5-4fa4-a97d-d965ccfc6d4b" outcome="Passed" testListId="8c84fa94-04c1-424b-9868-57a2d4851a1d" relativeResultsDirectory="49921b1f-5346-4edc-bb06-f36143d6858b">
    </UnitTestResult>
    <UnitTestResult executionId="ace7b0b2-00b7-43b0-9783-27145f5aa686" testId="9a8e8d08-2ba9-5e87-0fee-e892910cdbf8" testName="TestCalculateNewBalanceWithDeposit" computerName="GARYHALL-PC" duration="00:00:00.0003835" startTime="2010-08-13T14:26:46.6164889+01:00" endTime="2010-08-13T14:26:46.6274896+01:00" testType="13cdc9d9-ddb5-4fa4-a97d-d965ccfc6d4b" outcome="Passed" testListId="8c84fa94-04c1-424b-9868-57a2d4851a1d" relativeResultsDirectory="ace7b0b2-00b7-43b0-9783-27145f5aa686">
    </UnitTestResult>
    <UnitTestResult executionId="52fc323a-04a5-49b9-9c0d-3f52271e1a15" testId="9b2d885b-a8a7-03c1-299f-d762e20ec0ee" testName="TestDecimalAddition" computerName="GARYHALL-PC" duration="00:00:00.0004868" startTime="2010-08-13T14:26:46.6344900+01:00" endTime="2010-08-13T14:26:46.6454906+01:00" testType="13cdc9d9-ddb5-4fa4-a97d-d965ccfc6d4b" outcome="Passed" testListId="8c84fa94-04c1-424b-9868-57a2d4851a1d" relativeResultsDirectory="52fc323a-04a5-49b9-9c0d-3f52271e1a15">
    </UnitTestResult>
    <UnitTestResult executionId="9c18a9c0-e48e-43c6-b9e4-198497c5112b" testId="a131c1cd-5ebb-f896-bf70-e19826c2755a" testName="TestMoneyGreaterThan" computerName="GARYHALL-PC" duration="00:00:00.0003400" startTime="2010-08-13T14:26:46.6524910+01:00" endTime="2010-08-13T14:26:46.6644917+01:00" testType="13cdc9d9-ddb5-4fa4-a97d-d965ccfc6d4b" outcome="Passed" testListId="8c84fa94-04c1-424b-9868-57a2d4851a1d" relativeResultsDirectory="9c18a9c0-e48e-43c6-b9e4-198497c5112b">
    </UnitTestResult>
    <UnitTestResult executionId="4c10cf26-b4aa-4a5a-ab00-1b59e0216f5f" testId="b1659d28-b526-6c16-48de-69e9c7dcfe18" testName="TestDefaultAccountBalanceIsZero" computerName="GARYHALL-PC" duration="00:00:00.0006476" startTime="2010-08-13T14:26:46.6704920+01:00" endTime="2010-08-13T14:26:46.6824927+01:00" testType="13cdc9d9-ddb5-4fa4-a97d-d965ccfc6d4b" outcome="Passed" testListId="8c84fa94-04c1-424b-9868-57a2d4851a1d" relativeResultsDirectory="4c10cf26-b4aa-4a5a-ab00-1b59e0216f5f">
    </UnitTestResult>
    <UnitTestResult executionId="7e6c5015-ef9f-4f0c-9708-17e3acf06110" testId="b2747cb5-7215-0a6d-5362-1b292dab29c8" testName="TestAddAccount" computerName="GARYHALL-PC" duration="00:00:00.0005085" startTime="2010-08-13T14:26:46.6904932+01:00" endTime="2010-08-13T14:26:46.7034939+01:00" testType="13cdc9d9-ddb5-4fa4-a97d-d965ccfc6d4b" outcome="Passed" testListId="8c84fa94-04c1-424b-9868-57a2d4851a1d" relativeResultsDirectory="7e6c5015-ef9f-4f0c-9708-17e3acf06110">
    </UnitTestResult>
    <UnitTestResult executionId="55321cb8-f191-4a34-af8d-714ff08604cb" testId="c1a50ef4-2314-875b-518e-aabf370704d1" testName="TestMoneyLessThan" computerName="GARYHALL-PC" duration="00:00:00.0003383" startTime="2010-08-13T14:26:46.7124944+01:00" endTime="2010-08-13T14:26:46.7244951+01:00" testType="13cdc9d9-ddb5-4fa4-a97d-d965ccfc6d4b" outcome="Passed" testListId="8c84fa94-04c1-424b-9868-57a2d4851a1d" relativeResultsDirectory="55321cb8-f191-4a34-af8d-714ff08604cb">
    </UnitTestResult>
    <UnitTestResult executionId="e8828a81-0b9d-42a6-ae62-642e21d20886" testId="cf7300a1-3521-5eea-bdb6-deaacc452e6a" testName="TestCalculateNewBalanceWithWithdrawal" computerName="GARYHALL-PC" duration="00:00:00.0004087" startTime="2010-08-13T14:26:46.7314955+01:00" endTime="2010-08-13T14:26:46.7424961+01:00" testType="13cdc9d9-ddb5-4fa4-a97d-d965ccfc6d4b" outcome="Passed" testListId="8c84fa94-04c1-424b-9868-57a2d4851a1d" relativeResultsDirectory="e8828a81-0b9d-42a6-ae62-642e21d20886">
    </UnitTestResult>
    <UnitTestResult executionId="91988056-afe2-4345-96de-21dd1831d2bf" testId="e3259fc0-849f-28fd-20c2-ca89775496f9" testName="TestMoneyGreaterThanOrEqualTo_WithDifferentCurrencies" computerName="GARYHALL-PC" duration="00:00:00.0193551" startTime="2010-08-13T14:26:46.7494965+01:00" endTime="2010-08-13T14:26:46.7794983+01:00" testType="13cdc9d9-ddb5-4fa4-a97d-d965ccfc6d4b" outcome="Passed" testListId="8c84fa94-04c1-424b-9868-57a2d4851a1d" relativeResultsDirectory="91988056-afe2-4345-96de-21dd1831d2bf">
    </UnitTestResult>
    <UnitTestResult executionId="42334e8b-0ff1-43da-9d57-99dec50205ee" testId="ec648528-7639-30f5-a594-aa50e078b4a6" testName="TestDecimalSubtraction" computerName="GARYHALL-PC" duration="00:00:00.0004786" startTime="2010-08-13T14:26:46.7854986+01:00" endTime="2010-08-13T14:26:46.7964992+01:00" testType="13cdc9d9-ddb5-4fa4-a97d-d965ccfc6d4b" outcome="Passed" testListId="8c84fa94-04c1-424b-9868-57a2d4851a1d" relativeResultsDirectory="42334e8b-0ff1-43da-9d57-99dec50205ee">
    </UnitTestResult>
  </Results>
</TestRun>