<?xml version="1.0" encoding="UTF-8"?>
<TestRun id="cdbfb02a-f540-4580-a039-aa1452b5857a" name="Gary Hall@GARYHALL-PC 2010-08-30 18:37:48" runUser="GaryHall-PC\Gary Hall" xmlns="http://microsoft.com/schemas/VisualStudio/TeamTest/2010">
  <TestSettings name="Local" id="e533ef08-9b5d-45f9-9cf4-b65cf17f0508">
    <Description>These are default test settings for a local test run.</Description>
    <Deployment enabled="false" runDeploymentRoot="Gary Hall_GARYHALL-PC 2010-08-30 18_37_48">
      <DeploymentItem filename="D:\Users7\Gary Hall\Development\MyMoney.Model\MyMoney.ViewModel\bin\Debug\MyMoney.ViewModel.dll" />
      <DeploymentItem filename="D:\Users7\Gary Hall\Development\MyMoney.Model\MyMoney.Model\bin\Debug\MyMoney.Model.dll" />
    </Deployment>
    <Execution>
      <TestTypeSpecific />
      <AgentRule name="Execution Agents">
      </AgentRule>
    </Execution>
  </TestSettings>
  <Times creation="2010-08-30T18:37:48.9727046+01:00" queuing="2010-08-30T18:37:52.0868827+01:00" start="2010-08-30T18:37:52.2438917+01:00" finish="2010-08-30T18:38:12.3250402+01:00" />
  <ResultSummary outcome="Error">
    <Counters total="4" executed="4" passed="2" error="0" failed="1" timeout="0" aborted="1" inconclusive="0" passedButRunAborted="0" notRunnable="0" notExecuted="0" disconnected="0" warning="0" completed="0" inProgress="0" pending="0" />
    <RunInfos>
      <RunInfo computerName="GARYHALL-PC" outcome="Error" timestamp="2010-08-30T18:38:12.3230401+01:00">
        <Text>Test host process exited unexpectedly.</Text>
      </RunInfo>
    </RunInfos>
  </ResultSummary>
  <TestDefinitions>
    <UnitTest name="TestNegativeGBPAmount" storage="d:\users7\gary hall\development\mymoney.model\mymoney.viewmodel.test\bin\debug\mymoney.viewmodel.test.dll" id="7525f8c9-a9cc-ce6e-158a-8531bc3dff4c">
      <Execution id="cc78aa79-5418-421c-9ea2-5ddf9adefe3b" />
      <TestMethod codeBase="D:/Users7/Gary Hall/Development/MyMoney.Model/MyMoney.ViewModel.Test/bin/Debug/MyMoney.ViewModel.Test.DLL" adapterTypeName="Microsoft.VisualStudio.TestTools.TestTypes.Unit.UnitTestAdapter, Microsoft.VisualStudio.QualityTools.Tips.UnitTest.Adapter, Version=10.0.0.0, Culture=neutral, PublicKeyToken=b03f5f7f11d50a3a" className="MyMoney.ViewModel.Test.MoneyViewModelTest, MyMoney.ViewModel.Test, Version=1.0.0.0, Culture=neutral, PublicKeyToken=null" name="TestNegativeGBPAmount" />
    </UnitTest>
    <UnitTest name="TestNegativeUSDAmount" storage="d:\users7\gary hall\development\mymoney.model\mymoney.viewmodel.test\bin\debug\mymoney.viewmodel.test.dll" id="52dd4129-b1ee-c209-25fe-1e84cf03a0b4">
      <Execution id="ddeefc80-5f49-417c-ad50-95ab43917f9f" />
      <TestMethod codeBase="D:/Users7/Gary Hall/Development/MyMoney.Model/MyMoney.ViewModel.Test/bin/Debug/MyMoney.ViewModel.Test.DLL" adapterTypeName="Microsoft.VisualStudio.TestTools.TestTypes.Unit.UnitTestAdapter, Microsoft.VisualStudio.QualityTools.Tips.UnitTest.Adapter, Version=10.0.0.0, Culture=neutral, PublicKeyToken=b03f5f7f11d50a3a" className="MyMoney.ViewModel.Test.MoneyViewModelTest, MyMoney.ViewModel.Test, Version=1.0.0.0, Culture=neutral, PublicKeyToken=null" name="TestNegativeUSDAmount" />
    </UnitTest>
    <UnitTest name="TestSimpleGBPAmount" storage="d:\users7\gary hall\development\mymoney.model\mymoney.viewmodel.test\bin\debug\mymoney.viewmodel.test.dll" id="c573a8cc-b339-9d86-475e-c296c732a297">
      <Execution id="6890b85a-020d-4712-8f59-6ab051260b2f" />
      <TestMethod codeBase="D:/Users7/Gary Hall/Development/MyMoney.Model/MyMoney.ViewModel.Test/bin/Debug/MyMoney.ViewModel.Test.DLL" adapterTypeName="Microsoft.VisualStudio.TestTools.TestTypes.Unit.UnitTestAdapter, Microsoft.VisualStudio.QualityTools.Tips.UnitTest.Adapter, Version=10.0.0.0, Culture=neutral, PublicKeyToken=b03f5f7f11d50a3a" className="MyMoney.ViewModel.Test.MoneyViewModelTest, MyMoney.ViewModel.Test, Version=1.0.0.0, Culture=neutral, PublicKeyToken=null" name="TestSimpleGBPAmount" />
    </UnitTest>
    <UnitTest name="TestSimpleUSDAmount" storage="d:\users7\gary hall\development\mymoney.model\mymoney.viewmodel.test\bin\debug\mymoney.viewmodel.test.dll" id="d1513a65-fdf8-872b-22b5-b71e36fa61db">
      <Execution id="2bf24964-ad5b-4461-bf02-d5b9c3c14d76" />
      <TestMethod codeBase="D:/Users7/Gary Hall/Development/MyMoney.Model/MyMoney.ViewModel.Test/bin/Debug/MyMoney.ViewModel.Test.DLL" adapterTypeName="Microsoft.VisualStudio.TestTools.TestTypes.Unit.UnitTestAdapter, Microsoft.VisualStudio.QualityTools.Tips.UnitTest.Adapter, Version=10.0.0.0, Culture=neutral, PublicKeyToken=b03f5f7f11d50a3a" className="MyMoney.ViewModel.Test.MoneyViewModelTest, MyMoney.ViewModel.Test, Version=1.0.0.0, Culture=neutral, PublicKeyToken=null" name="TestSimpleUSDAmount" />
    </UnitTest>
  </TestDefinitions>
  <TestLists>
    <TestList name="Results Not in a List" id="8c84fa94-04c1-424b-9868-57a2d4851a1d" />
    <TestList name="All Loaded Results" id="19431567-8539-422a-85d7-44ee4e166bda" />
  </TestLists>
  <TestEntries>
    <TestEntry testId="52dd4129-b1ee-c209-25fe-1e84cf03a0b4" executionId="ddeefc80-5f49-417c-ad50-95ab43917f9f" testListId="8c84fa94-04c1-424b-9868-57a2d4851a1d" />
    <TestEntry testId="7525f8c9-a9cc-ce6e-158a-8531bc3dff4c" executionId="cc78aa79-5418-421c-9ea2-5ddf9adefe3b" testListId="8c84fa94-04c1-424b-9868-57a2d4851a1d" />
    <TestEntry testId="c573a8cc-b339-9d86-475e-c296c732a297" executionId="6890b85a-020d-4712-8f59-6ab051260b2f" testListId="8c84fa94-04c1-424b-9868-57a2d4851a1d" />
    <TestEntry testId="d1513a65-fdf8-872b-22b5-b71e36fa61db" executionId="2bf24964-ad5b-4461-bf02-d5b9c3c14d76" testListId="8c84fa94-04c1-424b-9868-57a2d4851a1d" />
  </TestEntries>
  <Results>
    <UnitTestResult executionId="ddeefc80-5f49-417c-ad50-95ab43917f9f" testId="52dd4129-b1ee-c209-25fe-1e84cf03a0b4" testName="TestNegativeUSDAmount" computerName="GARYHALL-PC" duration="00:00:06.5150054" startTime="2010-08-30T18:37:52.4119013+01:00" endTime="2010-08-30T18:38:00.1073414+01:00" testType="13cdc9d9-ddb5-4fa4-a97d-d965ccfc6d4b" outcome="Failed" testListId="8c84fa94-04c1-424b-9868-57a2d4851a1d" relativeResultsDirectory="ddeefc80-5f49-417c-ad50-95ab43917f9f">
      <Output>
        <ErrorInfo>
          <Message>Assert.AreEqual failed. Expected:&lt;-$123.45&gt;. Actual:&lt;($123.45)&gt;. </Message>
          <StackTrace>   at MyMoney.ViewModel.Test.MoneyViewModelTest.TestNegativeUSDAmount() in D:\Users7\Gary Hall\Development\MyMoney.Model\MyMoney.ViewModel.Test\MoneyViewModelTest.cs:line 52
</StackTrace>
        </ErrorInfo>
      </Output>
    </UnitTestResult>
    <UnitTestResult executionId="cc78aa79-5418-421c-9ea2-5ddf9adefe3b" testId="7525f8c9-a9cc-ce6e-158a-8531bc3dff4c" testName="TestNegativeGBPAmount" computerName="GARYHALL-PC" duration="00:00:06.3894792" startTime="2010-08-30T18:38:00.1353430+01:00" endTime="2010-08-30T18:38:06.6057131+01:00" testType="13cdc9d9-ddb5-4fa4-a97d-d965ccfc6d4b" outcome="Passed" testListId="8c84fa94-04c1-424b-9868-57a2d4851a1d" relativeResultsDirectory="cc78aa79-5418-421c-9ea2-5ddf9adefe3b">
    </UnitTestResult>
    <UnitTestResult executionId="6890b85a-020d-4712-8f59-6ab051260b2f" testId="c573a8cc-b339-9d86-475e-c296c732a297" testName="TestSimpleGBPAmount" computerName="GARYHALL-PC" duration="00:00:02.3369939" startTime="2010-08-30T18:38:06.6177138+01:00" endTime="2010-08-30T18:38:09.0348521+01:00" testType="13cdc9d9-ddb5-4fa4-a97d-d965ccfc6d4b" outcome="Passed" testListId="8c84fa94-04c1-424b-9868-57a2d4851a1d" relativeResultsDirectory="6890b85a-020d-4712-8f59-6ab051260b2f">
    </UnitTestResult>
    <UnitTestResult executionId="2bf24964-ad5b-4461-bf02-d5b9c3c14d76" testId="d1513a65-fdf8-872b-22b5-b71e36fa61db" testName="TestSimpleUSDAmount" computerName="GARYHALL-PC" duration="00:00:03.2771874" startTime="2010-08-30T18:38:09.0478528+01:00" endTime="2010-08-30T18:38:12.3250402+01:00" testType="13cdc9d9-ddb5-4fa4-a97d-d965ccfc6d4b" outcome="Aborted" testListId="8c84fa94-04c1-424b-9868-57a2d4851a1d" relativeResultsDirectory="2bf24964-ad5b-4461-bf02-d5b9c3c14d76">
    </UnitTestResult>
  </Results>
</TestRun>